CRITICAL - 2021-02-24 00:28:08 --> mkdir(): No such file or directory
#0 [internal function]: CodeIgniter\Debug\Exceptions->errorHandler(2, 'mkdir(): No suc...', 'C:\\xampp\\htdocs...', 212, Array)
#1 C:\xampp\htdocs\cbms\vendor\codeigniter4\framework\system\HTTP\Files\UploadedFile.php(212): mkdir('C:\\xampp\\htdocs...', 511, true)
#2 C:\xampp\htdocs\cbms\vendor\codeigniter4\framework\system\HTTP\Files\UploadedFile.php(163): CodeIgniter\HTTP\Files\UploadedFile->setPath('C:\\xampp\\htdocs...')
#3 C:\xampp\htdocs\cbms\app\Controllers\Dashboard.php(128): CodeIgniter\HTTP\Files\UploadedFile->move('C:\\xampp\\htdocs...')
#4 C:\xampp\htdocs\cbms\vendor\codeigniter4\framework\system\CodeIgniter.php(910): App\Controllers\Dashboard->upload()
#5 C:\xampp\htdocs\cbms\vendor\codeigniter4\framework\system\CodeIgniter.php(398): CodeIgniter\CodeIgniter->runController(Object(App\Controllers\Dashboard))
#6 C:\xampp\htdocs\cbms\vendor\codeigniter4\framework\system\CodeIgniter.php(306): CodeIgniter\CodeIgniter->handleRequest(NULL, Object(Config\Cache), false)
#7 C:\xampp\htdocs\cbms\public\index.php(45): CodeIgniter\CodeIgniter->run()
#8 C:\xampp\htdocs\cbms\vendor\codeigniter4\framework\system\Commands\Server\rewrite.php(34): require_once('C:\\xampp\\htdocs...')
#9 {main}
CRITICAL - 2021-02-24 00:28:45 --> mkdir(): Not a directory
#0 [internal function]: CodeIgniter\Debug\Exceptions->errorHandler(2, 'mkdir(): Not a ...', 'C:\\xampp\\htdocs...', 212, Array)
#1 C:\xampp\htdocs\cbms\vendor\codeigniter4\framework\system\HTTP\Files\UploadedFile.php(212): mkdir('C:\\xampp\\htdocs...', 511, true)
#2 C:\xampp\htdocs\cbms\vendor\codeigniter4\framework\system\HTTP\Files\UploadedFile.php(163): CodeIgniter\HTTP\Files\UploadedFile->setPath('C:\\xampp\\htdocs...')
#3 C:\xampp\htdocs\cbms\app\Controllers\Dashboard.php(128): CodeIgniter\HTTP\Files\UploadedFile->move('C:\\xampp\\htdocs...')
#4 C:\xampp\htdocs\cbms\vendor\codeigniter4\framework\system\CodeIgniter.php(910): App\Controllers\Dashboard->upload()
#5 C:\xampp\htdocs\cbms\vendor\codeigniter4\framework\system\CodeIgniter.php(398): CodeIgniter\CodeIgniter->runController(Object(App\Controllers\Dashboard))
#6 C:\xampp\htdocs\cbms\vendor\codeigniter4\framework\system\CodeIgniter.php(306): CodeIgniter\CodeIgniter->handleRequest(NULL, Object(Config\Cache), false)
#7 C:\xampp\htdocs\cbms\public\index.php(45): CodeIgniter\CodeIgniter->run()
#8 C:\xampp\htdocs\cbms\vendor\codeigniter4\framework\system\Commands\Server\rewrite.php(34): require_once('C:\\xampp\\htdocs...')
#9 {main}
CRITICAL - 2021-02-24 00:31:00 --> mkdir(): No such file or directory
#0 [internal function]: CodeIgniter\Debug\Exceptions->errorHandler(2, 'mkdir(): No suc...', 'C:\\xampp\\htdocs...', 212, Array)
#1 C:\xampp\htdocs\cbms\vendor\codeigniter4\framework\system\HTTP\Files\UploadedFile.php(212): mkdir('C:\\xampp\\htdocs...', 511, true)
#2 C:\xampp\htdocs\cbms\vendor\codeigniter4\framework\system\HTTP\Files\UploadedFile.php(163): CodeIgniter\HTTP\Files\UploadedFile->setPath('C:\\xampp\\htdocs...')
#3 C:\xampp\htdocs\cbms\app\Controllers\Dashboard.php(128): CodeIgniter\HTTP\Files\UploadedFile->move('C:\\xampp\\htdocs...')
#4 C:\xampp\htdocs\cbms\vendor\codeigniter4\framework\system\CodeIgniter.php(910): App\Controllers\Dashboard->upload()
#5 C:\xampp\htdocs\cbms\vendor\codeigniter4\framework\system\CodeIgniter.php(398): CodeIgniter\CodeIgniter->runController(Object(App\Controllers\Dashboard))
#6 C:\xampp\htdocs\cbms\vendor\codeigniter4\framework\system\CodeIgniter.php(306): CodeIgniter\CodeIgniter->handleRequest(NULL, Object(Config\Cache), false)
#7 C:\xampp\htdocs\cbms\public\index.php(45): CodeIgniter\CodeIgniter->run()
#8 C:\xampp\htdocs\cbms\vendor\codeigniter4\framework\system\Commands\Server\rewrite.php(34): require_once('C:\\xampp\\htdocs...')
#9 {main}
CRITICAL - 2021-02-24 00:31:22 --> mkdir(): No such file or directory
#0 [internal function]: CodeIgniter\Debug\Exceptions->errorHandler(2, 'mkdir(): No suc...', 'C:\\xampp\\htdocs...', 212, Array)
#1 C:\xampp\htdocs\cbms\vendor\codeigniter4\framework\system\HTTP\Files\UploadedFile.php(212): mkdir('C:\\xampp\\htdocs...', 511, true)
#2 C:\xampp\htdocs\cbms\vendor\codeigniter4\framework\system\HTTP\Files\UploadedFile.php(163): CodeIgniter\HTTP\Files\UploadedFile->setPath('C:\\xampp\\htdocs...')
#3 C:\xampp\htdocs\cbms\app\Controllers\Dashboard.php(128): CodeIgniter\HTTP\Files\UploadedFile->move('C:\\xampp\\htdocs...')
#4 C:\xampp\htdocs\cbms\vendor\codeigniter4\framework\system\CodeIgniter.php(910): App\Controllers\Dashboard->upload()
#5 C:\xampp\htdocs\cbms\vendor\codeigniter4\framework\system\CodeIgniter.php(398): CodeIgniter\CodeIgniter->runController(Object(App\Controllers\Dashboard))
#6 C:\xampp\htdocs\cbms\vendor\codeigniter4\framework\system\CodeIgniter.php(306): CodeIgniter\CodeIgniter->handleRequest(NULL, Object(Config\Cache), false)
#7 C:\xampp\htdocs\cbms\public\index.php(45): CodeIgniter\CodeIgniter->run()
#8 C:\xampp\htdocs\cbms\vendor\codeigniter4\framework\system\Commands\Server\rewrite.php(34): require_once('C:\\xampp\\htdocs...')
#9 {main}
CRITICAL - 2021-02-24 00:35:34 --> Undefined property: App\Controllers\Personnel::$output
#0 C:\xampp\htdocs\cbms\app\Controllers\Personnel.php(147): CodeIgniter\Debug\Exceptions->errorHandler(8, 'Undefined prope...', 'C:\\xampp\\htdocs...', 147, Array)
#1 C:\xampp\htdocs\cbms\vendor\codeigniter4\framework\system\CodeIgniter.php(910): App\Controllers\Personnel->login()
#2 C:\xampp\htdocs\cbms\vendor\codeigniter4\framework\system\CodeIgniter.php(398): CodeIgniter\CodeIgniter->runController(Object(App\Controllers\Personnel))
#3 C:\xampp\htdocs\cbms\vendor\codeigniter4\framework\system\CodeIgniter.php(306): CodeIgniter\CodeIgniter->handleRequest(NULL, Object(Config\Cache), false)
#4 C:\xampp\htdocs\cbms\public\index.php(45): CodeIgniter\CodeIgniter->run()
#5 C:\xampp\htdocs\cbms\vendor\codeigniter4\framework\system\Commands\Server\rewrite.php(34): require_once('C:\\xampp\\htdocs...')
#6 {main}
CRITICAL - 2021-02-24 00:35:54 --> mkdir(): No such file or directory
#0 [internal function]: CodeIgniter\Debug\Exceptions->errorHandler(2, 'mkdir(): No suc...', 'C:\\xampp\\htdocs...', 212, Array)
#1 C:\xampp\htdocs\cbms\vendor\codeigniter4\framework\system\HTTP\Files\UploadedFile.php(212): mkdir('C:\\xampp\\htdocs...', 511, true)
#2 C:\xampp\htdocs\cbms\vendor\codeigniter4\framework\system\HTTP\Files\UploadedFile.php(163): CodeIgniter\HTTP\Files\UploadedFile->setPath('C:\\xampp\\htdocs...')
#3 C:\xampp\htdocs\cbms\app\Controllers\Dashboard.php(128): CodeIgniter\HTTP\Files\UploadedFile->move('C:\\xampp\\htdocs...')
#4 C:\xampp\htdocs\cbms\vendor\codeigniter4\framework\system\CodeIgniter.php(910): App\Controllers\Dashboard->upload()
#5 C:\xampp\htdocs\cbms\vendor\codeigniter4\framework\system\CodeIgniter.php(398): CodeIgniter\CodeIgniter->runController(Object(App\Controllers\Dashboard))
#6 C:\xampp\htdocs\cbms\vendor\codeigniter4\framework\system\CodeIgniter.php(306): CodeIgniter\CodeIgniter->handleRequest(NULL, Object(Config\Cache), false)
#7 C:\xampp\htdocs\cbms\public\index.php(45): CodeIgniter\CodeIgniter->run()
#8 C:\xampp\htdocs\cbms\vendor\codeigniter4\framework\system\Commands\Server\rewrite.php(34): require_once('C:\\xampp\\htdocs...')
#9 {main}
CRITICAL - 2021-02-24 00:42:58 --> fopen(http://localhost:8080/assetsindex.html): failed to open stream: HTTP wrapper does not support writeable connections
#0 [internal function]: CodeIgniter\Debug\Exceptions->errorHandler(2, 'fopen(http://lo...', 'C:\\xampp\\htdocs...', 216, Array)
#1 C:\xampp\htdocs\cbms\vendor\codeigniter4\framework\system\HTTP\Files\UploadedFile.php(216): fopen('http://localhos...', 'x+')
#2 C:\xampp\htdocs\cbms\vendor\codeigniter4\framework\system\HTTP\Files\UploadedFile.php(163): CodeIgniter\HTTP\Files\UploadedFile->setPath('http://localhos...')
#3 C:\xampp\htdocs\cbms\app\Controllers\Dashboard.php(128): CodeIgniter\HTTP\Files\UploadedFile->move('http://localhos...')
#4 C:\xampp\htdocs\cbms\vendor\codeigniter4\framework\system\CodeIgniter.php(910): App\Controllers\Dashboard->upload()
#5 C:\xampp\htdocs\cbms\vendor\codeigniter4\framework\system\CodeIgniter.php(398): CodeIgniter\CodeIgniter->runController(Object(App\Controllers\Dashboard))
#6 C:\xampp\htdocs\cbms\vendor\codeigniter4\framework\system\CodeIgniter.php(306): CodeIgniter\CodeIgniter->handleRequest(NULL, Object(Config\Cache), false)
#7 C:\xampp\htdocs\cbms\public\index.php(45): CodeIgniter\CodeIgniter->run()
#8 C:\xampp\htdocs\cbms\vendor\codeigniter4\framework\system\Commands\Server\rewrite.php(34): require_once('C:\\xampp\\htdocs...')
#9 {main}
CRITICAL - 2021-02-24 00:48:08 --> fopen(http://localhost:8080/assets/imgindex.html): failed to open stream: HTTP wrapper does not support writeable connections
#0 [internal function]: CodeIgniter\Debug\Exceptions->errorHandler(2, 'fopen(http://lo...', 'C:\\xampp\\htdocs...', 216, Array)
#1 C:\xampp\htdocs\cbms\vendor\codeigniter4\framework\system\HTTP\Files\UploadedFile.php(216): fopen('http://localhos...', 'x+')
#2 C:\xampp\htdocs\cbms\vendor\codeigniter4\framework\system\HTTP\Files\UploadedFile.php(163): CodeIgniter\HTTP\Files\UploadedFile->setPath('http://localhos...')
#3 C:\xampp\htdocs\cbms\app\Controllers\Dashboard.php(128): CodeIgniter\HTTP\Files\UploadedFile->move('http://localhos...')
#4 C:\xampp\htdocs\cbms\vendor\codeigniter4\framework\system\CodeIgniter.php(910): App\Controllers\Dashboard->upload()
#5 C:\xampp\htdocs\cbms\vendor\codeigniter4\framework\system\CodeIgniter.php(398): CodeIgniter\CodeIgniter->runController(Object(App\Controllers\Dashboard))
#6 C:\xampp\htdocs\cbms\vendor\codeigniter4\framework\system\CodeIgniter.php(306): CodeIgniter\CodeIgniter->handleRequest(NULL, Object(Config\Cache), false)
#7 C:\xampp\htdocs\cbms\public\index.php(45): CodeIgniter\CodeIgniter->run()
#8 C:\xampp\htdocs\cbms\vendor\codeigniter4\framework\system\Commands\Server\rewrite.php(34): require_once('C:\\xampp\\htdocs...')
#9 {main}
CRITICAL - 2021-02-24 00:54:43 --> Undefined variable: file
#0 C:\xampp\htdocs\cbms\app\Views\dashboard\dashboard.php(150): CodeIgniter\Debug\Exceptions->errorHandler(8, 'Undefined varia...', 'C:\\xampp\\htdocs...', 150, Array)
#1 C:\xampp\htdocs\cbms\vendor\codeigniter4\framework\system\View\View.php(236): include('C:\\xampp\\htdocs...')
#2 C:\xampp\htdocs\cbms\vendor\codeigniter4\framework\system\Common.php(1071): CodeIgniter\View\View->render('dashboard/dashb...', Array, true)
#3 C:\xampp\htdocs\cbms\app\Controllers\Dashboard.php(29): view('dashboard/dashb...', Array)
#4 C:\xampp\htdocs\cbms\vendor\codeigniter4\framework\system\CodeIgniter.php(910): App\Controllers\Dashboard->index()
#5 C:\xampp\htdocs\cbms\vendor\codeigniter4\framework\system\CodeIgniter.php(398): CodeIgniter\CodeIgniter->runController(Object(App\Controllers\Dashboard))
#6 C:\xampp\htdocs\cbms\vendor\codeigniter4\framework\system\CodeIgniter.php(306): CodeIgniter\CodeIgniter->handleRequest(NULL, Object(Config\Cache), false)
#7 C:\xampp\htdocs\cbms\public\index.php(45): CodeIgniter\CodeIgniter->run()
#8 C:\xampp\htdocs\cbms\vendor\codeigniter4\framework\system\Commands\Server\rewrite.php(34): require_once('C:\\xampp\\htdocs...')
#9 {main}
CRITICAL - 2021-02-24 00:55:21 --> Undefined variable: file
#0 C:\xampp\htdocs\cbms\app\Views\dashboard\dashboard.php(150): CodeIgniter\Debug\Exceptions->errorHandler(8, 'Undefined varia...', 'C:\\xampp\\htdocs...', 150, Array)
#1 C:\xampp\htdocs\cbms\vendor\codeigniter4\framework\system\View\View.php(236): include('C:\\xampp\\htdocs...')
#2 C:\xampp\htdocs\cbms\vendor\codeigniter4\framework\system\Common.php(1071): CodeIgniter\View\View->render('dashboard/dashb...', Array, true)
#3 C:\xampp\htdocs\cbms\app\Controllers\Dashboard.php(29): view('dashboard/dashb...', Array)
#4 C:\xampp\htdocs\cbms\vendor\codeigniter4\framework\system\CodeIgniter.php(910): App\Controllers\Dashboard->index()
#5 C:\xampp\htdocs\cbms\vendor\codeigniter4\framework\system\CodeIgniter.php(398): CodeIgniter\CodeIgniter->runController(Object(App\Controllers\Dashboard))
#6 C:\xampp\htdocs\cbms\vendor\codeigniter4\framework\system\CodeIgniter.php(306): CodeIgniter\CodeIgniter->handleRequest(NULL, Object(Config\Cache), false)
#7 C:\xampp\htdocs\cbms\public\index.php(45): CodeIgniter\CodeIgniter->run()
#8 C:\xampp\htdocs\cbms\vendor\codeigniter4\framework\system\Commands\Server\rewrite.php(34): require_once('C:\\xampp\\htdocs...')
#9 {main}
CRITICAL - 2021-02-24 00:55:23 --> Undefined variable: file
#0 C:\xampp\htdocs\cbms\app\Views\dashboard\dashboard.php(150): CodeIgniter\Debug\Exceptions->errorHandler(8, 'Undefined varia...', 'C:\\xampp\\htdocs...', 150, Array)
#1 C:\xampp\htdocs\cbms\vendor\codeigniter4\framework\system\View\View.php(236): include('C:\\xampp\\htdocs...')
#2 C:\xampp\htdocs\cbms\vendor\codeigniter4\framework\system\Common.php(1071): CodeIgniter\View\View->render('dashboard/dashb...', Array, true)
#3 C:\xampp\htdocs\cbms\app\Controllers\Dashboard.php(29): view('dashboard/dashb...', Array)
#4 C:\xampp\htdocs\cbms\vendor\codeigniter4\framework\system\CodeIgniter.php(910): App\Controllers\Dashboard->index()
#5 C:\xampp\htdocs\cbms\vendor\codeigniter4\framework\system\CodeIgniter.php(398): CodeIgniter\CodeIgniter->runController(Object(App\Controllers\Dashboard))
#6 C:\xampp\htdocs\cbms\vendor\codeigniter4\framework\system\CodeIgniter.php(306): CodeIgniter\CodeIgniter->handleRequest(NULL, Object(Config\Cache), false)
#7 C:\xampp\htdocs\cbms\public\index.php(45): CodeIgniter\CodeIgniter->run()
#8 C:\xampp\htdocs\cbms\vendor\codeigniter4\framework\system\Commands\Server\rewrite.php(34): require_once('C:\\xampp\\htdocs...')
#9 {main}
CRITICAL - 2021-02-24 00:55:24 --> Undefined variable: file
#0 C:\xampp\htdocs\cbms\app\Views\dashboard\dashboard.php(150): CodeIgniter\Debug\Exceptions->errorHandler(8, 'Undefined varia...', 'C:\\xampp\\htdocs...', 150, Array)
#1 C:\xampp\htdocs\cbms\vendor\codeigniter4\framework\system\View\View.php(236): include('C:\\xampp\\htdocs...')
#2 C:\xampp\htdocs\cbms\vendor\codeigniter4\framework\system\Common.php(1071): CodeIgniter\View\View->render('dashboard/dashb...', Array, true)
#3 C:\xampp\htdocs\cbms\app\Controllers\Dashboard.php(29): view('dashboard/dashb...', Array)
#4 C:\xampp\htdocs\cbms\vendor\codeigniter4\framework\system\CodeIgniter.php(910): App\Controllers\Dashboard->index()
#5 C:\xampp\htdocs\cbms\vendor\codeigniter4\framework\system\CodeIgniter.php(398): CodeIgniter\CodeIgniter->runController(Object(App\Controllers\Dashboard))
#6 C:\xampp\htdocs\cbms\vendor\codeigniter4\framework\system\CodeIgniter.php(306): CodeIgniter\CodeIgniter->handleRequest(NULL, Object(Config\Cache), false)
#7 C:\xampp\htdocs\cbms\public\index.php(45): CodeIgniter\CodeIgniter->run()
#8 C:\xampp\htdocs\cbms\vendor\codeigniter4\framework\system\Commands\Server\rewrite.php(34): require_once('C:\\xampp\\htdocs...')
#9 {main}
CRITICAL - 2021-02-24 00:56:42 --> Undefined variable: path
#0 C:\xampp\htdocs\cbms\app\Views\dashboard\dashboard.php(151): CodeIgniter\Debug\Exceptions->errorHandler(8, 'Undefined varia...', 'C:\\xampp\\htdocs...', 151, Array)
#1 C:\xampp\htdocs\cbms\vendor\codeigniter4\framework\system\View\View.php(236): include('C:\\xampp\\htdocs...')
#2 C:\xampp\htdocs\cbms\vendor\codeigniter4\framework\system\Common.php(1071): CodeIgniter\View\View->render('dashboard/dashb...', Array, true)
#3 C:\xampp\htdocs\cbms\app\Controllers\Dashboard.php(29): view('dashboard/dashb...', Array)
#4 C:\xampp\htdocs\cbms\vendor\codeigniter4\framework\system\CodeIgniter.php(910): App\Controllers\Dashboard->index()
#5 C:\xampp\htdocs\cbms\vendor\codeigniter4\framework\system\CodeIgniter.php(398): CodeIgniter\CodeIgniter->runController(Object(App\Controllers\Dashboard))
#6 C:\xampp\htdocs\cbms\vendor\codeigniter4\framework\system\CodeIgniter.php(306): CodeIgniter\CodeIgniter->handleRequest(NULL, Object(Config\Cache), false)
#7 C:\xampp\htdocs\cbms\public\index.php(45): CodeIgniter\CodeIgniter->run()
#8 C:\xampp\htdocs\cbms\vendor\codeigniter4\framework\system\Commands\Server\rewrite.php(34): require_once('C:\\xampp\\htdocs...')
#9 {main}
CRITICAL - 2021-02-24 00:56:43 --> Undefined variable: path
#0 C:\xampp\htdocs\cbms\app\Views\dashboard\dashboard.php(151): CodeIgniter\Debug\Exceptions->errorHandler(8, 'Undefined varia...', 'C:\\xampp\\htdocs...', 151, Array)
#1 C:\xampp\htdocs\cbms\vendor\codeigniter4\framework\system\View\View.php(236): include('C:\\xampp\\htdocs...')
#2 C:\xampp\htdocs\cbms\vendor\codeigniter4\framework\system\Common.php(1071): CodeIgniter\View\View->render('dashboard/dashb...', Array, true)
#3 C:\xampp\htdocs\cbms\app\Controllers\Dashboard.php(29): view('dashboard/dashb...', Array)
#4 C:\xampp\htdocs\cbms\vendor\codeigniter4\framework\system\CodeIgniter.php(910): App\Controllers\Dashboard->index()
#5 C:\xampp\htdocs\cbms\vendor\codeigniter4\framework\system\CodeIgniter.php(398): CodeIgniter\CodeIgniter->runController(Object(App\Controllers\Dashboard))
#6 C:\xampp\htdocs\cbms\vendor\codeigniter4\framework\system\CodeIgniter.php(306): CodeIgniter\CodeIgniter->handleRequest(NULL, Object(Config\Cache), false)
#7 C:\xampp\htdocs\cbms\public\index.php(45): CodeIgniter\CodeIgniter->run()
#8 C:\xampp\htdocs\cbms\vendor\codeigniter4\framework\system\Commands\Server\rewrite.php(34): require_once('C:\\xampp\\htdocs...')
#9 {main}
CRITICAL - 2021-02-24 02:33:20 --> Too few arguments to function App\Controllers\Dashboard::upload(), 0 passed in C:\xampp\htdocs\cbms\vendor\codeigniter4\framework\system\CodeIgniter.php on line 910 and exactly 1 expected
#0 C:\xampp\htdocs\cbms\vendor\codeigniter4\framework\system\CodeIgniter.php(910): App\Controllers\Dashboard->upload()
#1 C:\xampp\htdocs\cbms\vendor\codeigniter4\framework\system\CodeIgniter.php(398): CodeIgniter\CodeIgniter->runController(Object(App\Controllers\Dashboard))
#2 C:\xampp\htdocs\cbms\vendor\codeigniter4\framework\system\CodeIgniter.php(306): CodeIgniter\CodeIgniter->handleRequest(NULL, Object(Config\Cache), false)
#3 C:\xampp\htdocs\cbms\public\index.php(45): CodeIgniter\CodeIgniter->run()
#4 C:\xampp\htdocs\cbms\vendor\codeigniter4\framework\system\Commands\Server\rewrite.php(34): require_once('C:\\xampp\\htdocs...')
#5 {main}
CRITICAL - 2021-02-24 02:40:33 --> Undefined variable: input
#0 C:\xampp\htdocs\cbms\app\Controllers\Dashboard.php(128): CodeIgniter\Debug\Exceptions->errorHandler(8, 'Undefined varia...', 'C:\\xampp\\htdocs...', 128, Array)
#1 C:\xampp\htdocs\cbms\vendor\codeigniter4\framework\system\CodeIgniter.php(910): App\Controllers\Dashboard->upload()
#2 C:\xampp\htdocs\cbms\vendor\codeigniter4\framework\system\CodeIgniter.php(398): CodeIgniter\CodeIgniter->runController(Object(App\Controllers\Dashboard))
#3 C:\xampp\htdocs\cbms\vendor\codeigniter4\framework\system\CodeIgniter.php(306): CodeIgniter\CodeIgniter->handleRequest(NULL, Object(Config\Cache), false)
#4 C:\xampp\htdocs\cbms\public\index.php(45): CodeIgniter\CodeIgniter->run()
#5 C:\xampp\htdocs\cbms\vendor\codeigniter4\framework\system\Commands\Server\rewrite.php(34): require_once('C:\\xampp\\htdocs...')
#6 {main}
CRITICAL - 2021-02-24 02:41:09 --> Call to a member function move() on null
#0 C:\xampp\htdocs\cbms\vendor\codeigniter4\framework\system\CodeIgniter.php(910): App\Controllers\Dashboard->upload()
#1 C:\xampp\htdocs\cbms\vendor\codeigniter4\framework\system\CodeIgniter.php(398): CodeIgniter\CodeIgniter->runController(Object(App\Controllers\Dashboard))
#2 C:\xampp\htdocs\cbms\vendor\codeigniter4\framework\system\CodeIgniter.php(306): CodeIgniter\CodeIgniter->handleRequest(NULL, Object(Config\Cache), false)
#3 C:\xampp\htdocs\cbms\public\index.php(45): CodeIgniter\CodeIgniter->run()
#4 C:\xampp\htdocs\cbms\vendor\codeigniter4\framework\system\Commands\Server\rewrite.php(34): require_once('C:\\xampp\\htdocs...')
#5 {main}
CRITICAL - 2021-02-24 02:51:36 --> Undefined property: App\Controllers\Dashboard::$output
#0 C:\xampp\htdocs\cbms\app\Controllers\Dashboard.php(129): CodeIgniter\Debug\Exceptions->errorHandler(8, 'Undefined prope...', 'C:\\xampp\\htdocs...', 129, Array)
#1 C:\xampp\htdocs\cbms\vendor\codeigniter4\framework\system\CodeIgniter.php(910): App\Controllers\Dashboard->upload()
#2 C:\xampp\htdocs\cbms\vendor\codeigniter4\framework\system\CodeIgniter.php(398): CodeIgniter\CodeIgniter->runController(Object(App\Controllers\Dashboard))
#3 C:\xampp\htdocs\cbms\vendor\codeigniter4\framework\system\CodeIgniter.php(306): CodeIgniter\CodeIgniter->handleRequest(NULL, Object(Config\Cache), false)
#4 C:\xampp\htdocs\cbms\public\index.php(45): CodeIgniter\CodeIgniter->run()
#5 C:\xampp\htdocs\cbms\vendor\codeigniter4\framework\system\Commands\Server\rewrite.php(34): require_once('C:\\xampp\\htdocs...')
#6 {main}
CRITICAL - 2021-02-24 02:51:39 --> Undefined property: App\Controllers\Dashboard::$output
#0 C:\xampp\htdocs\cbms\app\Controllers\Dashboard.php(129): CodeIgniter\Debug\Exceptions->errorHandler(8, 'Undefined prope...', 'C:\\xampp\\htdocs...', 129, Array)
#1 C:\xampp\htdocs\cbms\vendor\codeigniter4\framework\system\CodeIgniter.php(910): App\Controllers\Dashboard->upload()
#2 C:\xampp\htdocs\cbms\vendor\codeigniter4\framework\system\CodeIgniter.php(398): CodeIgniter\CodeIgniter->runController(Object(App\Controllers\Dashboard))
#3 C:\xampp\htdocs\cbms\vendor\codeigniter4\framework\system\CodeIgniter.php(306): CodeIgniter\CodeIgniter->handleRequest(NULL, Object(Config\Cache), false)
#4 C:\xampp\htdocs\cbms\public\index.php(45): CodeIgniter\CodeIgniter->run()
#5 C:\xampp\htdocs\cbms\vendor\codeigniter4\framework\system\Commands\Server\rewrite.php(34): require_once('C:\\xampp\\htdocs...')
#6 {main}
CRITICAL - 2021-02-24 02:51:41 --> Undefined property: App\Controllers\Dashboard::$output
#0 C:\xampp\htdocs\cbms\app\Controllers\Dashboard.php(129): CodeIgniter\Debug\Exceptions->errorHandler(8, 'Undefined prope...', 'C:\\xampp\\htdocs...', 129, Array)
#1 C:\xampp\htdocs\cbms\vendor\codeigniter4\framework\system\CodeIgniter.php(910): App\Controllers\Dashboard->upload()
#2 C:\xampp\htdocs\cbms\vendor\codeigniter4\framework\system\CodeIgniter.php(398): CodeIgniter\CodeIgniter->runController(Object(App\Controllers\Dashboard))
#3 C:\xampp\htdocs\cbms\vendor\codeigniter4\framework\system\CodeIgniter.php(306): CodeIgniter\CodeIgniter->handleRequest(NULL, Object(Config\Cache), false)
#4 C:\xampp\htdocs\cbms\public\index.php(45): CodeIgniter\CodeIgniter->run()
#5 C:\xampp\htdocs\cbms\vendor\codeigniter4\framework\system\Commands\Server\rewrite.php(34): require_once('C:\\xampp\\htdocs...')
#6 {main}
CRITICAL - 2021-02-24 02:51:43 --> Undefined property: App\Controllers\Dashboard::$output
#0 C:\xampp\htdocs\cbms\app\Controllers\Dashboard.php(129): CodeIgniter\Debug\Exceptions->errorHandler(8, 'Undefined prope...', 'C:\\xampp\\htdocs...', 129, Array)
#1 C:\xampp\htdocs\cbms\vendor\codeigniter4\framework\system\CodeIgniter.php(910): App\Controllers\Dashboard->upload()
#2 C:\xampp\htdocs\cbms\vendor\codeigniter4\framework\system\CodeIgniter.php(398): CodeIgniter\CodeIgniter->runController(Object(App\Controllers\Dashboard))
#3 C:\xampp\htdocs\cbms\vendor\codeigniter4\framework\system\CodeIgniter.php(306): CodeIgniter\CodeIgniter->handleRequest(NULL, Object(Config\Cache), false)
#4 C:\xampp\htdocs\cbms\public\index.php(45): CodeIgniter\CodeIgniter->run()
#5 C:\xampp\htdocs\cbms\vendor\codeigniter4\framework\system\Commands\Server\rewrite.php(34): require_once('C:\\xampp\\htdocs...')
#6 {main}
CRITICAL - 2021-02-24 02:54:53 --> Undefined property: App\Controllers\Dashboard::$output
#0 C:\xampp\htdocs\cbms\app\Controllers\Dashboard.php(129): CodeIgniter\Debug\Exceptions->errorHandler(8, 'Undefined prope...', 'C:\\xampp\\htdocs...', 129, Array)
#1 C:\xampp\htdocs\cbms\vendor\codeigniter4\framework\system\CodeIgniter.php(910): App\Controllers\Dashboard->upload()
#2 C:\xampp\htdocs\cbms\vendor\codeigniter4\framework\system\CodeIgniter.php(398): CodeIgniter\CodeIgniter->runController(Object(App\Controllers\Dashboard))
#3 C:\xampp\htdocs\cbms\vendor\codeigniter4\framework\system\CodeIgniter.php(306): CodeIgniter\CodeIgniter->handleRequest(NULL, Object(Config\Cache), false)
#4 C:\xampp\htdocs\cbms\public\index.php(45): CodeIgniter\CodeIgniter->run()
#5 C:\xampp\htdocs\cbms\vendor\codeigniter4\framework\system\Commands\Server\rewrite.php(34): require_once('C:\\xampp\\htdocs...')
#6 {main}
CRITICAL - 2021-02-24 02:55:00 --> Undefined property: App\Controllers\Dashboard::$output
#0 C:\xampp\htdocs\cbms\app\Controllers\Dashboard.php(129): CodeIgniter\Debug\Exceptions->errorHandler(8, 'Undefined prope...', 'C:\\xampp\\htdocs...', 129, Array)
#1 C:\xampp\htdocs\cbms\vendor\codeigniter4\framework\system\CodeIgniter.php(910): App\Controllers\Dashboard->upload()
#2 C:\xampp\htdocs\cbms\vendor\codeigniter4\framework\system\CodeIgniter.php(398): CodeIgniter\CodeIgniter->runController(Object(App\Controllers\Dashboard))
#3 C:\xampp\htdocs\cbms\vendor\codeigniter4\framework\system\CodeIgniter.php(306): CodeIgniter\CodeIgniter->handleRequest(NULL, Object(Config\Cache), false)
#4 C:\xampp\htdocs\cbms\public\index.php(45): CodeIgniter\CodeIgniter->run()
#5 C:\xampp\htdocs\cbms\vendor\codeigniter4\framework\system\Commands\Server\rewrite.php(34): require_once('C:\\xampp\\htdocs...')
#6 {main}
CRITICAL - 2021-02-24 02:55:03 --> Undefined property: App\Controllers\Dashboard::$output
#0 C:\xampp\htdocs\cbms\app\Controllers\Dashboard.php(129): CodeIgniter\Debug\Exceptions->errorHandler(8, 'Undefined prope...', 'C:\\xampp\\htdocs...', 129, Array)
#1 C:\xampp\htdocs\cbms\vendor\codeigniter4\framework\system\CodeIgniter.php(910): App\Controllers\Dashboard->upload()
#2 C:\xampp\htdocs\cbms\vendor\codeigniter4\framework\system\CodeIgniter.php(398): CodeIgniter\CodeIgniter->runController(Object(App\Controllers\Dashboard))
#3 C:\xampp\htdocs\cbms\vendor\codeigniter4\framework\system\CodeIgniter.php(306): CodeIgniter\CodeIgniter->handleRequest(NULL, Object(Config\Cache), false)
#4 C:\xampp\htdocs\cbms\public\index.php(45): CodeIgniter\CodeIgniter->run()
#5 C:\xampp\htdocs\cbms\vendor\codeigniter4\framework\system\Commands\Server\rewrite.php(34): require_once('C:\\xampp\\htdocs...')
#6 {main}
CRITICAL - 2021-02-24 02:57:05 --> Undefined property: App\Controllers\Dashboard::$output
#0 C:\xampp\htdocs\cbms\app\Controllers\Dashboard.php(129): CodeIgniter\Debug\Exceptions->errorHandler(8, 'Undefined prope...', 'C:\\xampp\\htdocs...', 129, Array)
#1 C:\xampp\htdocs\cbms\vendor\codeigniter4\framework\system\CodeIgniter.php(910): App\Controllers\Dashboard->upload()
#2 C:\xampp\htdocs\cbms\vendor\codeigniter4\framework\system\CodeIgniter.php(398): CodeIgniter\CodeIgniter->runController(Object(App\Controllers\Dashboard))
#3 C:\xampp\htdocs\cbms\vendor\codeigniter4\framework\system\CodeIgniter.php(306): CodeIgniter\CodeIgniter->handleRequest(NULL, Object(Config\Cache), false)
#4 C:\xampp\htdocs\cbms\public\index.php(45): CodeIgniter\CodeIgniter->run()
#5 C:\xampp\htdocs\cbms\vendor\codeigniter4\framework\system\Commands\Server\rewrite.php(34): require_once('C:\\xampp\\htdocs...')
#6 {main}
CRITICAL - 2021-02-24 02:57:09 --> Undefined property: App\Controllers\Dashboard::$output
#0 C:\xampp\htdocs\cbms\app\Controllers\Dashboard.php(129): CodeIgniter\Debug\Exceptions->errorHandler(8, 'Undefined prope...', 'C:\\xampp\\htdocs...', 129, Array)
#1 C:\xampp\htdocs\cbms\vendor\codeigniter4\framework\system\CodeIgniter.php(910): App\Controllers\Dashboard->upload()
#2 C:\xampp\htdocs\cbms\vendor\codeigniter4\framework\system\CodeIgniter.php(398): CodeIgniter\CodeIgniter->runController(Object(App\Controllers\Dashboard))
#3 C:\xampp\htdocs\cbms\vendor\codeigniter4\framework\system\CodeIgniter.php(306): CodeIgniter\CodeIgniter->handleRequest(NULL, Object(Config\Cache), false)
#4 C:\xampp\htdocs\cbms\public\index.php(45): CodeIgniter\CodeIgniter->run()
#5 C:\xampp\htdocs\cbms\vendor\codeigniter4\framework\system\Commands\Server\rewrite.php(34): require_once('C:\\xampp\\htdocs...')
#6 {main}
CRITICAL - 2021-02-24 02:57:10 --> Undefined property: App\Controllers\Dashboard::$output
#0 C:\xampp\htdocs\cbms\app\Controllers\Dashboard.php(129): CodeIgniter\Debug\Exceptions->errorHandler(8, 'Undefined prope...', 'C:\\xampp\\htdocs...', 129, Array)
#1 C:\xampp\htdocs\cbms\vendor\codeigniter4\framework\system\CodeIgniter.php(910): App\Controllers\Dashboard->upload()
#2 C:\xampp\htdocs\cbms\vendor\codeigniter4\framework\system\CodeIgniter.php(398): CodeIgniter\CodeIgniter->runController(Object(App\Controllers\Dashboard))
#3 C:\xampp\htdocs\cbms\vendor\codeigniter4\framework\system\CodeIgniter.php(306): CodeIgniter\CodeIgniter->handleRequest(NULL, Object(Config\Cache), false)
#4 C:\xampp\htdocs\cbms\public\index.php(45): CodeIgniter\CodeIgniter->run()
#5 C:\xampp\htdocs\cbms\vendor\codeigniter4\framework\system\Commands\Server\rewrite.php(34): require_once('C:\\xampp\\htdocs...')
#6 {main}
CRITICAL - 2021-02-24 02:57:12 --> Undefined property: App\Controllers\Dashboard::$output
#0 C:\xampp\htdocs\cbms\app\Controllers\Dashboard.php(129): CodeIgniter\Debug\Exceptions->errorHandler(8, 'Undefined prope...', 'C:\\xampp\\htdocs...', 129, Array)
#1 C:\xampp\htdocs\cbms\vendor\codeigniter4\framework\system\CodeIgniter.php(910): App\Controllers\Dashboard->upload()
#2 C:\xampp\htdocs\cbms\vendor\codeigniter4\framework\system\CodeIgniter.php(398): CodeIgniter\CodeIgniter->runController(Object(App\Controllers\Dashboard))
#3 C:\xampp\htdocs\cbms\vendor\codeigniter4\framework\system\CodeIgniter.php(306): CodeIgniter\CodeIgniter->handleRequest(NULL, Object(Config\Cache), false)
#4 C:\xampp\htdocs\cbms\public\index.php(45): CodeIgniter\CodeIgniter->run()
#5 C:\xampp\htdocs\cbms\vendor\codeigniter4\framework\system\Commands\Server\rewrite.php(34): require_once('C:\\xampp\\htdocs...')
#6 {main}
CRITICAL - 2021-02-24 02:57:17 --> Undefined property: App\Controllers\Dashboard::$output
#0 C:\xampp\htdocs\cbms\app\Controllers\Dashboard.php(129): CodeIgniter\Debug\Exceptions->errorHandler(8, 'Undefined prope...', 'C:\\xampp\\htdocs...', 129, Array)
#1 C:\xampp\htdocs\cbms\vendor\codeigniter4\framework\system\CodeIgniter.php(910): App\Controllers\Dashboard->upload()
#2 C:\xampp\htdocs\cbms\vendor\codeigniter4\framework\system\CodeIgniter.php(398): CodeIgniter\CodeIgniter->runController(Object(App\Controllers\Dashboard))
#3 C:\xampp\htdocs\cbms\vendor\codeigniter4\framework\system\CodeIgniter.php(306): CodeIgniter\CodeIgniter->handleRequest(NULL, Object(Config\Cache), false)
#4 C:\xampp\htdocs\cbms\public\index.php(45): CodeIgniter\CodeIgniter->run()
#5 C:\xampp\htdocs\cbms\vendor\codeigniter4\framework\system\Commands\Server\rewrite.php(34): require_once('C:\\xampp\\htdocs...')
#6 {main}
CRITICAL - 2021-02-24 02:57:20 --> Undefined property: App\Controllers\Dashboard::$output
#0 C:\xampp\htdocs\cbms\app\Controllers\Dashboard.php(129): CodeIgniter\Debug\Exceptions->errorHandler(8, 'Undefined prope...', 'C:\\xampp\\htdocs...', 129, Array)
#1 C:\xampp\htdocs\cbms\vendor\codeigniter4\framework\system\CodeIgniter.php(910): App\Controllers\Dashboard->upload()
#2 C:\xampp\htdocs\cbms\vendor\codeigniter4\framework\system\CodeIgniter.php(398): CodeIgniter\CodeIgniter->runController(Object(App\Controllers\Dashboard))
#3 C:\xampp\htdocs\cbms\vendor\codeigniter4\framework\system\CodeIgniter.php(306): CodeIgniter\CodeIgniter->handleRequest(NULL, Object(Config\Cache), false)
#4 C:\xampp\htdocs\cbms\public\index.php(45): CodeIgniter\CodeIgniter->run()
#5 C:\xampp\htdocs\cbms\vendor\codeigniter4\framework\system\Commands\Server\rewrite.php(34): require_once('C:\\xampp\\htdocs...')
#6 {main}
CRITICAL - 2021-02-24 02:57:21 --> Undefined property: App\Controllers\Dashboard::$output
#0 C:\xampp\htdocs\cbms\app\Controllers\Dashboard.php(129): CodeIgniter\Debug\Exceptions->errorHandler(8, 'Undefined prope...', 'C:\\xampp\\htdocs...', 129, Array)
#1 C:\xampp\htdocs\cbms\vendor\codeigniter4\framework\system\CodeIgniter.php(910): App\Controllers\Dashboard->upload()
#2 C:\xampp\htdocs\cbms\vendor\codeigniter4\framework\system\CodeIgniter.php(398): CodeIgniter\CodeIgniter->runController(Object(App\Controllers\Dashboard))
#3 C:\xampp\htdocs\cbms\vendor\codeigniter4\framework\system\CodeIgniter.php(306): CodeIgniter\CodeIgniter->handleRequest(NULL, Object(Config\Cache), false)
#4 C:\xampp\htdocs\cbms\public\index.php(45): CodeIgniter\CodeIgniter->run()
#5 C:\xampp\htdocs\cbms\vendor\codeigniter4\framework\system\Commands\Server\rewrite.php(34): require_once('C:\\xampp\\htdocs...')
#6 {main}
CRITICAL - 2021-02-24 02:57:35 --> Undefined property: App\Controllers\Dashboard::$output
#0 C:\xampp\htdocs\cbms\app\Controllers\Dashboard.php(129): CodeIgniter\Debug\Exceptions->errorHandler(8, 'Undefined prope...', 'C:\\xampp\\htdocs...', 129, Array)
#1 C:\xampp\htdocs\cbms\vendor\codeigniter4\framework\system\CodeIgniter.php(910): App\Controllers\Dashboard->upload()
#2 C:\xampp\htdocs\cbms\vendor\codeigniter4\framework\system\CodeIgniter.php(398): CodeIgniter\CodeIgniter->runController(Object(App\Controllers\Dashboard))
#3 C:\xampp\htdocs\cbms\vendor\codeigniter4\framework\system\CodeIgniter.php(306): CodeIgniter\CodeIgniter->handleRequest(NULL, Object(Config\Cache), false)
#4 C:\xampp\htdocs\cbms\public\index.php(45): CodeIgniter\CodeIgniter->run()
#5 C:\xampp\htdocs\cbms\vendor\codeigniter4\framework\system\Commands\Server\rewrite.php(34): require_once('C:\\xampp\\htdocs...')
#6 {main}
CRITICAL - 2021-02-24 03:04:58 --> Undefined property: App\Controllers\Dashboard::$output
#0 C:\xampp\htdocs\cbms\app\Controllers\Dashboard.php(129): CodeIgniter\Debug\Exceptions->errorHandler(8, 'Undefined prope...', 'C:\\xampp\\htdocs...', 129, Array)
#1 C:\xampp\htdocs\cbms\vendor\codeigniter4\framework\system\CodeIgniter.php(910): App\Controllers\Dashboard->upload()
#2 C:\xampp\htdocs\cbms\vendor\codeigniter4\framework\system\CodeIgniter.php(398): CodeIgniter\CodeIgniter->runController(Object(App\Controllers\Dashboard))
#3 C:\xampp\htdocs\cbms\vendor\codeigniter4\framework\system\CodeIgniter.php(306): CodeIgniter\CodeIgniter->handleRequest(NULL, Object(Config\Cache), false)
#4 C:\xampp\htdocs\cbms\public\index.php(45): CodeIgniter\CodeIgniter->run()
#5 C:\xampp\htdocs\cbms\vendor\codeigniter4\framework\system\Commands\Server\rewrite.php(34): require_once('C:\\xampp\\htdocs...')
#6 {main}
CRITICAL - 2021-02-24 03:05:00 --> Undefined property: App\Controllers\Dashboard::$output
#0 C:\xampp\htdocs\cbms\app\Controllers\Dashboard.php(129): CodeIgniter\Debug\Exceptions->errorHandler(8, 'Undefined prope...', 'C:\\xampp\\htdocs...', 129, Array)
#1 C:\xampp\htdocs\cbms\vendor\codeigniter4\framework\system\CodeIgniter.php(910): App\Controllers\Dashboard->upload()
#2 C:\xampp\htdocs\cbms\vendor\codeigniter4\framework\system\CodeIgniter.php(398): CodeIgniter\CodeIgniter->runController(Object(App\Controllers\Dashboard))
#3 C:\xampp\htdocs\cbms\vendor\codeigniter4\framework\system\CodeIgniter.php(306): CodeIgniter\CodeIgniter->handleRequest(NULL, Object(Config\Cache), false)
#4 C:\xampp\htdocs\cbms\public\index.php(45): CodeIgniter\CodeIgniter->run()
#5 C:\xampp\htdocs\cbms\vendor\codeigniter4\framework\system\Commands\Server\rewrite.php(34): require_once('C:\\xampp\\htdocs...')
#6 {main}
CRITICAL - 2021-02-24 03:05:02 --> Undefined property: App\Controllers\Dashboard::$output
#0 C:\xampp\htdocs\cbms\app\Controllers\Dashboard.php(129): CodeIgniter\Debug\Exceptions->errorHandler(8, 'Undefined prope...', 'C:\\xampp\\htdocs...', 129, Array)
#1 C:\xampp\htdocs\cbms\vendor\codeigniter4\framework\system\CodeIgniter.php(910): App\Controllers\Dashboard->upload()
#2 C:\xampp\htdocs\cbms\vendor\codeigniter4\framework\system\CodeIgniter.php(398): CodeIgniter\CodeIgniter->runController(Object(App\Controllers\Dashboard))
#3 C:\xampp\htdocs\cbms\vendor\codeigniter4\framework\system\CodeIgniter.php(306): CodeIgniter\CodeIgniter->handleRequest(NULL, Object(Config\Cache), false)
#4 C:\xampp\htdocs\cbms\public\index.php(45): CodeIgniter\CodeIgniter->run()
#5 C:\xampp\htdocs\cbms\vendor\codeigniter4\framework\system\Commands\Server\rewrite.php(34): require_once('C:\\xampp\\htdocs...')
#6 {main}
