CRITICAL - 2021-03-04 00:27:40 --> Operand should contain 1 column(s)
#0 C:\xampp\htdocs\cbms\vendor\codeigniter4\framework\system\Database\MySQLi\Connection.php(330): mysqli->query('UPDATE `bpq_dat...')
#1 C:\xampp\htdocs\cbms\vendor\codeigniter4\framework\system\Database\BaseConnection.php(738): CodeIgniter\Database\MySQLi\Connection->execute('UPDATE `bpq_dat...')
#2 C:\xampp\htdocs\cbms\vendor\codeigniter4\framework\system\Database\BaseConnection.php(666): CodeIgniter\Database\BaseConnection->simpleQuery('UPDATE `bpq_dat...')
#3 C:\xampp\htdocs\cbms\vendor\codeigniter4\framework\system\Database\BaseBuilder.php(2410): CodeIgniter\Database\BaseConnection->query('UPDATE `bpq_dat...', Array, false)
#4 C:\xampp\htdocs\cbms\app\Controllers\Personnel.php(50): CodeIgniter\Database\BaseBuilder->update(Array)
#5 C:\xampp\htdocs\cbms\vendor\codeigniter4\framework\system\CodeIgniter.php(910): App\Controllers\Personnel->save_questionnaire()
#6 C:\xampp\htdocs\cbms\vendor\codeigniter4\framework\system\CodeIgniter.php(398): CodeIgniter\CodeIgniter->runController(Object(App\Controllers\Personnel))
#7 C:\xampp\htdocs\cbms\vendor\codeigniter4\framework\system\CodeIgniter.php(306): CodeIgniter\CodeIgniter->handleRequest(NULL, Object(Config\Cache), false)
#8 C:\xampp\htdocs\cbms\public\index.php(45): CodeIgniter\CodeIgniter->run()
#9 C:\xampp\htdocs\cbms\vendor\codeigniter4\framework\system\Commands\Server\rewrite.php(34): require_once('C:\\xampp\\htdocs...')
#10 {main}
CRITICAL - 2021-03-04 00:30:48 --> Operand should contain 1 column(s)
#0 C:\xampp\htdocs\cbms\vendor\codeigniter4\framework\system\Database\MySQLi\Connection.php(330): mysqli->query('UPDATE `bpq_dat...')
#1 C:\xampp\htdocs\cbms\vendor\codeigniter4\framework\system\Database\BaseConnection.php(738): CodeIgniter\Database\MySQLi\Connection->execute('UPDATE `bpq_dat...')
#2 C:\xampp\htdocs\cbms\vendor\codeigniter4\framework\system\Database\BaseConnection.php(666): CodeIgniter\Database\BaseConnection->simpleQuery('UPDATE `bpq_dat...')
#3 C:\xampp\htdocs\cbms\vendor\codeigniter4\framework\system\Database\BaseBuilder.php(2410): CodeIgniter\Database\BaseConnection->query('UPDATE `bpq_dat...', Array, false)
#4 C:\xampp\htdocs\cbms\app\Controllers\Personnel.php(50): CodeIgniter\Database\BaseBuilder->update(Array)
#5 C:\xampp\htdocs\cbms\vendor\codeigniter4\framework\system\CodeIgniter.php(910): App\Controllers\Personnel->save_questionnaire()
#6 C:\xampp\htdocs\cbms\vendor\codeigniter4\framework\system\CodeIgniter.php(398): CodeIgniter\CodeIgniter->runController(Object(App\Controllers\Personnel))
#7 C:\xampp\htdocs\cbms\vendor\codeigniter4\framework\system\CodeIgniter.php(306): CodeIgniter\CodeIgniter->handleRequest(NULL, Object(Config\Cache), false)
#8 C:\xampp\htdocs\cbms\public\index.php(45): CodeIgniter\CodeIgniter->run()
#9 C:\xampp\htdocs\cbms\vendor\codeigniter4\framework\system\Commands\Server\rewrite.php(34): require_once('C:\\xampp\\htdocs...')
#10 {main}
CRITICAL - 2021-03-04 00:31:50 --> Operand should contain 1 column(s)
#0 C:\xampp\htdocs\cbms\vendor\codeigniter4\framework\system\Database\MySQLi\Connection.php(330): mysqli->query('UPDATE `bpq_dat...')
#1 C:\xampp\htdocs\cbms\vendor\codeigniter4\framework\system\Database\BaseConnection.php(738): CodeIgniter\Database\MySQLi\Connection->execute('UPDATE `bpq_dat...')
#2 C:\xampp\htdocs\cbms\vendor\codeigniter4\framework\system\Database\BaseConnection.php(666): CodeIgniter\Database\BaseConnection->simpleQuery('UPDATE `bpq_dat...')
#3 C:\xampp\htdocs\cbms\vendor\codeigniter4\framework\system\Database\BaseBuilder.php(2410): CodeIgniter\Database\BaseConnection->query('UPDATE `bpq_dat...', Array, false)
#4 C:\xampp\htdocs\cbms\app\Controllers\Personnel.php(50): CodeIgniter\Database\BaseBuilder->update(Array)
#5 C:\xampp\htdocs\cbms\vendor\codeigniter4\framework\system\CodeIgniter.php(910): App\Controllers\Personnel->save_questionnaire()
#6 C:\xampp\htdocs\cbms\vendor\codeigniter4\framework\system\CodeIgniter.php(398): CodeIgniter\CodeIgniter->runController(Object(App\Controllers\Personnel))
#7 C:\xampp\htdocs\cbms\vendor\codeigniter4\framework\system\CodeIgniter.php(306): CodeIgniter\CodeIgniter->handleRequest(NULL, Object(Config\Cache), false)
#8 C:\xampp\htdocs\cbms\public\index.php(45): CodeIgniter\CodeIgniter->run()
#9 C:\xampp\htdocs\cbms\vendor\codeigniter4\framework\system\Commands\Server\rewrite.php(34): require_once('C:\\xampp\\htdocs...')
#10 {main}
CRITICAL - 2021-03-04 00:37:25 --> Operand should contain 1 column(s)
#0 C:\xampp\htdocs\cbms\vendor\codeigniter4\framework\system\Database\MySQLi\Connection.php(330): mysqli->query('UPDATE `bpq_dat...')
#1 C:\xampp\htdocs\cbms\vendor\codeigniter4\framework\system\Database\BaseConnection.php(738): CodeIgniter\Database\MySQLi\Connection->execute('UPDATE `bpq_dat...')
#2 C:\xampp\htdocs\cbms\vendor\codeigniter4\framework\system\Database\BaseConnection.php(666): CodeIgniter\Database\BaseConnection->simpleQuery('UPDATE `bpq_dat...')
#3 C:\xampp\htdocs\cbms\vendor\codeigniter4\framework\system\Database\BaseBuilder.php(2410): CodeIgniter\Database\BaseConnection->query('UPDATE `bpq_dat...', Array, false)
#4 C:\xampp\htdocs\cbms\app\Controllers\Personnel.php(50): CodeIgniter\Database\BaseBuilder->update(Array)
#5 C:\xampp\htdocs\cbms\vendor\codeigniter4\framework\system\CodeIgniter.php(910): App\Controllers\Personnel->save_questionnaire()
#6 C:\xampp\htdocs\cbms\vendor\codeigniter4\framework\system\CodeIgniter.php(398): CodeIgniter\CodeIgniter->runController(Object(App\Controllers\Personnel))
#7 C:\xampp\htdocs\cbms\vendor\codeigniter4\framework\system\CodeIgniter.php(306): CodeIgniter\CodeIgniter->handleRequest(NULL, Object(Config\Cache), false)
#8 C:\xampp\htdocs\cbms\public\index.php(45): CodeIgniter\CodeIgniter->run()
#9 C:\xampp\htdocs\cbms\vendor\codeigniter4\framework\system\Commands\Server\rewrite.php(34): require_once('C:\\xampp\\htdocs...')
#10 {main}
CRITICAL - 2021-03-04 00:38:11 --> Operand should contain 1 column(s)
#0 C:\xampp\htdocs\cbms\vendor\codeigniter4\framework\system\Database\MySQLi\Connection.php(330): mysqli->query('UPDATE `bpq_dat...')
#1 C:\xampp\htdocs\cbms\vendor\codeigniter4\framework\system\Database\BaseConnection.php(738): CodeIgniter\Database\MySQLi\Connection->execute('UPDATE `bpq_dat...')
#2 C:\xampp\htdocs\cbms\vendor\codeigniter4\framework\system\Database\BaseConnection.php(666): CodeIgniter\Database\BaseConnection->simpleQuery('UPDATE `bpq_dat...')
#3 C:\xampp\htdocs\cbms\vendor\codeigniter4\framework\system\Database\BaseBuilder.php(2410): CodeIgniter\Database\BaseConnection->query('UPDATE `bpq_dat...', Array, false)
#4 C:\xampp\htdocs\cbms\app\Controllers\Personnel.php(50): CodeIgniter\Database\BaseBuilder->update(Array)
#5 C:\xampp\htdocs\cbms\vendor\codeigniter4\framework\system\CodeIgniter.php(910): App\Controllers\Personnel->save_questionnaire()
#6 C:\xampp\htdocs\cbms\vendor\codeigniter4\framework\system\CodeIgniter.php(398): CodeIgniter\CodeIgniter->runController(Object(App\Controllers\Personnel))
#7 C:\xampp\htdocs\cbms\vendor\codeigniter4\framework\system\CodeIgniter.php(306): CodeIgniter\CodeIgniter->handleRequest(NULL, Object(Config\Cache), false)
#8 C:\xampp\htdocs\cbms\public\index.php(45): CodeIgniter\CodeIgniter->run()
#9 C:\xampp\htdocs\cbms\vendor\codeigniter4\framework\system\Commands\Server\rewrite.php(34): require_once('C:\\xampp\\htdocs...')
#10 {main}
CRITICAL - 2021-03-04 00:51:45 --> Operand should contain 1 column(s)
#0 C:\xampp\htdocs\cbms\vendor\codeigniter4\framework\system\Database\MySQLi\Connection.php(330): mysqli->query('UPDATE `bpq_dat...')
#1 C:\xampp\htdocs\cbms\vendor\codeigniter4\framework\system\Database\BaseConnection.php(738): CodeIgniter\Database\MySQLi\Connection->execute('UPDATE `bpq_dat...')
#2 C:\xampp\htdocs\cbms\vendor\codeigniter4\framework\system\Database\BaseConnection.php(666): CodeIgniter\Database\BaseConnection->simpleQuery('UPDATE `bpq_dat...')
#3 C:\xampp\htdocs\cbms\vendor\codeigniter4\framework\system\Database\BaseBuilder.php(2410): CodeIgniter\Database\BaseConnection->query('UPDATE `bpq_dat...', Array, false)
#4 C:\xampp\htdocs\cbms\app\Controllers\Personnel.php(50): CodeIgniter\Database\BaseBuilder->update(Array)
#5 C:\xampp\htdocs\cbms\vendor\codeigniter4\framework\system\CodeIgniter.php(910): App\Controllers\Personnel->save_questionnaire()
#6 C:\xampp\htdocs\cbms\vendor\codeigniter4\framework\system\CodeIgniter.php(398): CodeIgniter\CodeIgniter->runController(Object(App\Controllers\Personnel))
#7 C:\xampp\htdocs\cbms\vendor\codeigniter4\framework\system\CodeIgniter.php(306): CodeIgniter\CodeIgniter->handleRequest(NULL, Object(Config\Cache), false)
#8 C:\xampp\htdocs\cbms\public\index.php(45): CodeIgniter\CodeIgniter->run()
#9 C:\xampp\htdocs\cbms\vendor\codeigniter4\framework\system\Commands\Server\rewrite.php(34): require_once('C:\\xampp\\htdocs...')
#10 {main}
CRITICAL - 2021-03-04 00:56:06 --> Operand should contain 1 column(s)
#0 C:\xampp\htdocs\cbms\vendor\codeigniter4\framework\system\Database\MySQLi\Connection.php(330): mysqli->query('UPDATE `bpq_dat...')
#1 C:\xampp\htdocs\cbms\vendor\codeigniter4\framework\system\Database\BaseConnection.php(738): CodeIgniter\Database\MySQLi\Connection->execute('UPDATE `bpq_dat...')
#2 C:\xampp\htdocs\cbms\vendor\codeigniter4\framework\system\Database\BaseConnection.php(666): CodeIgniter\Database\BaseConnection->simpleQuery('UPDATE `bpq_dat...')
#3 C:\xampp\htdocs\cbms\vendor\codeigniter4\framework\system\Database\BaseBuilder.php(2410): CodeIgniter\Database\BaseConnection->query('UPDATE `bpq_dat...', Array, false)
#4 C:\xampp\htdocs\cbms\app\Controllers\Personnel.php(55): CodeIgniter\Database\BaseBuilder->update(Array)
#5 C:\xampp\htdocs\cbms\vendor\codeigniter4\framework\system\CodeIgniter.php(910): App\Controllers\Personnel->save_questionnaire()
#6 C:\xampp\htdocs\cbms\vendor\codeigniter4\framework\system\CodeIgniter.php(398): CodeIgniter\CodeIgniter->runController(Object(App\Controllers\Personnel))
#7 C:\xampp\htdocs\cbms\vendor\codeigniter4\framework\system\CodeIgniter.php(306): CodeIgniter\CodeIgniter->handleRequest(NULL, Object(Config\Cache), false)
#8 C:\xampp\htdocs\cbms\public\index.php(45): CodeIgniter\CodeIgniter->run()
#9 C:\xampp\htdocs\cbms\vendor\codeigniter4\framework\system\Commands\Server\rewrite.php(34): require_once('C:\\xampp\\htdocs...')
#10 {main}
CRITICAL - 2021-03-04 00:57:18 --> Undefined index: brgy_personnel_lastname
#0 C:\xampp\htdocs\cbms\app\Controllers\Personnel.php(45): CodeIgniter\Debug\Exceptions->errorHandler(8, 'Undefined index...', 'C:\\xampp\\htdocs...', 45, Array)
#1 C:\xampp\htdocs\cbms\vendor\codeigniter4\framework\system\CodeIgniter.php(910): App\Controllers\Personnel->save_questionnaire()
#2 C:\xampp\htdocs\cbms\vendor\codeigniter4\framework\system\CodeIgniter.php(398): CodeIgniter\CodeIgniter->runController(Object(App\Controllers\Personnel))
#3 C:\xampp\htdocs\cbms\vendor\codeigniter4\framework\system\CodeIgniter.php(306): CodeIgniter\CodeIgniter->handleRequest(NULL, Object(Config\Cache), false)
#4 C:\xampp\htdocs\cbms\public\index.php(45): CodeIgniter\CodeIgniter->run()
#5 C:\xampp\htdocs\cbms\vendor\codeigniter4\framework\system\Commands\Server\rewrite.php(34): require_once('C:\\xampp\\htdocs...')
#6 {main}
CRITICAL - 2021-03-04 00:58:02 --> syntax error, unexpected '$db' (T_VARIABLE), expecting ',' or ';'
#0 C:\xampp\htdocs\cbms\vendor\codeigniter4\framework\system\Router\Router.php(192): CodeIgniter\Router\Router->autoRoute('personnel/save_...')
#1 C:\xampp\htdocs\cbms\vendor\codeigniter4\framework\system\CodeIgniter.php(785): CodeIgniter\Router\Router->handle('personnel/save_...')
#2 C:\xampp\htdocs\cbms\vendor\codeigniter4\framework\system\CodeIgniter.php(358): CodeIgniter\CodeIgniter->tryToRouteIt(Object(CodeIgniter\Router\RouteCollection))
#3 C:\xampp\htdocs\cbms\vendor\codeigniter4\framework\system\CodeIgniter.php(306): CodeIgniter\CodeIgniter->handleRequest(NULL, Object(Config\Cache), false)
#4 C:\xampp\htdocs\cbms\public\index.php(45): CodeIgniter\CodeIgniter->run()
#5 C:\xampp\htdocs\cbms\vendor\codeigniter4\framework\system\Commands\Server\rewrite.php(34): require_once('C:\\xampp\\htdocs...')
#6 {main}
CRITICAL - 2021-03-04 00:58:03 --> syntax error, unexpected '$db' (T_VARIABLE), expecting ',' or ';'
#0 C:\xampp\htdocs\cbms\vendor\codeigniter4\framework\system\Autoloader\Autoloader.php(296): CodeIgniter\Autoloader\Autoloader->requireFile('C:\\xampp\\htdocs...')
#1 C:\xampp\htdocs\cbms\vendor\codeigniter4\framework\system\Autoloader\Autoloader.php(258): CodeIgniter\Autoloader\Autoloader->loadInNamespace('App\\Controllers...')
#2 [internal function]: CodeIgniter\Autoloader\Autoloader->loadClass('App\\Controllers...')
#3 [internal function]: spl_autoload_call('App\\Controllers...')
#4 C:\xampp\htdocs\cbms\vendor\codeigniter4\framework\system\CodeIgniter.php(861): class_exists('\\App\\Controller...', true)
#5 C:\xampp\htdocs\cbms\vendor\codeigniter4\framework\system\CodeIgniter.php(388): CodeIgniter\CodeIgniter->startController()
#6 C:\xampp\htdocs\cbms\vendor\codeigniter4\framework\system\CodeIgniter.php(306): CodeIgniter\CodeIgniter->handleRequest(NULL, Object(Config\Cache), false)
#7 C:\xampp\htdocs\cbms\public\index.php(45): CodeIgniter\CodeIgniter->run()
#8 C:\xampp\htdocs\cbms\vendor\codeigniter4\framework\system\Commands\Server\rewrite.php(34): require_once('C:\\xampp\\htdocs...')
#9 {main}
CRITICAL - 2021-03-04 00:58:03 --> syntax error, unexpected '$db' (T_VARIABLE), expecting ',' or ';'
#0 C:\xampp\htdocs\cbms\vendor\codeigniter4\framework\system\Autoloader\Autoloader.php(296): CodeIgniter\Autoloader\Autoloader->requireFile('C:\\xampp\\htdocs...')
#1 C:\xampp\htdocs\cbms\vendor\codeigniter4\framework\system\Autoloader\Autoloader.php(258): CodeIgniter\Autoloader\Autoloader->loadInNamespace('App\\Controllers...')
#2 [internal function]: CodeIgniter\Autoloader\Autoloader->loadClass('App\\Controllers...')
#3 [internal function]: spl_autoload_call('App\\Controllers...')
#4 C:\xampp\htdocs\cbms\vendor\codeigniter4\framework\system\CodeIgniter.php(861): class_exists('\\App\\Controller...', true)
#5 C:\xampp\htdocs\cbms\vendor\codeigniter4\framework\system\CodeIgniter.php(388): CodeIgniter\CodeIgniter->startController()
#6 C:\xampp\htdocs\cbms\vendor\codeigniter4\framework\system\CodeIgniter.php(306): CodeIgniter\CodeIgniter->handleRequest(NULL, Object(Config\Cache), false)
#7 C:\xampp\htdocs\cbms\public\index.php(45): CodeIgniter\CodeIgniter->run()
#8 C:\xampp\htdocs\cbms\vendor\codeigniter4\framework\system\Commands\Server\rewrite.php(34): require_once('C:\\xampp\\htdocs...')
#9 {main}
CRITICAL - 2021-03-04 00:58:08 --> syntax error, unexpected '$db' (T_VARIABLE), expecting ',' or ';'
#0 C:\xampp\htdocs\cbms\vendor\codeigniter4\framework\system\Autoloader\Autoloader.php(296): CodeIgniter\Autoloader\Autoloader->requireFile('C:\\xampp\\htdocs...')
#1 C:\xampp\htdocs\cbms\vendor\codeigniter4\framework\system\Autoloader\Autoloader.php(258): CodeIgniter\Autoloader\Autoloader->loadInNamespace('App\\Controllers...')
#2 [internal function]: CodeIgniter\Autoloader\Autoloader->loadClass('App\\Controllers...')
#3 [internal function]: spl_autoload_call('App\\Controllers...')
#4 C:\xampp\htdocs\cbms\vendor\codeigniter4\framework\system\CodeIgniter.php(861): class_exists('\\App\\Controller...', true)
#5 C:\xampp\htdocs\cbms\vendor\codeigniter4\framework\system\CodeIgniter.php(388): CodeIgniter\CodeIgniter->startController()
#6 C:\xampp\htdocs\cbms\vendor\codeigniter4\framework\system\CodeIgniter.php(306): CodeIgniter\CodeIgniter->handleRequest(NULL, Object(Config\Cache), false)
#7 C:\xampp\htdocs\cbms\public\index.php(45): CodeIgniter\CodeIgniter->run()
#8 C:\xampp\htdocs\cbms\vendor\codeigniter4\framework\system\Commands\Server\rewrite.php(34): require_once('C:\\xampp\\htdocs...')
#9 {main}
CRITICAL - 2021-03-04 00:58:08 --> syntax error, unexpected '$db' (T_VARIABLE), expecting ',' or ';'
#0 C:\xampp\htdocs\cbms\vendor\codeigniter4\framework\system\Autoloader\Autoloader.php(296): CodeIgniter\Autoloader\Autoloader->requireFile('C:\\xampp\\htdocs...')
#1 C:\xampp\htdocs\cbms\vendor\codeigniter4\framework\system\Autoloader\Autoloader.php(258): CodeIgniter\Autoloader\Autoloader->loadInNamespace('App\\Controllers...')
#2 [internal function]: CodeIgniter\Autoloader\Autoloader->loadClass('App\\Controllers...')
#3 [internal function]: spl_autoload_call('App\\Controllers...')
#4 C:\xampp\htdocs\cbms\vendor\codeigniter4\framework\system\CodeIgniter.php(861): class_exists('\\App\\Controller...', true)
#5 C:\xampp\htdocs\cbms\vendor\codeigniter4\framework\system\CodeIgniter.php(388): CodeIgniter\CodeIgniter->startController()
#6 C:\xampp\htdocs\cbms\vendor\codeigniter4\framework\system\CodeIgniter.php(306): CodeIgniter\CodeIgniter->handleRequest(NULL, Object(Config\Cache), false)
#7 C:\xampp\htdocs\cbms\public\index.php(45): CodeIgniter\CodeIgniter->run()
#8 C:\xampp\htdocs\cbms\vendor\codeigniter4\framework\system\Commands\Server\rewrite.php(34): require_once('C:\\xampp\\htdocs...')
#9 {main}
CRITICAL - 2021-03-04 00:58:17 --> syntax error, unexpected '$db' (T_VARIABLE), expecting ',' or ';'
#0 C:\xampp\htdocs\cbms\vendor\codeigniter4\framework\system\Autoloader\Autoloader.php(296): CodeIgniter\Autoloader\Autoloader->requireFile('C:\\xampp\\htdocs...')
#1 C:\xampp\htdocs\cbms\vendor\codeigniter4\framework\system\Autoloader\Autoloader.php(258): CodeIgniter\Autoloader\Autoloader->loadInNamespace('App\\Controllers...')
#2 [internal function]: CodeIgniter\Autoloader\Autoloader->loadClass('App\\Controllers...')
#3 [internal function]: spl_autoload_call('App\\Controllers...')
#4 C:\xampp\htdocs\cbms\vendor\codeigniter4\framework\system\CodeIgniter.php(861): class_exists('\\App\\Controller...', true)
#5 C:\xampp\htdocs\cbms\vendor\codeigniter4\framework\system\CodeIgniter.php(388): CodeIgniter\CodeIgniter->startController()
#6 C:\xampp\htdocs\cbms\vendor\codeigniter4\framework\system\CodeIgniter.php(306): CodeIgniter\CodeIgniter->handleRequest(NULL, Object(Config\Cache), false)
#7 C:\xampp\htdocs\cbms\public\index.php(45): CodeIgniter\CodeIgniter->run()
#8 C:\xampp\htdocs\cbms\vendor\codeigniter4\framework\system\Commands\Server\rewrite.php(34): require_once('C:\\xampp\\htdocs...')
#9 {main}
CRITICAL - 2021-03-04 00:58:19 --> syntax error, unexpected '$db' (T_VARIABLE), expecting ',' or ';'
#0 C:\xampp\htdocs\cbms\vendor\codeigniter4\framework\system\Autoloader\Autoloader.php(296): CodeIgniter\Autoloader\Autoloader->requireFile('C:\\xampp\\htdocs...')
#1 C:\xampp\htdocs\cbms\vendor\codeigniter4\framework\system\Autoloader\Autoloader.php(258): CodeIgniter\Autoloader\Autoloader->loadInNamespace('App\\Controllers...')
#2 [internal function]: CodeIgniter\Autoloader\Autoloader->loadClass('App\\Controllers...')
#3 [internal function]: spl_autoload_call('App\\Controllers...')
#4 C:\xampp\htdocs\cbms\vendor\codeigniter4\framework\system\CodeIgniter.php(861): class_exists('\\App\\Controller...', true)
#5 C:\xampp\htdocs\cbms\vendor\codeigniter4\framework\system\CodeIgniter.php(388): CodeIgniter\CodeIgniter->startController()
#6 C:\xampp\htdocs\cbms\vendor\codeigniter4\framework\system\CodeIgniter.php(306): CodeIgniter\CodeIgniter->handleRequest(NULL, Object(Config\Cache), false)
#7 C:\xampp\htdocs\cbms\public\index.php(45): CodeIgniter\CodeIgniter->run()
#8 C:\xampp\htdocs\cbms\vendor\codeigniter4\framework\system\Commands\Server\rewrite.php(34): require_once('C:\\xampp\\htdocs...')
#9 {main}
CRITICAL - 2021-03-04 00:58:19 --> syntax error, unexpected '$db' (T_VARIABLE), expecting ',' or ';'
#0 C:\xampp\htdocs\cbms\vendor\codeigniter4\framework\system\Autoloader\Autoloader.php(296): CodeIgniter\Autoloader\Autoloader->requireFile('C:\\xampp\\htdocs...')
#1 C:\xampp\htdocs\cbms\vendor\codeigniter4\framework\system\Autoloader\Autoloader.php(258): CodeIgniter\Autoloader\Autoloader->loadInNamespace('App\\Controllers...')
#2 [internal function]: CodeIgniter\Autoloader\Autoloader->loadClass('App\\Controllers...')
#3 [internal function]: spl_autoload_call('App\\Controllers...')
#4 C:\xampp\htdocs\cbms\vendor\codeigniter4\framework\system\CodeIgniter.php(861): class_exists('\\App\\Controller...', true)
#5 C:\xampp\htdocs\cbms\vendor\codeigniter4\framework\system\CodeIgniter.php(388): CodeIgniter\CodeIgniter->startController()
#6 C:\xampp\htdocs\cbms\vendor\codeigniter4\framework\system\CodeIgniter.php(306): CodeIgniter\CodeIgniter->handleRequest(NULL, Object(Config\Cache), false)
#7 C:\xampp\htdocs\cbms\public\index.php(45): CodeIgniter\CodeIgniter->run()
#8 C:\xampp\htdocs\cbms\vendor\codeigniter4\framework\system\Commands\Server\rewrite.php(34): require_once('C:\\xampp\\htdocs...')
#9 {main}
CRITICAL - 2021-03-04 01:01:01 --> count(): Parameter must be an array or an object that implements Countable
#0 [internal function]: CodeIgniter\Debug\Exceptions->errorHandler(2, 'count(): Parame...', 'C:\\xampp\\htdocs...', 49, Array)
#1 C:\xampp\htdocs\cbms\app\Controllers\Personnel.php(49): count('a')
#2 C:\xampp\htdocs\cbms\vendor\codeigniter4\framework\system\CodeIgniter.php(910): App\Controllers\Personnel->save_questionnaire()
#3 C:\xampp\htdocs\cbms\vendor\codeigniter4\framework\system\CodeIgniter.php(398): CodeIgniter\CodeIgniter->runController(Object(App\Controllers\Personnel))
#4 C:\xampp\htdocs\cbms\vendor\codeigniter4\framework\system\CodeIgniter.php(306): CodeIgniter\CodeIgniter->handleRequest(NULL, Object(Config\Cache), false)
#5 C:\xampp\htdocs\cbms\public\index.php(45): CodeIgniter\CodeIgniter->run()
#6 C:\xampp\htdocs\cbms\vendor\codeigniter4\framework\system\Commands\Server\rewrite.php(34): require_once('C:\\xampp\\htdocs...')
#7 {main}
CRITICAL - 2021-03-04 01:01:48 --> Cannot use [] for reading
#0 C:\xampp\htdocs\cbms\vendor\codeigniter4\framework\system\CodeIgniter.php(910): App\Controllers\Personnel->save_questionnaire()
#1 C:\xampp\htdocs\cbms\vendor\codeigniter4\framework\system\CodeIgniter.php(398): CodeIgniter\CodeIgniter->runController(Object(App\Controllers\Personnel))
#2 C:\xampp\htdocs\cbms\vendor\codeigniter4\framework\system\CodeIgniter.php(306): CodeIgniter\CodeIgniter->handleRequest(NULL, Object(Config\Cache), false)
#3 C:\xampp\htdocs\cbms\public\index.php(45): CodeIgniter\CodeIgniter->run()
#4 C:\xampp\htdocs\cbms\vendor\codeigniter4\framework\system\Commands\Server\rewrite.php(34): require_once('C:\\xampp\\htdocs...')
#5 {main}
CRITICAL - 2021-03-04 01:03:26 --> syntax error, unexpected ')'
#0 C:\xampp\htdocs\cbms\vendor\codeigniter4\framework\system\Autoloader\Autoloader.php(296): CodeIgniter\Autoloader\Autoloader->requireFile('C:\\xampp\\htdocs...')
#1 C:\xampp\htdocs\cbms\vendor\codeigniter4\framework\system\Autoloader\Autoloader.php(258): CodeIgniter\Autoloader\Autoloader->loadInNamespace('App\\Controllers...')
#2 [internal function]: CodeIgniter\Autoloader\Autoloader->loadClass('App\\Controllers...')
#3 [internal function]: spl_autoload_call('App\\Controllers...')
#4 C:\xampp\htdocs\cbms\vendor\codeigniter4\framework\system\CodeIgniter.php(861): class_exists('\\App\\Controller...', true)
#5 C:\xampp\htdocs\cbms\vendor\codeigniter4\framework\system\CodeIgniter.php(388): CodeIgniter\CodeIgniter->startController()
#6 C:\xampp\htdocs\cbms\vendor\codeigniter4\framework\system\CodeIgniter.php(306): CodeIgniter\CodeIgniter->handleRequest(NULL, Object(Config\Cache), false)
#7 C:\xampp\htdocs\cbms\public\index.php(45): CodeIgniter\CodeIgniter->run()
#8 C:\xampp\htdocs\cbms\vendor\codeigniter4\framework\system\Commands\Server\rewrite.php(34): require_once('C:\\xampp\\htdocs...')
#9 {main}
CRITICAL - 2021-03-04 01:03:27 --> syntax error, unexpected ')'
#0 C:\xampp\htdocs\cbms\vendor\codeigniter4\framework\system\Autoloader\Autoloader.php(296): CodeIgniter\Autoloader\Autoloader->requireFile('C:\\xampp\\htdocs...')
#1 C:\xampp\htdocs\cbms\vendor\codeigniter4\framework\system\Autoloader\Autoloader.php(258): CodeIgniter\Autoloader\Autoloader->loadInNamespace('App\\Controllers...')
#2 [internal function]: CodeIgniter\Autoloader\Autoloader->loadClass('App\\Controllers...')
#3 [internal function]: spl_autoload_call('App\\Controllers...')
#4 C:\xampp\htdocs\cbms\vendor\codeigniter4\framework\system\CodeIgniter.php(861): class_exists('\\App\\Controller...', true)
#5 C:\xampp\htdocs\cbms\vendor\codeigniter4\framework\system\CodeIgniter.php(388): CodeIgniter\CodeIgniter->startController()
#6 C:\xampp\htdocs\cbms\vendor\codeigniter4\framework\system\CodeIgniter.php(306): CodeIgniter\CodeIgniter->handleRequest(NULL, Object(Config\Cache), false)
#7 C:\xampp\htdocs\cbms\public\index.php(45): CodeIgniter\CodeIgniter->run()
#8 C:\xampp\htdocs\cbms\vendor\codeigniter4\framework\system\Commands\Server\rewrite.php(34): require_once('C:\\xampp\\htdocs...')
#9 {main}
CRITICAL - 2021-03-04 01:03:38 --> syntax error, unexpected ')'
#0 C:\xampp\htdocs\cbms\vendor\codeigniter4\framework\system\Router\Router.php(192): CodeIgniter\Router\Router->autoRoute('personnel/save_...')
#1 C:\xampp\htdocs\cbms\vendor\codeigniter4\framework\system\CodeIgniter.php(785): CodeIgniter\Router\Router->handle('personnel/save_...')
#2 C:\xampp\htdocs\cbms\vendor\codeigniter4\framework\system\CodeIgniter.php(358): CodeIgniter\CodeIgniter->tryToRouteIt(Object(CodeIgniter\Router\RouteCollection))
#3 C:\xampp\htdocs\cbms\vendor\codeigniter4\framework\system\CodeIgniter.php(306): CodeIgniter\CodeIgniter->handleRequest(NULL, Object(Config\Cache), false)
#4 C:\xampp\htdocs\cbms\public\index.php(45): CodeIgniter\CodeIgniter->run()
#5 C:\xampp\htdocs\cbms\vendor\codeigniter4\framework\system\Commands\Server\rewrite.php(34): require_once('C:\\xampp\\htdocs...')
#6 {main}
CRITICAL - 2021-03-04 01:04:20 --> Invalid argument supplied for foreach()
#0 C:\xampp\htdocs\cbms\app\Controllers\Personnel.php(49): CodeIgniter\Debug\Exceptions->errorHandler(2, 'Invalid argumen...', 'C:\\xampp\\htdocs...', 49, Array)
#1 C:\xampp\htdocs\cbms\vendor\codeigniter4\framework\system\CodeIgniter.php(910): App\Controllers\Personnel->save_questionnaire()
#2 C:\xampp\htdocs\cbms\vendor\codeigniter4\framework\system\CodeIgniter.php(398): CodeIgniter\CodeIgniter->runController(Object(App\Controllers\Personnel))
#3 C:\xampp\htdocs\cbms\vendor\codeigniter4\framework\system\CodeIgniter.php(306): CodeIgniter\CodeIgniter->handleRequest(NULL, Object(Config\Cache), false)
#4 C:\xampp\htdocs\cbms\public\index.php(45): CodeIgniter\CodeIgniter->run()
#5 C:\xampp\htdocs\cbms\vendor\codeigniter4\framework\system\Commands\Server\rewrite.php(34): require_once('C:\\xampp\\htdocs...')
#6 {main}
CRITICAL - 2021-03-04 01:04:39 --> Invalid argument supplied for foreach()
#0 C:\xampp\htdocs\cbms\app\Controllers\Personnel.php(49): CodeIgniter\Debug\Exceptions->errorHandler(2, 'Invalid argumen...', 'C:\\xampp\\htdocs...', 49, Array)
#1 C:\xampp\htdocs\cbms\vendor\codeigniter4\framework\system\CodeIgniter.php(910): App\Controllers\Personnel->save_questionnaire()
#2 C:\xampp\htdocs\cbms\vendor\codeigniter4\framework\system\CodeIgniter.php(398): CodeIgniter\CodeIgniter->runController(Object(App\Controllers\Personnel))
#3 C:\xampp\htdocs\cbms\vendor\codeigniter4\framework\system\CodeIgniter.php(306): CodeIgniter\CodeIgniter->handleRequest(NULL, Object(Config\Cache), false)
#4 C:\xampp\htdocs\cbms\public\index.php(45): CodeIgniter\CodeIgniter->run()
#5 C:\xampp\htdocs\cbms\vendor\codeigniter4\framework\system\Commands\Server\rewrite.php(34): require_once('C:\\xampp\\htdocs...')
#6 {main}
CRITICAL - 2021-03-04 01:04:53 --> syntax error, unexpected ')'
#0 C:\xampp\htdocs\cbms\vendor\codeigniter4\framework\system\Autoloader\Autoloader.php(296): CodeIgniter\Autoloader\Autoloader->requireFile('C:\\xampp\\htdocs...')
#1 C:\xampp\htdocs\cbms\vendor\codeigniter4\framework\system\Autoloader\Autoloader.php(258): CodeIgniter\Autoloader\Autoloader->loadInNamespace('App\\Controllers...')
#2 [internal function]: CodeIgniter\Autoloader\Autoloader->loadClass('App\\Controllers...')
#3 [internal function]: spl_autoload_call('App\\Controllers...')
#4 C:\xampp\htdocs\cbms\vendor\codeigniter4\framework\system\CodeIgniter.php(861): class_exists('\\App\\Controller...', true)
#5 C:\xampp\htdocs\cbms\vendor\codeigniter4\framework\system\CodeIgniter.php(388): CodeIgniter\CodeIgniter->startController()
#6 C:\xampp\htdocs\cbms\vendor\codeigniter4\framework\system\CodeIgniter.php(306): CodeIgniter\CodeIgniter->handleRequest(NULL, Object(Config\Cache), false)
#7 C:\xampp\htdocs\cbms\public\index.php(45): CodeIgniter\CodeIgniter->run()
#8 C:\xampp\htdocs\cbms\vendor\codeigniter4\framework\system\Commands\Server\rewrite.php(34): require_once('C:\\xampp\\htdocs...')
#9 {main}
CRITICAL - 2021-03-04 01:04:54 --> syntax error, unexpected ')'
#0 C:\xampp\htdocs\cbms\vendor\codeigniter4\framework\system\Autoloader\Autoloader.php(296): CodeIgniter\Autoloader\Autoloader->requireFile('C:\\xampp\\htdocs...')
#1 C:\xampp\htdocs\cbms\vendor\codeigniter4\framework\system\Autoloader\Autoloader.php(258): CodeIgniter\Autoloader\Autoloader->loadInNamespace('App\\Controllers...')
#2 [internal function]: CodeIgniter\Autoloader\Autoloader->loadClass('App\\Controllers...')
#3 [internal function]: spl_autoload_call('App\\Controllers...')
#4 C:\xampp\htdocs\cbms\vendor\codeigniter4\framework\system\CodeIgniter.php(861): class_exists('\\App\\Controller...', true)
#5 C:\xampp\htdocs\cbms\vendor\codeigniter4\framework\system\CodeIgniter.php(388): CodeIgniter\CodeIgniter->startController()
#6 C:\xampp\htdocs\cbms\vendor\codeigniter4\framework\system\CodeIgniter.php(306): CodeIgniter\CodeIgniter->handleRequest(NULL, Object(Config\Cache), false)
#7 C:\xampp\htdocs\cbms\public\index.php(45): CodeIgniter\CodeIgniter->run()
#8 C:\xampp\htdocs\cbms\vendor\codeigniter4\framework\system\Commands\Server\rewrite.php(34): require_once('C:\\xampp\\htdocs...')
#9 {main}
CRITICAL - 2021-03-04 01:05:22 --> syntax error, unexpected ')'
#0 C:\xampp\htdocs\cbms\vendor\codeigniter4\framework\system\Autoloader\Autoloader.php(296): CodeIgniter\Autoloader\Autoloader->requireFile('C:\\xampp\\htdocs...')
#1 C:\xampp\htdocs\cbms\vendor\codeigniter4\framework\system\Autoloader\Autoloader.php(258): CodeIgniter\Autoloader\Autoloader->loadInNamespace('App\\Controllers...')
#2 [internal function]: CodeIgniter\Autoloader\Autoloader->loadClass('App\\Controllers...')
#3 [internal function]: spl_autoload_call('App\\Controllers...')
#4 C:\xampp\htdocs\cbms\vendor\codeigniter4\framework\system\CodeIgniter.php(861): class_exists('\\App\\Controller...', true)
#5 C:\xampp\htdocs\cbms\vendor\codeigniter4\framework\system\CodeIgniter.php(388): CodeIgniter\CodeIgniter->startController()
#6 C:\xampp\htdocs\cbms\vendor\codeigniter4\framework\system\CodeIgniter.php(306): CodeIgniter\CodeIgniter->handleRequest(NULL, Object(Config\Cache), false)
#7 C:\xampp\htdocs\cbms\public\index.php(45): CodeIgniter\CodeIgniter->run()
#8 C:\xampp\htdocs\cbms\vendor\codeigniter4\framework\system\Commands\Server\rewrite.php(34): require_once('C:\\xampp\\htdocs...')
#9 {main}
CRITICAL - 2021-03-04 01:05:22 --> syntax error, unexpected ')'
#0 C:\xampp\htdocs\cbms\vendor\codeigniter4\framework\system\Autoloader\Autoloader.php(296): CodeIgniter\Autoloader\Autoloader->requireFile('C:\\xampp\\htdocs...')
#1 C:\xampp\htdocs\cbms\vendor\codeigniter4\framework\system\Autoloader\Autoloader.php(258): CodeIgniter\Autoloader\Autoloader->loadInNamespace('App\\Controllers...')
#2 [internal function]: CodeIgniter\Autoloader\Autoloader->loadClass('App\\Controllers...')
#3 [internal function]: spl_autoload_call('App\\Controllers...')
#4 C:\xampp\htdocs\cbms\vendor\codeigniter4\framework\system\CodeIgniter.php(861): class_exists('\\App\\Controller...', true)
#5 C:\xampp\htdocs\cbms\vendor\codeigniter4\framework\system\CodeIgniter.php(388): CodeIgniter\CodeIgniter->startController()
#6 C:\xampp\htdocs\cbms\vendor\codeigniter4\framework\system\CodeIgniter.php(306): CodeIgniter\CodeIgniter->handleRequest(NULL, Object(Config\Cache), false)
#7 C:\xampp\htdocs\cbms\public\index.php(45): CodeIgniter\CodeIgniter->run()
#8 C:\xampp\htdocs\cbms\vendor\codeigniter4\framework\system\Commands\Server\rewrite.php(34): require_once('C:\\xampp\\htdocs...')
#9 {main}
CRITICAL - 2021-03-04 01:05:47 --> sizeof(): Parameter must be an array or an object that implements Countable
#0 [internal function]: CodeIgniter\Debug\Exceptions->errorHandler(2, 'sizeof(): Param...', 'C:\\xampp\\htdocs...', 49, Array)
#1 C:\xampp\htdocs\cbms\app\Controllers\Personnel.php(49): sizeof('a')
#2 C:\xampp\htdocs\cbms\vendor\codeigniter4\framework\system\CodeIgniter.php(910): App\Controllers\Personnel->save_questionnaire()
#3 C:\xampp\htdocs\cbms\vendor\codeigniter4\framework\system\CodeIgniter.php(398): CodeIgniter\CodeIgniter->runController(Object(App\Controllers\Personnel))
#4 C:\xampp\htdocs\cbms\vendor\codeigniter4\framework\system\CodeIgniter.php(306): CodeIgniter\CodeIgniter->handleRequest(NULL, Object(Config\Cache), false)
#5 C:\xampp\htdocs\cbms\public\index.php(45): CodeIgniter\CodeIgniter->run()
#6 C:\xampp\htdocs\cbms\vendor\codeigniter4\framework\system\Commands\Server\rewrite.php(34): require_once('C:\\xampp\\htdocs...')
#7 {main}
CRITICAL - 2021-03-04 01:05:47 --> Undefined index: brgy_personnel_lastname
#0 C:\xampp\htdocs\cbms\app\Controllers\Personnel.php(45): CodeIgniter\Debug\Exceptions->errorHandler(8, 'Undefined index...', 'C:\\xampp\\htdocs...', 45, Array)
#1 C:\xampp\htdocs\cbms\vendor\codeigniter4\framework\system\CodeIgniter.php(910): App\Controllers\Personnel->save_questionnaire()
#2 C:\xampp\htdocs\cbms\vendor\codeigniter4\framework\system\CodeIgniter.php(398): CodeIgniter\CodeIgniter->runController(Object(App\Controllers\Personnel))
#3 C:\xampp\htdocs\cbms\vendor\codeigniter4\framework\system\CodeIgniter.php(306): CodeIgniter\CodeIgniter->handleRequest(NULL, Object(Config\Cache), false)
#4 C:\xampp\htdocs\cbms\public\index.php(45): CodeIgniter\CodeIgniter->run()
#5 C:\xampp\htdocs\cbms\vendor\codeigniter4\framework\system\Commands\Server\rewrite.php(34): require_once('C:\\xampp\\htdocs...')
#6 {main}
CRITICAL - 2021-03-04 01:11:41 --> Operand should contain 1 column(s)
#0 C:\xampp\htdocs\cbms\vendor\codeigniter4\framework\system\Database\MySQLi\Connection.php(330): mysqli->query('UPDATE `bpq_dat...')
#1 C:\xampp\htdocs\cbms\vendor\codeigniter4\framework\system\Database\BaseConnection.php(738): CodeIgniter\Database\MySQLi\Connection->execute('UPDATE `bpq_dat...')
#2 C:\xampp\htdocs\cbms\vendor\codeigniter4\framework\system\Database\BaseConnection.php(666): CodeIgniter\Database\BaseConnection->simpleQuery('UPDATE `bpq_dat...')
#3 C:\xampp\htdocs\cbms\vendor\codeigniter4\framework\system\Database\BaseBuilder.php(2410): CodeIgniter\Database\BaseConnection->query('UPDATE `bpq_dat...', Array, false)
#4 C:\xampp\htdocs\cbms\app\Controllers\Personnel.php(48): CodeIgniter\Database\BaseBuilder->update(Array)
#5 C:\xampp\htdocs\cbms\vendor\codeigniter4\framework\system\CodeIgniter.php(910): App\Controllers\Personnel->save_questionnaire()
#6 C:\xampp\htdocs\cbms\vendor\codeigniter4\framework\system\CodeIgniter.php(398): CodeIgniter\CodeIgniter->runController(Object(App\Controllers\Personnel))
#7 C:\xampp\htdocs\cbms\vendor\codeigniter4\framework\system\CodeIgniter.php(306): CodeIgniter\CodeIgniter->handleRequest(NULL, Object(Config\Cache), false)
#8 C:\xampp\htdocs\cbms\public\index.php(45): CodeIgniter\CodeIgniter->run()
#9 C:\xampp\htdocs\cbms\vendor\codeigniter4\framework\system\Commands\Server\rewrite.php(34): require_once('C:\\xampp\\htdocs...')
#10 {main}
CRITICAL - 2021-03-04 02:12:20 --> Undefined offset: 2
#0 C:\xampp\htdocs\cbms\vendor\monken\tablesigniter\src\TablesIgniter.php(154): CodeIgniter\Debug\Exceptions->errorHandler(8, 'Undefined offse...', 'C:\\xampp\\htdocs...', 154, Array)
#1 C:\xampp\htdocs\cbms\vendor\monken\tablesigniter\src\TablesIgniter.php(112): monken\TablesIgniter->extraConfig(Object(CodeIgniter\Database\MySQLi\Builder))
#2 C:\xampp\htdocs\cbms\vendor\monken\tablesigniter\src\TablesIgniter.php(184): monken\TablesIgniter->getQuery()
#3 C:\xampp\htdocs\cbms\app\Controllers\Dashboard.php(54): monken\TablesIgniter->getDatatable()
#4 C:\xampp\htdocs\cbms\vendor\codeigniter4\framework\system\CodeIgniter.php(910): App\Controllers\Dashboard->fetch_all()
#5 C:\xampp\htdocs\cbms\vendor\codeigniter4\framework\system\CodeIgniter.php(398): CodeIgniter\CodeIgniter->runController(Object(App\Controllers\Dashboard))
#6 C:\xampp\htdocs\cbms\vendor\codeigniter4\framework\system\CodeIgniter.php(306): CodeIgniter\CodeIgniter->handleRequest(NULL, Object(Config\Cache), false)
#7 C:\xampp\htdocs\cbms\public\index.php(45): CodeIgniter\CodeIgniter->run()
#8 C:\xampp\htdocs\cbms\vendor\codeigniter4\framework\system\Commands\Server\rewrite.php(34): require_once('C:\\xampp\\htdocs...')
#9 {main}
CRITICAL - 2021-03-04 02:49:57 --> Unknown column 'DataTables_Table_0_length' in 'field list'
#0 C:\xampp\htdocs\cbms\vendor\codeigniter4\framework\system\Database\MySQLi\Connection.php(330): mysqli->query('UPDATE `bpq_dat...')
#1 C:\xampp\htdocs\cbms\vendor\codeigniter4\framework\system\Database\BaseConnection.php(738): CodeIgniter\Database\MySQLi\Connection->execute('UPDATE `bpq_dat...')
#2 C:\xampp\htdocs\cbms\vendor\codeigniter4\framework\system\Database\BaseConnection.php(666): CodeIgniter\Database\BaseConnection->simpleQuery('UPDATE `bpq_dat...')
#3 C:\xampp\htdocs\cbms\vendor\codeigniter4\framework\system\Database\BaseBuilder.php(2410): CodeIgniter\Database\BaseConnection->query('UPDATE `bpq_dat...', Array, false)
#4 C:\xampp\htdocs\cbms\app\Controllers\Personnel.php(48): CodeIgniter\Database\BaseBuilder->update(Array)
#5 C:\xampp\htdocs\cbms\vendor\codeigniter4\framework\system\CodeIgniter.php(910): App\Controllers\Personnel->save_questionnaire()
#6 C:\xampp\htdocs\cbms\vendor\codeigniter4\framework\system\CodeIgniter.php(398): CodeIgniter\CodeIgniter->runController(Object(App\Controllers\Personnel))
#7 C:\xampp\htdocs\cbms\vendor\codeigniter4\framework\system\CodeIgniter.php(306): CodeIgniter\CodeIgniter->handleRequest(NULL, Object(Config\Cache), false)
#8 C:\xampp\htdocs\cbms\public\index.php(45): CodeIgniter\CodeIgniter->run()
#9 C:\xampp\htdocs\cbms\vendor\codeigniter4\framework\system\Commands\Server\rewrite.php(34): require_once('C:\\xampp\\htdocs...')
#10 {main}
CRITICAL - 2021-03-04 03:48:00 --> Unknown column 'barangay_p_deleted' in 'where clause'
#0 C:\xampp\htdocs\cbms\vendor\codeigniter4\framework\system\Database\MySQLi\Connection.php(330): mysqli->query('SELECT *\nFROM `...')
#1 C:\xampp\htdocs\cbms\vendor\codeigniter4\framework\system\Database\BaseConnection.php(738): CodeIgniter\Database\MySQLi\Connection->execute('SELECT *\nFROM `...')
#2 C:\xampp\htdocs\cbms\vendor\codeigniter4\framework\system\Database\BaseConnection.php(666): CodeIgniter\Database\BaseConnection->simpleQuery('SELECT *\nFROM `...')
#3 C:\xampp\htdocs\cbms\vendor\codeigniter4\framework\system\Database\BaseBuilder.php(1819): CodeIgniter\Database\BaseConnection->query('SELECT *\nFROM `...', Array, false)
#4 C:\xampp\htdocs\cbms\vendor\monken\tablesigniter\src\TablesIgniter.php(119): CodeIgniter\Database\BaseBuilder->get()
#5 C:\xampp\htdocs\cbms\vendor\monken\tablesigniter\src\TablesIgniter.php(184): monken\TablesIgniter->getQuery()
#6 C:\xampp\htdocs\cbms\app\Controllers\Dashboard.php(54): monken\TablesIgniter->getDatatable()
#7 C:\xampp\htdocs\cbms\vendor\codeigniter4\framework\system\CodeIgniter.php(910): App\Controllers\Dashboard->fetch_all()
#8 C:\xampp\htdocs\cbms\vendor\codeigniter4\framework\system\CodeIgniter.php(398): CodeIgniter\CodeIgniter->runController(Object(App\Controllers\Dashboard))
#9 C:\xampp\htdocs\cbms\vendor\codeigniter4\framework\system\CodeIgniter.php(306): CodeIgniter\CodeIgniter->handleRequest(NULL, Object(Config\Cache), false)
#10 C:\xampp\htdocs\cbms\public\index.php(45): CodeIgniter\CodeIgniter->run()
#11 C:\xampp\htdocs\cbms\vendor\codeigniter4\framework\system\Commands\Server\rewrite.php(34): require_once('C:\\xampp\\htdocs...')
#12 {main}
CRITICAL - 2021-03-04 03:48:02 --> Unknown column 'barangay_p_deleted' in 'where clause'
#0 C:\xampp\htdocs\cbms\vendor\codeigniter4\framework\system\Database\MySQLi\Connection.php(330): mysqli->query('SELECT *\nFROM `...')
#1 C:\xampp\htdocs\cbms\vendor\codeigniter4\framework\system\Database\BaseConnection.php(738): CodeIgniter\Database\MySQLi\Connection->execute('SELECT *\nFROM `...')
#2 C:\xampp\htdocs\cbms\vendor\codeigniter4\framework\system\Database\BaseConnection.php(666): CodeIgniter\Database\BaseConnection->simpleQuery('SELECT *\nFROM `...')
#3 C:\xampp\htdocs\cbms\vendor\codeigniter4\framework\system\Database\BaseBuilder.php(1819): CodeIgniter\Database\BaseConnection->query('SELECT *\nFROM `...', Array, false)
#4 C:\xampp\htdocs\cbms\vendor\monken\tablesigniter\src\TablesIgniter.php(119): CodeIgniter\Database\BaseBuilder->get()
#5 C:\xampp\htdocs\cbms\vendor\monken\tablesigniter\src\TablesIgniter.php(184): monken\TablesIgniter->getQuery()
#6 C:\xampp\htdocs\cbms\app\Controllers\Dashboard.php(54): monken\TablesIgniter->getDatatable()
#7 C:\xampp\htdocs\cbms\vendor\codeigniter4\framework\system\CodeIgniter.php(910): App\Controllers\Dashboard->fetch_all()
#8 C:\xampp\htdocs\cbms\vendor\codeigniter4\framework\system\CodeIgniter.php(398): CodeIgniter\CodeIgniter->runController(Object(App\Controllers\Dashboard))
#9 C:\xampp\htdocs\cbms\vendor\codeigniter4\framework\system\CodeIgniter.php(306): CodeIgniter\CodeIgniter->handleRequest(NULL, Object(Config\Cache), false)
#10 C:\xampp\htdocs\cbms\public\index.php(45): CodeIgniter\CodeIgniter->run()
#11 C:\xampp\htdocs\cbms\vendor\codeigniter4\framework\system\Commands\Server\rewrite.php(34): require_once('C:\\xampp\\htdocs...')
#12 {main}
CRITICAL - 2021-03-04 03:48:52 --> Unknown column 'barangay_p_deleted' in 'where clause'
#0 C:\xampp\htdocs\cbms\vendor\codeigniter4\framework\system\Database\MySQLi\Connection.php(330): mysqli->query('SELECT *\nFROM `...')
#1 C:\xampp\htdocs\cbms\vendor\codeigniter4\framework\system\Database\BaseConnection.php(738): CodeIgniter\Database\MySQLi\Connection->execute('SELECT *\nFROM `...')
#2 C:\xampp\htdocs\cbms\vendor\codeigniter4\framework\system\Database\BaseConnection.php(666): CodeIgniter\Database\BaseConnection->simpleQuery('SELECT *\nFROM `...')
#3 C:\xampp\htdocs\cbms\vendor\codeigniter4\framework\system\Database\BaseBuilder.php(1819): CodeIgniter\Database\BaseConnection->query('SELECT *\nFROM `...', Array, false)
#4 C:\xampp\htdocs\cbms\vendor\monken\tablesigniter\src\TablesIgniter.php(119): CodeIgniter\Database\BaseBuilder->get()
#5 C:\xampp\htdocs\cbms\vendor\monken\tablesigniter\src\TablesIgniter.php(184): monken\TablesIgniter->getQuery()
#6 C:\xampp\htdocs\cbms\app\Controllers\Dashboard.php(54): monken\TablesIgniter->getDatatable()
#7 C:\xampp\htdocs\cbms\vendor\codeigniter4\framework\system\CodeIgniter.php(910): App\Controllers\Dashboard->fetch_all()
#8 C:\xampp\htdocs\cbms\vendor\codeigniter4\framework\system\CodeIgniter.php(398): CodeIgniter\CodeIgniter->runController(Object(App\Controllers\Dashboard))
#9 C:\xampp\htdocs\cbms\vendor\codeigniter4\framework\system\CodeIgniter.php(306): CodeIgniter\CodeIgniter->handleRequest(NULL, Object(Config\Cache), false)
#10 C:\xampp\htdocs\cbms\public\index.php(45): CodeIgniter\CodeIgniter->run()
#11 C:\xampp\htdocs\cbms\vendor\codeigniter4\framework\system\Commands\Server\rewrite.php(34): require_once('C:\\xampp\\htdocs...')
#12 {main}
CRITICAL - 2021-03-04 04:52:58 --> Unknown column 'firstname' in 'field list'
#0 C:\xampp\htdocs\cbms\vendor\codeigniter4\framework\system\Database\MySQLi\Connection.php(330): mysqli->query('UPDATE `bpq_tab...')
#1 C:\xampp\htdocs\cbms\vendor\codeigniter4\framework\system\Database\BaseConnection.php(738): CodeIgniter\Database\MySQLi\Connection->execute('UPDATE `bpq_tab...')
#2 C:\xampp\htdocs\cbms\vendor\codeigniter4\framework\system\Database\BaseConnection.php(666): CodeIgniter\Database\BaseConnection->simpleQuery('UPDATE `bpq_tab...')
#3 C:\xampp\htdocs\cbms\vendor\codeigniter4\framework\system\Database\BaseBuilder.php(2410): CodeIgniter\Database\BaseConnection->query('UPDATE `bpq_tab...', Array, false)
#4 C:\xampp\htdocs\cbms\app\Controllers\Personnel.php(86): CodeIgniter\Database\BaseBuilder->update(Array)
#5 C:\xampp\htdocs\cbms\vendor\codeigniter4\framework\system\CodeIgniter.php(910): App\Controllers\Personnel->delete_bgy_personnel()
#6 C:\xampp\htdocs\cbms\vendor\codeigniter4\framework\system\CodeIgniter.php(398): CodeIgniter\CodeIgniter->runController(Object(App\Controllers\Personnel))
#7 C:\xampp\htdocs\cbms\vendor\codeigniter4\framework\system\CodeIgniter.php(306): CodeIgniter\CodeIgniter->handleRequest(NULL, Object(Config\Cache), false)
#8 C:\xampp\htdocs\cbms\public\index.php(45): CodeIgniter\CodeIgniter->run()
#9 C:\xampp\htdocs\cbms\vendor\codeigniter4\framework\system\Commands\Server\rewrite.php(34): require_once('C:\\xampp\\htdocs...')
#10 {main}
CRITICAL - 2021-03-04 04:53:15 --> Unknown column 'firstname' in 'field list'
#0 C:\xampp\htdocs\cbms\vendor\codeigniter4\framework\system\Database\MySQLi\Connection.php(330): mysqli->query('UPDATE `bpq_tab...')
#1 C:\xampp\htdocs\cbms\vendor\codeigniter4\framework\system\Database\BaseConnection.php(738): CodeIgniter\Database\MySQLi\Connection->execute('UPDATE `bpq_tab...')
#2 C:\xampp\htdocs\cbms\vendor\codeigniter4\framework\system\Database\BaseConnection.php(666): CodeIgniter\Database\BaseConnection->simpleQuery('UPDATE `bpq_tab...')
#3 C:\xampp\htdocs\cbms\vendor\codeigniter4\framework\system\Database\BaseBuilder.php(2410): CodeIgniter\Database\BaseConnection->query('UPDATE `bpq_tab...', Array, false)
#4 C:\xampp\htdocs\cbms\app\Controllers\Personnel.php(86): CodeIgniter\Database\BaseBuilder->update(Array)
#5 C:\xampp\htdocs\cbms\vendor\codeigniter4\framework\system\CodeIgniter.php(910): App\Controllers\Personnel->delete_bgy_personnel()
#6 C:\xampp\htdocs\cbms\vendor\codeigniter4\framework\system\CodeIgniter.php(398): CodeIgniter\CodeIgniter->runController(Object(App\Controllers\Personnel))
#7 C:\xampp\htdocs\cbms\vendor\codeigniter4\framework\system\CodeIgniter.php(306): CodeIgniter\CodeIgniter->handleRequest(NULL, Object(Config\Cache), false)
#8 C:\xampp\htdocs\cbms\public\index.php(45): CodeIgniter\CodeIgniter->run()
#9 C:\xampp\htdocs\cbms\vendor\codeigniter4\framework\system\Commands\Server\rewrite.php(34): require_once('C:\\xampp\\htdocs...')
#10 {main}
CRITICAL - 2021-03-04 23:02:59 --> Undefined index: getRegion
#0 C:\xampp\htdocs\cbms\app\Controllers\Dashboard.php(85): CodeIgniter\Debug\Exceptions->errorHandler(8, 'Undefined index...', 'C:\\xampp\\htdocs...', 85, Array)
#1 C:\xampp\htdocs\cbms\vendor\codeigniter4\framework\system\CodeIgniter.php(910): App\Controllers\Dashboard->load_province()
#2 C:\xampp\htdocs\cbms\vendor\codeigniter4\framework\system\CodeIgniter.php(398): CodeIgniter\CodeIgniter->runController(Object(App\Controllers\Dashboard))
#3 C:\xampp\htdocs\cbms\vendor\codeigniter4\framework\system\CodeIgniter.php(306): CodeIgniter\CodeIgniter->handleRequest(NULL, Object(Config\Cache), false)
#4 C:\xampp\htdocs\cbms\public\index.php(45): CodeIgniter\CodeIgniter->run()
#5 C:\xampp\htdocs\cbms\vendor\codeigniter4\framework\system\Commands\Server\rewrite.php(34): require_once('C:\\xampp\\htdocs...')
#6 {main}
CRITICAL - 2021-03-04 23:03:01 --> Undefined index: getProvince
#0 C:\xampp\htdocs\cbms\app\Controllers\Dashboard.php(99): CodeIgniter\Debug\Exceptions->errorHandler(8, 'Undefined index...', 'C:\\xampp\\htdocs...', 99, Array)
#1 C:\xampp\htdocs\cbms\vendor\codeigniter4\framework\system\CodeIgniter.php(910): App\Controllers\Dashboard->load_municipal()
#2 C:\xampp\htdocs\cbms\vendor\codeigniter4\framework\system\CodeIgniter.php(398): CodeIgniter\CodeIgniter->runController(Object(App\Controllers\Dashboard))
#3 C:\xampp\htdocs\cbms\vendor\codeigniter4\framework\system\CodeIgniter.php(306): CodeIgniter\CodeIgniter->handleRequest(NULL, Object(Config\Cache), false)
#4 C:\xampp\htdocs\cbms\public\index.php(45): CodeIgniter\CodeIgniter->run()
#5 C:\xampp\htdocs\cbms\vendor\codeigniter4\framework\system\Commands\Server\rewrite.php(34): require_once('C:\\xampp\\htdocs...')
#6 {main}
CRITICAL - 2021-03-04 23:03:02 --> Undefined index: getRegion
#0 C:\xampp\htdocs\cbms\app\Controllers\Dashboard.php(116): CodeIgniter\Debug\Exceptions->errorHandler(8, 'Undefined index...', 'C:\\xampp\\htdocs...', 116, Array)
#1 C:\xampp\htdocs\cbms\vendor\codeigniter4\framework\system\CodeIgniter.php(910): App\Controllers\Dashboard->load_barangay()
#2 C:\xampp\htdocs\cbms\vendor\codeigniter4\framework\system\CodeIgniter.php(398): CodeIgniter\CodeIgniter->runController(Object(App\Controllers\Dashboard))
#3 C:\xampp\htdocs\cbms\vendor\codeigniter4\framework\system\CodeIgniter.php(306): CodeIgniter\CodeIgniter->handleRequest(NULL, Object(Config\Cache), false)
#4 C:\xampp\htdocs\cbms\public\index.php(45): CodeIgniter\CodeIgniter->run()
#5 C:\xampp\htdocs\cbms\vendor\codeigniter4\framework\system\Commands\Server\rewrite.php(34): require_once('C:\\xampp\\htdocs...')
#6 {main}
