CRITICAL - 2020-11-26 00:45:52 --> Class 'App\Controllers\personal_m' not found
#0 C:\xampp\htdocs\caf\vendor\codeigniter4\framework\system\CodeIgniter.php(910): App\Controllers\Personal->save()
#1 C:\xampp\htdocs\caf\vendor\codeigniter4\framework\system\CodeIgniter.php(398): CodeIgniter\CodeIgniter->runController(Object(App\Controllers\Personal))
#2 C:\xampp\htdocs\caf\vendor\codeigniter4\framework\system\CodeIgniter.php(306): CodeIgniter\CodeIgniter->handleRequest(NULL, Object(Config\Cache), false)
#3 C:\xampp\htdocs\caf\public\index.php(45): CodeIgniter\CodeIgniter->run()
#4 C:\xampp\htdocs\caf\vendor\codeigniter4\framework\system\Commands\Server\rewrite.php(34): require_once('C:\\xampp\\htdocs...')
#5 {main}
CRITICAL - 2020-11-26 00:46:20 --> Table 'caf.tb_personal' doesn't exist
#0 C:\xampp\htdocs\caf\vendor\codeigniter4\framework\system\Database\MySQLi\Connection.php(330): mysqli->query('INSERT INTO `tb...')
#1 C:\xampp\htdocs\caf\vendor\codeigniter4\framework\system\Database\BaseConnection.php(738): CodeIgniter\Database\MySQLi\Connection->execute('INSERT INTO `tb...')
#2 C:\xampp\htdocs\caf\vendor\codeigniter4\framework\system\Database\BaseConnection.php(666): CodeIgniter\Database\BaseConnection->simpleQuery('INSERT INTO `tb...')
#3 C:\xampp\htdocs\caf\vendor\codeigniter4\framework\system\Database\BaseBuilder.php(2206): CodeIgniter\Database\BaseConnection->query('INSERT INTO `tb...', Array, false)
#4 C:\xampp\htdocs\caf\vendor\codeigniter4\framework\system\Model.php(722): CodeIgniter\Database\BaseBuilder->insert()
#5 C:\xampp\htdocs\caf\app\Controllers\Personal.php(32): CodeIgniter\Model->insert(Array)
#6 C:\xampp\htdocs\caf\vendor\codeigniter4\framework\system\CodeIgniter.php(910): App\Controllers\Personal->save()
#7 C:\xampp\htdocs\caf\vendor\codeigniter4\framework\system\CodeIgniter.php(398): CodeIgniter\CodeIgniter->runController(Object(App\Controllers\Personal))
#8 C:\xampp\htdocs\caf\vendor\codeigniter4\framework\system\CodeIgniter.php(306): CodeIgniter\CodeIgniter->handleRequest(NULL, Object(Config\Cache), false)
#9 C:\xampp\htdocs\caf\public\index.php(45): CodeIgniter\CodeIgniter->run()
#10 C:\xampp\htdocs\caf\vendor\codeigniter4\framework\system\Commands\Server\rewrite.php(34): require_once('C:\\xampp\\htdocs...')
#11 {main}
CRITICAL - 2020-11-26 01:27:23 --> Invalid file: login_new.php
#0 C:\xampp\htdocs\caf\vendor\codeigniter4\framework\system\View\View.php(224): CodeIgniter\Exceptions\FrameworkException::forInvalidFile('login_new.php')
#1 C:\xampp\htdocs\caf\vendor\codeigniter4\framework\system\Common.php(1071): CodeIgniter\View\View->render('login_new', Array, true)
#2 C:\xampp\htdocs\caf\app\Controllers\Personal.php(52): view('login_new', Array)
#3 C:\xampp\htdocs\caf\vendor\codeigniter4\framework\system\CodeIgniter.php(910): App\Controllers\Personal->login()
#4 C:\xampp\htdocs\caf\vendor\codeigniter4\framework\system\CodeIgniter.php(398): CodeIgniter\CodeIgniter->runController(Object(App\Controllers\Personal))
#5 C:\xampp\htdocs\caf\vendor\codeigniter4\framework\system\CodeIgniter.php(306): CodeIgniter\CodeIgniter->handleRequest(NULL, Object(Config\Cache), false)
#6 C:\xampp\htdocs\caf\public\index.php(45): CodeIgniter\CodeIgniter->run()
#7 C:\xampp\htdocs\caf\vendor\codeigniter4\framework\system\Commands\Server\rewrite.php(34): require_once('C:\\xampp\\htdocs...')
#8 {main}
CRITICAL - 2020-11-26 01:28:16 --> Undefined variable: password
#0 C:\xampp\htdocs\caf\app\Controllers\Personal.php(69): CodeIgniter\Debug\Exceptions->errorHandler(8, 'Undefined varia...', 'C:\\xampp\\htdocs...', 69, Array)
#1 C:\xampp\htdocs\caf\app\Controllers\Personal.php(40): App\Controllers\Personal->exists('basil_christoph...', 'CAF12345')
#2 C:\xampp\htdocs\caf\vendor\codeigniter4\framework\system\CodeIgniter.php(910): App\Controllers\Personal->login()
#3 C:\xampp\htdocs\caf\vendor\codeigniter4\framework\system\CodeIgniter.php(398): CodeIgniter\CodeIgniter->runController(Object(App\Controllers\Personal))
#4 C:\xampp\htdocs\caf\vendor\codeigniter4\framework\system\CodeIgniter.php(306): CodeIgniter\CodeIgniter->handleRequest(NULL, Object(Config\Cache), false)
#5 C:\xampp\htdocs\caf\public\index.php(45): CodeIgniter\CodeIgniter->run()
#6 C:\xampp\htdocs\caf\vendor\codeigniter4\framework\system\Commands\Server\rewrite.php(34): require_once('C:\\xampp\\htdocs...')
#7 {main}
CRITICAL - 2020-11-26 01:52:19 --> 
#0 C:\xampp\htdocs\caf\vendor\codeigniter4\framework\system\HTTP\RedirectResponse.php(92): CodeIgniter\HTTP\Exceptions\HTTPException::forInvalidRedirectRoute('')
#1 C:\xampp\htdocs\caf\vendor\codeigniter4\framework\system\Common.php(798): CodeIgniter\HTTP\RedirectResponse->route(false)
#2 C:\xampp\htdocs\caf\app\Controllers\Dashboard.php(23): redirect('http://localhos...')
#3 C:\xampp\htdocs\caf\vendor\codeigniter4\framework\system\CodeIgniter.php(910): App\Controllers\Dashboard->index()
#4 C:\xampp\htdocs\caf\vendor\codeigniter4\framework\system\CodeIgniter.php(398): CodeIgniter\CodeIgniter->runController(Object(App\Controllers\Dashboard))
#5 C:\xampp\htdocs\caf\vendor\codeigniter4\framework\system\CodeIgniter.php(306): CodeIgniter\CodeIgniter->handleRequest(NULL, Object(Config\Cache), false)
#6 C:\xampp\htdocs\caf\public\index.php(45): CodeIgniter\CodeIgniter->run()
#7 C:\xampp\htdocs\caf\vendor\codeigniter4\framework\system\Commands\Server\rewrite.php(34): require_once('C:\\xampp\\htdocs...')
#8 {main}
CRITICAL - 2020-11-26 01:52:28 --> 
#0 C:\xampp\htdocs\caf\vendor\codeigniter4\framework\system\HTTP\RedirectResponse.php(92): CodeIgniter\HTTP\Exceptions\HTTPException::forInvalidRedirectRoute('')
#1 C:\xampp\htdocs\caf\vendor\codeigniter4\framework\system\Common.php(798): CodeIgniter\HTTP\RedirectResponse->route(false)
#2 C:\xampp\htdocs\caf\app\Controllers\Dashboard.php(23): redirect('http://localhos...')
#3 C:\xampp\htdocs\caf\vendor\codeigniter4\framework\system\CodeIgniter.php(910): App\Controllers\Dashboard->index()
#4 C:\xampp\htdocs\caf\vendor\codeigniter4\framework\system\CodeIgniter.php(398): CodeIgniter\CodeIgniter->runController(Object(App\Controllers\Dashboard))
#5 C:\xampp\htdocs\caf\vendor\codeigniter4\framework\system\CodeIgniter.php(306): CodeIgniter\CodeIgniter->handleRequest(NULL, Object(Config\Cache), false)
#6 C:\xampp\htdocs\caf\public\index.php(45): CodeIgniter\CodeIgniter->run()
#7 C:\xampp\htdocs\caf\vendor\codeigniter4\framework\system\Commands\Server\rewrite.php(34): require_once('C:\\xampp\\htdocs...')
#8 {main}
CRITICAL - 2020-11-26 01:52:48 --> 
#0 C:\xampp\htdocs\caf\vendor\codeigniter4\framework\system\HTTP\RedirectResponse.php(92): CodeIgniter\HTTP\Exceptions\HTTPException::forInvalidRedirectRoute('')
#1 C:\xampp\htdocs\caf\vendor\codeigniter4\framework\system\Common.php(798): CodeIgniter\HTTP\RedirectResponse->route(false)
#2 C:\xampp\htdocs\caf\app\Controllers\Dashboard.php(23): redirect('http://localhos...')
#3 C:\xampp\htdocs\caf\vendor\codeigniter4\framework\system\CodeIgniter.php(910): App\Controllers\Dashboard->index()
#4 C:\xampp\htdocs\caf\vendor\codeigniter4\framework\system\CodeIgniter.php(398): CodeIgniter\CodeIgniter->runController(Object(App\Controllers\Dashboard))
#5 C:\xampp\htdocs\caf\vendor\codeigniter4\framework\system\CodeIgniter.php(306): CodeIgniter\CodeIgniter->handleRequest(NULL, Object(Config\Cache), false)
#6 C:\xampp\htdocs\caf\public\index.php(45): CodeIgniter\CodeIgniter->run()
#7 C:\xampp\htdocs\caf\vendor\codeigniter4\framework\system\Commands\Server\rewrite.php(34): require_once('C:\\xampp\\htdocs...')
#8 {main}
CRITICAL - 2020-11-26 01:53:03 --> 
#0 C:\xampp\htdocs\caf\vendor\codeigniter4\framework\system\HTTP\RedirectResponse.php(92): CodeIgniter\HTTP\Exceptions\HTTPException::forInvalidRedirectRoute('')
#1 C:\xampp\htdocs\caf\vendor\codeigniter4\framework\system\Common.php(798): CodeIgniter\HTTP\RedirectResponse->route(false)
#2 C:\xampp\htdocs\caf\app\Controllers\Dashboard.php(23): redirect('http://localhos...')
#3 C:\xampp\htdocs\caf\vendor\codeigniter4\framework\system\CodeIgniter.php(910): App\Controllers\Dashboard->index()
#4 C:\xampp\htdocs\caf\vendor\codeigniter4\framework\system\CodeIgniter.php(398): CodeIgniter\CodeIgniter->runController(Object(App\Controllers\Dashboard))
#5 C:\xampp\htdocs\caf\vendor\codeigniter4\framework\system\CodeIgniter.php(306): CodeIgniter\CodeIgniter->handleRequest(NULL, Object(Config\Cache), false)
#6 C:\xampp\htdocs\caf\public\index.php(45): CodeIgniter\CodeIgniter->run()
#7 C:\xampp\htdocs\caf\vendor\codeigniter4\framework\system\Commands\Server\rewrite.php(34): require_once('C:\\xampp\\htdocs...')
#8 {main}
CRITICAL - 2020-11-26 20:43:51 --> Undefined index: email
#0 C:\xampp\htdocs\caf\app\Controllers\Personal.php(40): CodeIgniter\Debug\Exceptions->errorHandler(8, 'Undefined index...', 'C:\\xampp\\htdocs...', 40, Array)
#1 C:\xampp\htdocs\caf\vendor\codeigniter4\framework\system\CodeIgniter.php(910): App\Controllers\Personal->login()
#2 C:\xampp\htdocs\caf\vendor\codeigniter4\framework\system\CodeIgniter.php(398): CodeIgniter\CodeIgniter->runController(Object(App\Controllers\Personal))
#3 C:\xampp\htdocs\caf\vendor\codeigniter4\framework\system\CodeIgniter.php(306): CodeIgniter\CodeIgniter->handleRequest(NULL, Object(Config\Cache), false)
#4 C:\xampp\htdocs\caf\public\index.php(45): CodeIgniter\CodeIgniter->run()
#5 C:\xampp\htdocs\caf\vendor\codeigniter4\framework\system\Commands\Server\rewrite.php(34): require_once('C:\\xampp\\htdocs...')
#6 {main}
CRITICAL - 2020-11-26 20:46:28 --> Undefined index: email
#0 C:\xampp\htdocs\caf\app\Controllers\Personal.php(40): CodeIgniter\Debug\Exceptions->errorHandler(8, 'Undefined index...', 'C:\\xampp\\htdocs...', 40, Array)
#1 C:\xampp\htdocs\caf\vendor\codeigniter4\framework\system\CodeIgniter.php(910): App\Controllers\Personal->login()
#2 C:\xampp\htdocs\caf\vendor\codeigniter4\framework\system\CodeIgniter.php(398): CodeIgniter\CodeIgniter->runController(Object(App\Controllers\Personal))
#3 C:\xampp\htdocs\caf\vendor\codeigniter4\framework\system\CodeIgniter.php(306): CodeIgniter\CodeIgniter->handleRequest(NULL, Object(Config\Cache), false)
#4 C:\xampp\htdocs\caf\public\index.php(45): CodeIgniter\CodeIgniter->run()
#5 C:\xampp\htdocs\caf\vendor\codeigniter4\framework\system\Commands\Server\rewrite.php(34): require_once('C:\\xampp\\htdocs...')
#6 {main}
