CRITICAL - 2021-02-03 00:02:35 --> Undefined offset: 0
#0 C:\xampp\htdocs\caf\app\Models\Personnel_m.php(149): CodeIgniter\Debug\Exceptions->errorHandler(8, 'Undefined offse...', 'C:\\xampp\\htdocs...', 149, Array)
#1 C:\xampp\htdocs\caf\app\Controllers\Dashboard.php(136): App\Models\Personnel_m->delete_users('[]', Array)
#2 C:\xampp\htdocs\caf\vendor\codeigniter4\framework\system\CodeIgniter.php(910): App\Controllers\Dashboard->delete_users()
#3 C:\xampp\htdocs\caf\vendor\codeigniter4\framework\system\CodeIgniter.php(398): CodeIgniter\CodeIgniter->runController(Object(App\Controllers\Dashboard))
#4 C:\xampp\htdocs\caf\vendor\codeigniter4\framework\system\CodeIgniter.php(306): CodeIgniter\CodeIgniter->handleRequest(NULL, Object(Config\Cache), false)
#5 C:\xampp\htdocs\caf\public\index.php(45): CodeIgniter\CodeIgniter->run()
#6 C:\xampp\htdocs\caf\vendor\codeigniter4\framework\system\Commands\Server\rewrite.php(34): require_once('C:\\xampp\\htdocs...')
#7 {main}
CRITICAL - 2021-02-03 00:05:46 --> Undefined offset: 0
#0 C:\xampp\htdocs\caf\app\Models\Personnel_m.php(149): CodeIgniter\Debug\Exceptions->errorHandler(8, 'Undefined offse...', 'C:\\xampp\\htdocs...', 149, Array)
#1 C:\xampp\htdocs\caf\app\Controllers\Dashboard.php(136): App\Models\Personnel_m->delete_users('[]', Array)
#2 C:\xampp\htdocs\caf\vendor\codeigniter4\framework\system\CodeIgniter.php(910): App\Controllers\Dashboard->delete_users()
#3 C:\xampp\htdocs\caf\vendor\codeigniter4\framework\system\CodeIgniter.php(398): CodeIgniter\CodeIgniter->runController(Object(App\Controllers\Dashboard))
#4 C:\xampp\htdocs\caf\vendor\codeigniter4\framework\system\CodeIgniter.php(306): CodeIgniter\CodeIgniter->handleRequest(NULL, Object(Config\Cache), false)
#5 C:\xampp\htdocs\caf\public\index.php(45): CodeIgniter\CodeIgniter->run()
#6 C:\xampp\htdocs\caf\vendor\codeigniter4\framework\system\Commands\Server\rewrite.php(34): require_once('C:\\xampp\\htdocs...')
#7 {main}
CRITICAL - 2021-02-03 20:34:08 --> Undefined offset: 0
#0 C:\xampp\htdocs\caf\app\Controllers\Dashboard.php(190): CodeIgniter\Debug\Exceptions->errorHandler(8, 'Undefined offse...', 'C:\\xampp\\htdocs...', 190, Array)
#1 C:\xampp\htdocs\caf\vendor\codeigniter4\framework\system\CodeIgniter.php(910): App\Controllers\Dashboard->sendMail()
#2 C:\xampp\htdocs\caf\vendor\codeigniter4\framework\system\CodeIgniter.php(398): CodeIgniter\CodeIgniter->runController(Object(App\Controllers\Dashboard))
#3 C:\xampp\htdocs\caf\vendor\codeigniter4\framework\system\CodeIgniter.php(306): CodeIgniter\CodeIgniter->handleRequest(NULL, Object(Config\Cache), false)
#4 C:\xampp\htdocs\caf\public\index.php(45): CodeIgniter\CodeIgniter->run()
#5 C:\xampp\htdocs\caf\vendor\codeigniter4\framework\system\Commands\Server\rewrite.php(34): require_once('C:\\xampp\\htdocs...')
#6 {main}
CRITICAL - 2021-02-03 20:34:10 --> Undefined offset: 0
#0 C:\xampp\htdocs\caf\app\Controllers\Dashboard.php(313): CodeIgniter\Debug\Exceptions->errorHandler(8, 'Undefined offse...', 'C:\\xampp\\htdocs...', 313, Array)
#1 C:\xampp\htdocs\caf\vendor\codeigniter4\framework\system\CodeIgniter.php(910): App\Controllers\Dashboard->sendMail_follow_up()
#2 C:\xampp\htdocs\caf\vendor\codeigniter4\framework\system\CodeIgniter.php(398): CodeIgniter\CodeIgniter->runController(Object(App\Controllers\Dashboard))
#3 C:\xampp\htdocs\caf\vendor\codeigniter4\framework\system\CodeIgniter.php(306): CodeIgniter\CodeIgniter->handleRequest(NULL, Object(Config\Cache), false)
#4 C:\xampp\htdocs\caf\public\index.php(45): CodeIgniter\CodeIgniter->run()
#5 C:\xampp\htdocs\caf\vendor\codeigniter4\framework\system\Commands\Server\rewrite.php(34): require_once('C:\\xampp\\htdocs...')
#6 {main}
CRITICAL - 2021-02-03 20:34:12 --> Undefined offset: 0
#0 C:\xampp\htdocs\caf\app\Models\Personnel_m.php(149): CodeIgniter\Debug\Exceptions->errorHandler(8, 'Undefined offse...', 'C:\\xampp\\htdocs...', 149, Array)
#1 C:\xampp\htdocs\caf\app\Controllers\Dashboard.php(139): App\Models\Personnel_m->delete_users('[]', Array)
#2 C:\xampp\htdocs\caf\vendor\codeigniter4\framework\system\CodeIgniter.php(910): App\Controllers\Dashboard->delete_users()
#3 C:\xampp\htdocs\caf\vendor\codeigniter4\framework\system\CodeIgniter.php(398): CodeIgniter\CodeIgniter->runController(Object(App\Controllers\Dashboard))
#4 C:\xampp\htdocs\caf\vendor\codeigniter4\framework\system\CodeIgniter.php(306): CodeIgniter\CodeIgniter->handleRequest(NULL, Object(Config\Cache), false)
#5 C:\xampp\htdocs\caf\public\index.php(45): CodeIgniter\CodeIgniter->run()
#6 C:\xampp\htdocs\caf\vendor\codeigniter4\framework\system\Commands\Server\rewrite.php(34): require_once('C:\\xampp\\htdocs...')
#7 {main}
CRITICAL - 2021-02-03 21:26:15 --> Class 'App\Controllers\IOFactory' not found
#0 C:\xampp\htdocs\caf\vendor\codeigniter4\framework\system\CodeIgniter.php(910): App\Controllers\Dashboard->export()
#1 C:\xampp\htdocs\caf\vendor\codeigniter4\framework\system\CodeIgniter.php(398): CodeIgniter\CodeIgniter->runController(Object(App\Controllers\Dashboard))
#2 C:\xampp\htdocs\caf\vendor\codeigniter4\framework\system\CodeIgniter.php(306): CodeIgniter\CodeIgniter->handleRequest(NULL, Object(Config\Cache), false)
#3 C:\xampp\htdocs\caf\public\index.php(45): CodeIgniter\CodeIgniter->run()
#4 C:\xampp\htdocs\caf\vendor\codeigniter4\framework\system\Commands\Server\rewrite.php(34): require_once('C:\\xampp\\htdocs...')
#5 {main}
CRITICAL - 2021-02-03 21:33:19 --> Undefined offset: 0
#0 C:\xampp\htdocs\caf\app\Controllers\Dashboard.php(191): CodeIgniter\Debug\Exceptions->errorHandler(8, 'Undefined offse...', 'C:\\xampp\\htdocs...', 191, Array)
#1 C:\xampp\htdocs\caf\vendor\codeigniter4\framework\system\CodeIgniter.php(910): App\Controllers\Dashboard->sendMail()
#2 C:\xampp\htdocs\caf\vendor\codeigniter4\framework\system\CodeIgniter.php(398): CodeIgniter\CodeIgniter->runController(Object(App\Controllers\Dashboard))
#3 C:\xampp\htdocs\caf\vendor\codeigniter4\framework\system\CodeIgniter.php(306): CodeIgniter\CodeIgniter->handleRequest(NULL, Object(Config\Cache), false)
#4 C:\xampp\htdocs\caf\public\index.php(45): CodeIgniter\CodeIgniter->run()
#5 C:\xampp\htdocs\caf\vendor\codeigniter4\framework\system\Commands\Server\rewrite.php(34): require_once('C:\\xampp\\htdocs...')
#6 {main}
CRITICAL - 2021-02-03 21:33:21 --> Undefined offset: 0
#0 C:\xampp\htdocs\caf\app\Controllers\Dashboard.php(314): CodeIgniter\Debug\Exceptions->errorHandler(8, 'Undefined offse...', 'C:\\xampp\\htdocs...', 314, Array)
#1 C:\xampp\htdocs\caf\vendor\codeigniter4\framework\system\CodeIgniter.php(910): App\Controllers\Dashboard->sendMail_follow_up()
#2 C:\xampp\htdocs\caf\vendor\codeigniter4\framework\system\CodeIgniter.php(398): CodeIgniter\CodeIgniter->runController(Object(App\Controllers\Dashboard))
#3 C:\xampp\htdocs\caf\vendor\codeigniter4\framework\system\CodeIgniter.php(306): CodeIgniter\CodeIgniter->handleRequest(NULL, Object(Config\Cache), false)
#4 C:\xampp\htdocs\caf\public\index.php(45): CodeIgniter\CodeIgniter->run()
#5 C:\xampp\htdocs\caf\vendor\codeigniter4\framework\system\Commands\Server\rewrite.php(34): require_once('C:\\xampp\\htdocs...')
#6 {main}
CRITICAL - 2021-02-03 23:31:43 --> Call to undefined method CodeIgniter\Database\MySQLi\Builder::getResult()
#0 C:\xampp\htdocs\caf\app\Controllers\Dashboard.php(425): App\Models\Personnel_m->export_respondents()
#1 C:\xampp\htdocs\caf\vendor\codeigniter4\framework\system\CodeIgniter.php(910): App\Controllers\Dashboard->export()
#2 C:\xampp\htdocs\caf\vendor\codeigniter4\framework\system\CodeIgniter.php(398): CodeIgniter\CodeIgniter->runController(Object(App\Controllers\Dashboard))
#3 C:\xampp\htdocs\caf\vendor\codeigniter4\framework\system\CodeIgniter.php(306): CodeIgniter\CodeIgniter->handleRequest(NULL, Object(Config\Cache), false)
#4 C:\xampp\htdocs\caf\public\index.php(45): CodeIgniter\CodeIgniter->run()
#5 C:\xampp\htdocs\caf\vendor\codeigniter4\framework\system\Commands\Server\rewrite.php(34): require_once('C:\\xampp\\htdocs...')
#6 {main}
CRITICAL - 2021-02-03 23:34:18 --> Object of class App\Models\Personnel_m could not be converted to string
#0 C:\xampp\htdocs\caf\app\Controllers\Dashboard.php(429): CodeIgniter\Debug\Exceptions->errorHandler(4096, 'Object of class...', 'C:\\xampp\\htdocs...', 429, Array)
#1 C:\xampp\htdocs\caf\vendor\codeigniter4\framework\system\CodeIgniter.php(910): App\Controllers\Dashboard->export()
#2 C:\xampp\htdocs\caf\vendor\codeigniter4\framework\system\CodeIgniter.php(398): CodeIgniter\CodeIgniter->runController(Object(App\Controllers\Dashboard))
#3 C:\xampp\htdocs\caf\vendor\codeigniter4\framework\system\CodeIgniter.php(306): CodeIgniter\CodeIgniter->handleRequest(NULL, Object(Config\Cache), false)
#4 C:\xampp\htdocs\caf\public\index.php(45): CodeIgniter\CodeIgniter->run()
#5 C:\xampp\htdocs\caf\vendor\codeigniter4\framework\system\Commands\Server\rewrite.php(34): require_once('C:\\xampp\\htdocs...')
#6 {main}
CRITICAL - 2021-02-03 23:36:21 --> Undefined variable: province_id
#0 C:\xampp\htdocs\caf\app\Models\Personnel_m.php(97): CodeIgniter\Debug\Exceptions->errorHandler(8, 'Undefined varia...', 'C:\\xampp\\htdocs...', 97, Array)
#1 C:\xampp\htdocs\caf\app\Controllers\Dashboard.php(425): App\Models\Personnel_m->export_respondents()
#2 C:\xampp\htdocs\caf\vendor\codeigniter4\framework\system\CodeIgniter.php(910): App\Controllers\Dashboard->export()
#3 C:\xampp\htdocs\caf\vendor\codeigniter4\framework\system\CodeIgniter.php(398): CodeIgniter\CodeIgniter->runController(Object(App\Controllers\Dashboard))
#4 C:\xampp\htdocs\caf\vendor\codeigniter4\framework\system\CodeIgniter.php(306): CodeIgniter\CodeIgniter->handleRequest(NULL, Object(Config\Cache), false)
#5 C:\xampp\htdocs\caf\public\index.php(45): CodeIgniter\CodeIgniter->run()
#6 C:\xampp\htdocs\caf\vendor\codeigniter4\framework\system\Commands\Server\rewrite.php(34): require_once('C:\\xampp\\htdocs...')
#7 {main}
CRITICAL - 2021-02-03 23:36:22 --> Undefined variable: province_id
#0 C:\xampp\htdocs\caf\app\Models\Personnel_m.php(97): CodeIgniter\Debug\Exceptions->errorHandler(8, 'Undefined varia...', 'C:\\xampp\\htdocs...', 97, Array)
#1 C:\xampp\htdocs\caf\app\Controllers\Dashboard.php(425): App\Models\Personnel_m->export_respondents()
#2 C:\xampp\htdocs\caf\vendor\codeigniter4\framework\system\CodeIgniter.php(910): App\Controllers\Dashboard->export()
#3 C:\xampp\htdocs\caf\vendor\codeigniter4\framework\system\CodeIgniter.php(398): CodeIgniter\CodeIgniter->runController(Object(App\Controllers\Dashboard))
#4 C:\xampp\htdocs\caf\vendor\codeigniter4\framework\system\CodeIgniter.php(306): CodeIgniter\CodeIgniter->handleRequest(NULL, Object(Config\Cache), false)
#5 C:\xampp\htdocs\caf\public\index.php(45): CodeIgniter\CodeIgniter->run()
#6 C:\xampp\htdocs\caf\vendor\codeigniter4\framework\system\Commands\Server\rewrite.php(34): require_once('C:\\xampp\\htdocs...')
#7 {main}
CRITICAL - 2021-02-03 23:38:30 --> Object of class stdClass could not be converted to string
#0 C:\xampp\htdocs\caf\app\Controllers\Dashboard.php(429): CodeIgniter\Debug\Exceptions->errorHandler(4096, 'Object of class...', 'C:\\xampp\\htdocs...', 429, Array)
#1 C:\xampp\htdocs\caf\vendor\codeigniter4\framework\system\CodeIgniter.php(910): App\Controllers\Dashboard->export()
#2 C:\xampp\htdocs\caf\vendor\codeigniter4\framework\system\CodeIgniter.php(398): CodeIgniter\CodeIgniter->runController(Object(App\Controllers\Dashboard))
#3 C:\xampp\htdocs\caf\vendor\codeigniter4\framework\system\CodeIgniter.php(306): CodeIgniter\CodeIgniter->handleRequest(NULL, Object(Config\Cache), false)
#4 C:\xampp\htdocs\caf\public\index.php(45): CodeIgniter\CodeIgniter->run()
#5 C:\xampp\htdocs\caf\vendor\codeigniter4\framework\system\Commands\Server\rewrite.php(34): require_once('C:\\xampp\\htdocs...')
#6 {main}
CRITICAL - 2021-02-03 23:38:41 --> Cannot use object of type stdClass as array
#0 C:\xampp\htdocs\caf\vendor\codeigniter4\framework\system\CodeIgniter.php(910): App\Controllers\Dashboard->export()
#1 C:\xampp\htdocs\caf\vendor\codeigniter4\framework\system\CodeIgniter.php(398): CodeIgniter\CodeIgniter->runController(Object(App\Controllers\Dashboard))
#2 C:\xampp\htdocs\caf\vendor\codeigniter4\framework\system\CodeIgniter.php(306): CodeIgniter\CodeIgniter->handleRequest(NULL, Object(Config\Cache), false)
#3 C:\xampp\htdocs\caf\public\index.php(45): CodeIgniter\CodeIgniter->run()
#4 C:\xampp\htdocs\caf\vendor\codeigniter4\framework\system\Commands\Server\rewrite.php(34): require_once('C:\\xampp\\htdocs...')
#5 {main}
CRITICAL - 2021-02-03 23:38:42 --> Cannot use object of type stdClass as array
#0 C:\xampp\htdocs\caf\vendor\codeigniter4\framework\system\CodeIgniter.php(910): App\Controllers\Dashboard->export()
#1 C:\xampp\htdocs\caf\vendor\codeigniter4\framework\system\CodeIgniter.php(398): CodeIgniter\CodeIgniter->runController(Object(App\Controllers\Dashboard))
#2 C:\xampp\htdocs\caf\vendor\codeigniter4\framework\system\CodeIgniter.php(306): CodeIgniter\CodeIgniter->handleRequest(NULL, Object(Config\Cache), false)
#3 C:\xampp\htdocs\caf\public\index.php(45): CodeIgniter\CodeIgniter->run()
#4 C:\xampp\htdocs\caf\vendor\codeigniter4\framework\system\Commands\Server\rewrite.php(34): require_once('C:\\xampp\\htdocs...')
#5 {main}
CRITICAL - 2021-02-03 23:52:46 --> Undefined offset: 0
#0 C:\xampp\htdocs\caf\app\Controllers\Dashboard.php(191): CodeIgniter\Debug\Exceptions->errorHandler(8, 'Undefined offse...', 'C:\\xampp\\htdocs...', 191, Array)
#1 C:\xampp\htdocs\caf\vendor\codeigniter4\framework\system\CodeIgniter.php(910): App\Controllers\Dashboard->sendMail()
#2 C:\xampp\htdocs\caf\vendor\codeigniter4\framework\system\CodeIgniter.php(398): CodeIgniter\CodeIgniter->runController(Object(App\Controllers\Dashboard))
#3 C:\xampp\htdocs\caf\vendor\codeigniter4\framework\system\CodeIgniter.php(306): CodeIgniter\CodeIgniter->handleRequest(NULL, Object(Config\Cache), false)
#4 C:\xampp\htdocs\caf\public\index.php(45): CodeIgniter\CodeIgniter->run()
#5 C:\xampp\htdocs\caf\vendor\codeigniter4\framework\system\Commands\Server\rewrite.php(34): require_once('C:\\xampp\\htdocs...')
#6 {main}
CRITICAL - 2021-02-03 23:52:48 --> Undefined offset: 0
#0 C:\xampp\htdocs\caf\app\Controllers\Dashboard.php(314): CodeIgniter\Debug\Exceptions->errorHandler(8, 'Undefined offse...', 'C:\\xampp\\htdocs...', 314, Array)
#1 C:\xampp\htdocs\caf\vendor\codeigniter4\framework\system\CodeIgniter.php(910): App\Controllers\Dashboard->sendMail_follow_up()
#2 C:\xampp\htdocs\caf\vendor\codeigniter4\framework\system\CodeIgniter.php(398): CodeIgniter\CodeIgniter->runController(Object(App\Controllers\Dashboard))
#3 C:\xampp\htdocs\caf\vendor\codeigniter4\framework\system\CodeIgniter.php(306): CodeIgniter\CodeIgniter->handleRequest(NULL, Object(Config\Cache), false)
#4 C:\xampp\htdocs\caf\public\index.php(45): CodeIgniter\CodeIgniter->run()
#5 C:\xampp\htdocs\caf\vendor\codeigniter4\framework\system\Commands\Server\rewrite.php(34): require_once('C:\\xampp\\htdocs...')
#6 {main}
CRITICAL - 2021-02-03 23:53:43 --> Undefined offset: 0
#0 C:\xampp\htdocs\caf\app\Models\Personnel_m.php(157): CodeIgniter\Debug\Exceptions->errorHandler(8, 'Undefined offse...', 'C:\\xampp\\htdocs...', 157, Array)
#1 C:\xampp\htdocs\caf\app\Controllers\Dashboard.php(140): App\Models\Personnel_m->delete_users('[]', Array)
#2 C:\xampp\htdocs\caf\vendor\codeigniter4\framework\system\CodeIgniter.php(910): App\Controllers\Dashboard->delete_users()
#3 C:\xampp\htdocs\caf\vendor\codeigniter4\framework\system\CodeIgniter.php(398): CodeIgniter\CodeIgniter->runController(Object(App\Controllers\Dashboard))
#4 C:\xampp\htdocs\caf\vendor\codeigniter4\framework\system\CodeIgniter.php(306): CodeIgniter\CodeIgniter->handleRequest(NULL, Object(Config\Cache), false)
#5 C:\xampp\htdocs\caf\public\index.php(45): CodeIgniter\CodeIgniter->run()
#6 C:\xampp\htdocs\caf\vendor\codeigniter4\framework\system\Commands\Server\rewrite.php(34): require_once('C:\\xampp\\htdocs...')
#7 {main}
CRITICAL - 2021-02-03 23:53:45 --> Undefined offset: 0
#0 C:\xampp\htdocs\caf\app\Models\Personnel_m.php(157): CodeIgniter\Debug\Exceptions->errorHandler(8, 'Undefined offse...', 'C:\\xampp\\htdocs...', 157, Array)
#1 C:\xampp\htdocs\caf\app\Controllers\Dashboard.php(140): App\Models\Personnel_m->delete_users('[]', Array)
#2 C:\xampp\htdocs\caf\vendor\codeigniter4\framework\system\CodeIgniter.php(910): App\Controllers\Dashboard->delete_users()
#3 C:\xampp\htdocs\caf\vendor\codeigniter4\framework\system\CodeIgniter.php(398): CodeIgniter\CodeIgniter->runController(Object(App\Controllers\Dashboard))
#4 C:\xampp\htdocs\caf\vendor\codeigniter4\framework\system\CodeIgniter.php(306): CodeIgniter\CodeIgniter->handleRequest(NULL, Object(Config\Cache), false)
#5 C:\xampp\htdocs\caf\public\index.php(45): CodeIgniter\CodeIgniter->run()
#6 C:\xampp\htdocs\caf\vendor\codeigniter4\framework\system\Commands\Server\rewrite.php(34): require_once('C:\\xampp\\htdocs...')
#7 {main}
