CRITICAL - 2021-01-28 00:55:53 --> Undefined offset: 0
#0 C:\xampp\htdocs\caf\app\Models\Personnel_m.php(118): CodeIgniter\Debug\Exceptions->errorHandler(8, 'Undefined offse...', 'C:\\xampp\\htdocs...', 118, Array)
#1 C:\xampp\htdocs\caf\app\Controllers\Dashboard.php(74): App\Models\Personnel_m->delete_users('[]', Array)
#2 C:\xampp\htdocs\caf\vendor\codeigniter4\framework\system\CodeIgniter.php(910): App\Controllers\Dashboard->delete_users()
#3 C:\xampp\htdocs\caf\vendor\codeigniter4\framework\system\CodeIgniter.php(398): CodeIgniter\CodeIgniter->runController(Object(App\Controllers\Dashboard))
#4 C:\xampp\htdocs\caf\vendor\codeigniter4\framework\system\CodeIgniter.php(306): CodeIgniter\CodeIgniter->handleRequest(NULL, Object(Config\Cache), false)
#5 C:\xampp\htdocs\caf\public\index.php(45): CodeIgniter\CodeIgniter->run()
#6 C:\xampp\htdocs\caf\vendor\codeigniter4\framework\system\Commands\Server\rewrite.php(34): require_once('C:\\xampp\\htdocs...')
#7 {main}
CRITICAL - 2021-01-28 00:58:56 --> Undefined offset: 0
#0 C:\xampp\htdocs\caf\app\Models\Personnel_m.php(118): CodeIgniter\Debug\Exceptions->errorHandler(8, 'Undefined offse...', 'C:\\xampp\\htdocs...', 118, Array)
#1 C:\xampp\htdocs\caf\app\Controllers\Dashboard.php(74): App\Models\Personnel_m->delete_users('[]', Array)
#2 C:\xampp\htdocs\caf\vendor\codeigniter4\framework\system\CodeIgniter.php(910): App\Controllers\Dashboard->delete_users()
#3 C:\xampp\htdocs\caf\vendor\codeigniter4\framework\system\CodeIgniter.php(398): CodeIgniter\CodeIgniter->runController(Object(App\Controllers\Dashboard))
#4 C:\xampp\htdocs\caf\vendor\codeigniter4\framework\system\CodeIgniter.php(306): CodeIgniter\CodeIgniter->handleRequest(NULL, Object(Config\Cache), false)
#5 C:\xampp\htdocs\caf\public\index.php(45): CodeIgniter\CodeIgniter->run()
#6 C:\xampp\htdocs\caf\vendor\codeigniter4\framework\system\Commands\Server\rewrite.php(34): require_once('C:\\xampp\\htdocs...')
#7 {main}
CRITICAL - 2021-01-28 01:00:35 --> Undefined offset: 0
#0 C:\xampp\htdocs\caf\app\Models\Personnel_m.php(101): CodeIgniter\Debug\Exceptions->errorHandler(8, 'Undefined offse...', 'C:\\xampp\\htdocs...', 101, Array)
#1 C:\xampp\htdocs\caf\app\Controllers\Dashboard.php(74): App\Models\Personnel_m->delete_users('[]', Array)
#2 C:\xampp\htdocs\caf\vendor\codeigniter4\framework\system\CodeIgniter.php(910): App\Controllers\Dashboard->delete_users()
#3 C:\xampp\htdocs\caf\vendor\codeigniter4\framework\system\CodeIgniter.php(398): CodeIgniter\CodeIgniter->runController(Object(App\Controllers\Dashboard))
#4 C:\xampp\htdocs\caf\vendor\codeigniter4\framework\system\CodeIgniter.php(306): CodeIgniter\CodeIgniter->handleRequest(NULL, Object(Config\Cache), false)
#5 C:\xampp\htdocs\caf\public\index.php(45): CodeIgniter\CodeIgniter->run()
#6 C:\xampp\htdocs\caf\vendor\codeigniter4\framework\system\Commands\Server\rewrite.php(34): require_once('C:\\xampp\\htdocs...')
#7 {main}
CRITICAL - 2021-01-28 01:02:38 --> Array to string conversion
#0 C:\xampp\htdocs\caf\app\Models\Personnel_m.php(112): CodeIgniter\Debug\Exceptions->errorHandler(8, 'Array to string...', 'C:\\xampp\\htdocs...', 112, Array)
#1 C:\xampp\htdocs\caf\app\Controllers\Dashboard.php(74): App\Models\Personnel_m->delete_users('{"id_arrays":["...', Array)
#2 C:\xampp\htdocs\caf\vendor\codeigniter4\framework\system\CodeIgniter.php(910): App\Controllers\Dashboard->delete_users()
#3 C:\xampp\htdocs\caf\vendor\codeigniter4\framework\system\CodeIgniter.php(398): CodeIgniter\CodeIgniter->runController(Object(App\Controllers\Dashboard))
#4 C:\xampp\htdocs\caf\vendor\codeigniter4\framework\system\CodeIgniter.php(306): CodeIgniter\CodeIgniter->handleRequest(NULL, Object(Config\Cache), false)
#5 C:\xampp\htdocs\caf\public\index.php(45): CodeIgniter\CodeIgniter->run()
#6 C:\xampp\htdocs\caf\vendor\codeigniter4\framework\system\Commands\Server\rewrite.php(34): require_once('C:\\xampp\\htdocs...')
#7 {main}
CRITICAL - 2021-01-28 01:10:42 --> Undefined variable: id_arrays
#0 C:\xampp\htdocs\caf\app\Models\Personnel_m.php(104): CodeIgniter\Debug\Exceptions->errorHandler(8, 'Undefined varia...', 'C:\\xampp\\htdocs...', 104, Array)
#1 C:\xampp\htdocs\caf\app\Controllers\Dashboard.php(74): App\Models\Personnel_m->delete_users('{"id_arrays":["...', Array)
#2 C:\xampp\htdocs\caf\vendor\codeigniter4\framework\system\CodeIgniter.php(910): App\Controllers\Dashboard->delete_users()
#3 C:\xampp\htdocs\caf\vendor\codeigniter4\framework\system\CodeIgniter.php(398): CodeIgniter\CodeIgniter->runController(Object(App\Controllers\Dashboard))
#4 C:\xampp\htdocs\caf\vendor\codeigniter4\framework\system\CodeIgniter.php(306): CodeIgniter\CodeIgniter->handleRequest(NULL, Object(Config\Cache), false)
#5 C:\xampp\htdocs\caf\public\index.php(45): CodeIgniter\CodeIgniter->run()
#6 C:\xampp\htdocs\caf\vendor\codeigniter4\framework\system\Commands\Server\rewrite.php(34): require_once('C:\\xampp\\htdocs...')
#7 {main}
CRITICAL - 2021-01-28 01:26:23 --> Undefined offset: 0
#0 C:\xampp\htdocs\caf\app\Models\Personnel_m.php(99): CodeIgniter\Debug\Exceptions->errorHandler(8, 'Undefined offse...', 'C:\\xampp\\htdocs...', 99, Array)
#1 C:\xampp\htdocs\caf\app\Controllers\Dashboard.php(76): App\Models\Personnel_m->delete_users('[]', Array)
#2 C:\xampp\htdocs\caf\vendor\codeigniter4\framework\system\CodeIgniter.php(910): App\Controllers\Dashboard->delete_users()
#3 C:\xampp\htdocs\caf\vendor\codeigniter4\framework\system\CodeIgniter.php(398): CodeIgniter\CodeIgniter->runController(Object(App\Controllers\Dashboard))
#4 C:\xampp\htdocs\caf\vendor\codeigniter4\framework\system\CodeIgniter.php(306): CodeIgniter\CodeIgniter->handleRequest(NULL, Object(Config\Cache), false)
#5 C:\xampp\htdocs\caf\public\index.php(45): CodeIgniter\CodeIgniter->run()
#6 C:\xampp\htdocs\caf\vendor\codeigniter4\framework\system\Commands\Server\rewrite.php(34): require_once('C:\\xampp\\htdocs...')
#7 {main}
CRITICAL - 2021-01-28 02:04:42 --> Undefined offset: 0
#0 C:\xampp\htdocs\caf\app\Models\Personnel_m.php(99): CodeIgniter\Debug\Exceptions->errorHandler(8, 'Undefined offse...', 'C:\\xampp\\htdocs...', 99, Array)
#1 C:\xampp\htdocs\caf\app\Controllers\Dashboard.php(76): App\Models\Personnel_m->delete_users('[]', Array)
#2 C:\xampp\htdocs\caf\vendor\codeigniter4\framework\system\CodeIgniter.php(910): App\Controllers\Dashboard->delete_users()
#3 C:\xampp\htdocs\caf\vendor\codeigniter4\framework\system\CodeIgniter.php(398): CodeIgniter\CodeIgniter->runController(Object(App\Controllers\Dashboard))
#4 C:\xampp\htdocs\caf\vendor\codeigniter4\framework\system\CodeIgniter.php(306): CodeIgniter\CodeIgniter->handleRequest(NULL, Object(Config\Cache), false)
#5 C:\xampp\htdocs\caf\public\index.php(45): CodeIgniter\CodeIgniter->run()
#6 C:\xampp\htdocs\caf\vendor\codeigniter4\framework\system\Commands\Server\rewrite.php(34): require_once('C:\\xampp\\htdocs...')
#7 {main}
CRITICAL - 2021-01-28 02:04:49 --> Undefined offset: 0
#0 C:\xampp\htdocs\caf\app\Models\Personnel_m.php(99): CodeIgniter\Debug\Exceptions->errorHandler(8, 'Undefined offse...', 'C:\\xampp\\htdocs...', 99, Array)
#1 C:\xampp\htdocs\caf\app\Controllers\Dashboard.php(76): App\Models\Personnel_m->delete_users('[]', Array)
#2 C:\xampp\htdocs\caf\vendor\codeigniter4\framework\system\CodeIgniter.php(910): App\Controllers\Dashboard->delete_users()
#3 C:\xampp\htdocs\caf\vendor\codeigniter4\framework\system\CodeIgniter.php(398): CodeIgniter\CodeIgniter->runController(Object(App\Controllers\Dashboard))
#4 C:\xampp\htdocs\caf\vendor\codeigniter4\framework\system\CodeIgniter.php(306): CodeIgniter\CodeIgniter->handleRequest(NULL, Object(Config\Cache), false)
#5 C:\xampp\htdocs\caf\public\index.php(45): CodeIgniter\CodeIgniter->run()
#6 C:\xampp\htdocs\caf\vendor\codeigniter4\framework\system\Commands\Server\rewrite.php(34): require_once('C:\\xampp\\htdocs...')
#7 {main}
CRITICAL - 2021-01-28 02:04:55 --> Undefined offset: 0
#0 C:\xampp\htdocs\caf\app\Models\Personnel_m.php(99): CodeIgniter\Debug\Exceptions->errorHandler(8, 'Undefined offse...', 'C:\\xampp\\htdocs...', 99, Array)
#1 C:\xampp\htdocs\caf\app\Controllers\Dashboard.php(76): App\Models\Personnel_m->delete_users('[]', Array)
#2 C:\xampp\htdocs\caf\vendor\codeigniter4\framework\system\CodeIgniter.php(910): App\Controllers\Dashboard->delete_users()
#3 C:\xampp\htdocs\caf\vendor\codeigniter4\framework\system\CodeIgniter.php(398): CodeIgniter\CodeIgniter->runController(Object(App\Controllers\Dashboard))
#4 C:\xampp\htdocs\caf\vendor\codeigniter4\framework\system\CodeIgniter.php(306): CodeIgniter\CodeIgniter->handleRequest(NULL, Object(Config\Cache), false)
#5 C:\xampp\htdocs\caf\public\index.php(45): CodeIgniter\CodeIgniter->run()
#6 C:\xampp\htdocs\caf\vendor\codeigniter4\framework\system\Commands\Server\rewrite.php(34): require_once('C:\\xampp\\htdocs...')
#7 {main}
CRITICAL - 2021-01-28 02:05:05 --> Undefined offset: 0
#0 C:\xampp\htdocs\caf\app\Models\Personnel_m.php(99): CodeIgniter\Debug\Exceptions->errorHandler(8, 'Undefined offse...', 'C:\\xampp\\htdocs...', 99, Array)
#1 C:\xampp\htdocs\caf\app\Controllers\Dashboard.php(76): App\Models\Personnel_m->delete_users('[]', Array)
#2 C:\xampp\htdocs\caf\vendor\codeigniter4\framework\system\CodeIgniter.php(910): App\Controllers\Dashboard->delete_users()
#3 C:\xampp\htdocs\caf\vendor\codeigniter4\framework\system\CodeIgniter.php(398): CodeIgniter\CodeIgniter->runController(Object(App\Controllers\Dashboard))
#4 C:\xampp\htdocs\caf\vendor\codeigniter4\framework\system\CodeIgniter.php(306): CodeIgniter\CodeIgniter->handleRequest(NULL, Object(Config\Cache), false)
#5 C:\xampp\htdocs\caf\public\index.php(45): CodeIgniter\CodeIgniter->run()
#6 C:\xampp\htdocs\caf\vendor\codeigniter4\framework\system\Commands\Server\rewrite.php(34): require_once('C:\\xampp\\htdocs...')
#7 {main}
CRITICAL - 2021-01-28 02:07:24 --> Undefined offset: 0
#0 C:\xampp\htdocs\caf\app\Models\Personnel_m.php(99): CodeIgniter\Debug\Exceptions->errorHandler(8, 'Undefined offse...', 'C:\\xampp\\htdocs...', 99, Array)
#1 C:\xampp\htdocs\caf\app\Controllers\Dashboard.php(76): App\Models\Personnel_m->delete_users('[]', Array)
#2 C:\xampp\htdocs\caf\vendor\codeigniter4\framework\system\CodeIgniter.php(910): App\Controllers\Dashboard->delete_users()
#3 C:\xampp\htdocs\caf\vendor\codeigniter4\framework\system\CodeIgniter.php(398): CodeIgniter\CodeIgniter->runController(Object(App\Controllers\Dashboard))
#4 C:\xampp\htdocs\caf\vendor\codeigniter4\framework\system\CodeIgniter.php(306): CodeIgniter\CodeIgniter->handleRequest(NULL, Object(Config\Cache), false)
#5 C:\xampp\htdocs\caf\public\index.php(45): CodeIgniter\CodeIgniter->run()
#6 C:\xampp\htdocs\caf\vendor\codeigniter4\framework\system\Commands\Server\rewrite.php(34): require_once('C:\\xampp\\htdocs...')
#7 {main}
CRITICAL - 2021-01-28 03:14:44 --> Undefined offset: 0
#0 C:\xampp\htdocs\caf\app\Models\Personnel_m.php(99): CodeIgniter\Debug\Exceptions->errorHandler(8, 'Undefined offse...', 'C:\\xampp\\htdocs...', 99, Array)
#1 C:\xampp\htdocs\caf\app\Controllers\Dashboard.php(76): App\Models\Personnel_m->delete_users('[]', Array)
#2 C:\xampp\htdocs\caf\vendor\codeigniter4\framework\system\CodeIgniter.php(910): App\Controllers\Dashboard->delete_users()
#3 C:\xampp\htdocs\caf\vendor\codeigniter4\framework\system\CodeIgniter.php(398): CodeIgniter\CodeIgniter->runController(Object(App\Controllers\Dashboard))
#4 C:\xampp\htdocs\caf\vendor\codeigniter4\framework\system\CodeIgniter.php(306): CodeIgniter\CodeIgniter->handleRequest(NULL, Object(Config\Cache), false)
#5 C:\xampp\htdocs\caf\public\index.php(45): CodeIgniter\CodeIgniter->run()
#6 C:\xampp\htdocs\caf\vendor\codeigniter4\framework\system\Commands\Server\rewrite.php(34): require_once('C:\\xampp\\htdocs...')
#7 {main}
CRITICAL - 2021-01-28 03:32:39 --> Undefined offset: 0
#0 C:\xampp\htdocs\caf\app\Models\Personnel_m.php(99): CodeIgniter\Debug\Exceptions->errorHandler(8, 'Undefined offse...', 'C:\\xampp\\htdocs...', 99, Array)
#1 C:\xampp\htdocs\caf\app\Controllers\Dashboard.php(76): App\Models\Personnel_m->delete_users('[]', Array)
#2 C:\xampp\htdocs\caf\vendor\codeigniter4\framework\system\CodeIgniter.php(910): App\Controllers\Dashboard->delete_users()
#3 C:\xampp\htdocs\caf\vendor\codeigniter4\framework\system\CodeIgniter.php(398): CodeIgniter\CodeIgniter->runController(Object(App\Controllers\Dashboard))
#4 C:\xampp\htdocs\caf\vendor\codeigniter4\framework\system\CodeIgniter.php(306): CodeIgniter\CodeIgniter->handleRequest(NULL, Object(Config\Cache), false)
#5 C:\xampp\htdocs\caf\public\index.php(45): CodeIgniter\CodeIgniter->run()
#6 C:\xampp\htdocs\caf\vendor\codeigniter4\framework\system\Commands\Server\rewrite.php(34): require_once('C:\\xampp\\htdocs...')
#7 {main}
CRITICAL - 2021-01-28 03:42:51 --> Undefined offset: 0
#0 C:\xampp\htdocs\caf\app\Models\Personnel_m.php(99): CodeIgniter\Debug\Exceptions->errorHandler(8, 'Undefined offse...', 'C:\\xampp\\htdocs...', 99, Array)
#1 C:\xampp\htdocs\caf\app\Controllers\Dashboard.php(76): App\Models\Personnel_m->delete_users('[]', Array)
#2 C:\xampp\htdocs\caf\vendor\codeigniter4\framework\system\CodeIgniter.php(910): App\Controllers\Dashboard->delete_users()
#3 C:\xampp\htdocs\caf\vendor\codeigniter4\framework\system\CodeIgniter.php(398): CodeIgniter\CodeIgniter->runController(Object(App\Controllers\Dashboard))
#4 C:\xampp\htdocs\caf\vendor\codeigniter4\framework\system\CodeIgniter.php(306): CodeIgniter\CodeIgniter->handleRequest(NULL, Object(Config\Cache), false)
#5 C:\xampp\htdocs\caf\public\index.php(45): CodeIgniter\CodeIgniter->run()
#6 C:\xampp\htdocs\caf\vendor\codeigniter4\framework\system\Commands\Server\rewrite.php(34): require_once('C:\\xampp\\htdocs...')
#7 {main}
CRITICAL - 2021-01-28 03:45:33 --> Undefined offset: 0
#0 C:\xampp\htdocs\caf\app\Models\Personnel_m.php(99): CodeIgniter\Debug\Exceptions->errorHandler(8, 'Undefined offse...', 'C:\\xampp\\htdocs...', 99, Array)
#1 C:\xampp\htdocs\caf\app\Controllers\Dashboard.php(76): App\Models\Personnel_m->delete_users('[]', Array)
#2 C:\xampp\htdocs\caf\vendor\codeigniter4\framework\system\CodeIgniter.php(910): App\Controllers\Dashboard->delete_users()
#3 C:\xampp\htdocs\caf\vendor\codeigniter4\framework\system\CodeIgniter.php(398): CodeIgniter\CodeIgniter->runController(Object(App\Controllers\Dashboard))
#4 C:\xampp\htdocs\caf\vendor\codeigniter4\framework\system\CodeIgniter.php(306): CodeIgniter\CodeIgniter->handleRequest(NULL, Object(Config\Cache), false)
#5 C:\xampp\htdocs\caf\public\index.php(45): CodeIgniter\CodeIgniter->run()
#6 C:\xampp\htdocs\caf\vendor\codeigniter4\framework\system\Commands\Server\rewrite.php(34): require_once('C:\\xampp\\htdocs...')
#7 {main}
CRITICAL - 2021-01-28 04:01:37 --> Undefined offset: 0
#0 C:\xampp\htdocs\caf\app\Models\Personnel_m.php(99): CodeIgniter\Debug\Exceptions->errorHandler(8, 'Undefined offse...', 'C:\\xampp\\htdocs...', 99, Array)
#1 C:\xampp\htdocs\caf\app\Controllers\Dashboard.php(76): App\Models\Personnel_m->delete_users('[]', Array)
#2 C:\xampp\htdocs\caf\vendor\codeigniter4\framework\system\CodeIgniter.php(910): App\Controllers\Dashboard->delete_users()
#3 C:\xampp\htdocs\caf\vendor\codeigniter4\framework\system\CodeIgniter.php(398): CodeIgniter\CodeIgniter->runController(Object(App\Controllers\Dashboard))
#4 C:\xampp\htdocs\caf\vendor\codeigniter4\framework\system\CodeIgniter.php(306): CodeIgniter\CodeIgniter->handleRequest(NULL, Object(Config\Cache), false)
#5 C:\xampp\htdocs\caf\public\index.php(45): CodeIgniter\CodeIgniter->run()
#6 C:\xampp\htdocs\caf\vendor\codeigniter4\framework\system\Commands\Server\rewrite.php(34): require_once('C:\\xampp\\htdocs...')
#7 {main}
CRITICAL - 2021-01-28 04:02:03 --> Undefined offset: 0
#0 C:\xampp\htdocs\caf\app\Models\Personnel_m.php(99): CodeIgniter\Debug\Exceptions->errorHandler(8, 'Undefined offse...', 'C:\\xampp\\htdocs...', 99, Array)
#1 C:\xampp\htdocs\caf\app\Controllers\Dashboard.php(76): App\Models\Personnel_m->delete_users('[]', Array)
#2 C:\xampp\htdocs\caf\vendor\codeigniter4\framework\system\CodeIgniter.php(910): App\Controllers\Dashboard->delete_users()
#3 C:\xampp\htdocs\caf\vendor\codeigniter4\framework\system\CodeIgniter.php(398): CodeIgniter\CodeIgniter->runController(Object(App\Controllers\Dashboard))
#4 C:\xampp\htdocs\caf\vendor\codeigniter4\framework\system\CodeIgniter.php(306): CodeIgniter\CodeIgniter->handleRequest(NULL, Object(Config\Cache), false)
#5 C:\xampp\htdocs\caf\public\index.php(45): CodeIgniter\CodeIgniter->run()
#6 C:\xampp\htdocs\caf\vendor\codeigniter4\framework\system\Commands\Server\rewrite.php(34): require_once('C:\\xampp\\htdocs...')
#7 {main}
CRITICAL - 2021-01-28 04:03:13 --> Undefined offset: 0
#0 C:\xampp\htdocs\caf\app\Models\Personnel_m.php(99): CodeIgniter\Debug\Exceptions->errorHandler(8, 'Undefined offse...', 'C:\\xampp\\htdocs...', 99, Array)
#1 C:\xampp\htdocs\caf\app\Controllers\Dashboard.php(76): App\Models\Personnel_m->delete_users('[]', Array)
#2 C:\xampp\htdocs\caf\vendor\codeigniter4\framework\system\CodeIgniter.php(910): App\Controllers\Dashboard->delete_users()
#3 C:\xampp\htdocs\caf\vendor\codeigniter4\framework\system\CodeIgniter.php(398): CodeIgniter\CodeIgniter->runController(Object(App\Controllers\Dashboard))
#4 C:\xampp\htdocs\caf\vendor\codeigniter4\framework\system\CodeIgniter.php(306): CodeIgniter\CodeIgniter->handleRequest(NULL, Object(Config\Cache), false)
#5 C:\xampp\htdocs\caf\public\index.php(45): CodeIgniter\CodeIgniter->run()
#6 C:\xampp\htdocs\caf\vendor\codeigniter4\framework\system\Commands\Server\rewrite.php(34): require_once('C:\\xampp\\htdocs...')
#7 {main}
CRITICAL - 2021-01-28 04:14:36 --> Undefined property: App\Controllers\Personnel::$output
#0 C:\xampp\htdocs\caf\app\Controllers\Personnel.php(66): CodeIgniter\Debug\Exceptions->errorHandler(8, 'Undefined prope...', 'C:\\xampp\\htdocs...', 66, Array)
#1 C:\xampp\htdocs\caf\vendor\codeigniter4\framework\system\CodeIgniter.php(910): App\Controllers\Personnel->login()
#2 C:\xampp\htdocs\caf\vendor\codeigniter4\framework\system\CodeIgniter.php(398): CodeIgniter\CodeIgniter->runController(Object(App\Controllers\Personnel))
#3 C:\xampp\htdocs\caf\vendor\codeigniter4\framework\system\CodeIgniter.php(306): CodeIgniter\CodeIgniter->handleRequest(NULL, Object(Config\Cache), false)
#4 C:\xampp\htdocs\caf\public\index.php(45): CodeIgniter\CodeIgniter->run()
#5 C:\xampp\htdocs\caf\vendor\codeigniter4\framework\system\Commands\Server\rewrite.php(34): require_once('C:\\xampp\\htdocs...')
#6 {main}
CRITICAL - 2021-01-28 04:16:56 --> Undefined offset: 0
#0 C:\xampp\htdocs\caf\app\Models\Personnel_m.php(99): CodeIgniter\Debug\Exceptions->errorHandler(8, 'Undefined offse...', 'C:\\xampp\\htdocs...', 99, Array)
#1 C:\xampp\htdocs\caf\app\Controllers\Dashboard.php(76): App\Models\Personnel_m->delete_users('[]', Array)
#2 C:\xampp\htdocs\caf\vendor\codeigniter4\framework\system\CodeIgniter.php(910): App\Controllers\Dashboard->delete_users()
#3 C:\xampp\htdocs\caf\vendor\codeigniter4\framework\system\CodeIgniter.php(398): CodeIgniter\CodeIgniter->runController(Object(App\Controllers\Dashboard))
#4 C:\xampp\htdocs\caf\vendor\codeigniter4\framework\system\CodeIgniter.php(306): CodeIgniter\CodeIgniter->handleRequest(NULL, Object(Config\Cache), false)
#5 C:\xampp\htdocs\caf\public\index.php(45): CodeIgniter\CodeIgniter->run()
#6 C:\xampp\htdocs\caf\vendor\codeigniter4\framework\system\Commands\Server\rewrite.php(34): require_once('C:\\xampp\\htdocs...')
#7 {main}
CRITICAL - 2021-01-28 04:17:09 --> Undefined offset: 0
#0 C:\xampp\htdocs\caf\app\Models\Personnel_m.php(99): CodeIgniter\Debug\Exceptions->errorHandler(8, 'Undefined offse...', 'C:\\xampp\\htdocs...', 99, Array)
#1 C:\xampp\htdocs\caf\app\Controllers\Dashboard.php(76): App\Models\Personnel_m->delete_users('[]', Array)
#2 C:\xampp\htdocs\caf\vendor\codeigniter4\framework\system\CodeIgniter.php(910): App\Controllers\Dashboard->delete_users()
#3 C:\xampp\htdocs\caf\vendor\codeigniter4\framework\system\CodeIgniter.php(398): CodeIgniter\CodeIgniter->runController(Object(App\Controllers\Dashboard))
#4 C:\xampp\htdocs\caf\vendor\codeigniter4\framework\system\CodeIgniter.php(306): CodeIgniter\CodeIgniter->handleRequest(NULL, Object(Config\Cache), false)
#5 C:\xampp\htdocs\caf\public\index.php(45): CodeIgniter\CodeIgniter->run()
#6 C:\xampp\htdocs\caf\vendor\codeigniter4\framework\system\Commands\Server\rewrite.php(34): require_once('C:\\xampp\\htdocs...')
#7 {main}
CRITICAL - 2021-01-28 04:18:13 --> Undefined offset: 0
#0 C:\xampp\htdocs\caf\app\Models\Personnel_m.php(99): CodeIgniter\Debug\Exceptions->errorHandler(8, 'Undefined offse...', 'C:\\xampp\\htdocs...', 99, Array)
#1 C:\xampp\htdocs\caf\app\Controllers\Dashboard.php(76): App\Models\Personnel_m->delete_users('[]', Array)
#2 C:\xampp\htdocs\caf\vendor\codeigniter4\framework\system\CodeIgniter.php(910): App\Controllers\Dashboard->delete_users()
#3 C:\xampp\htdocs\caf\vendor\codeigniter4\framework\system\CodeIgniter.php(398): CodeIgniter\CodeIgniter->runController(Object(App\Controllers\Dashboard))
#4 C:\xampp\htdocs\caf\vendor\codeigniter4\framework\system\CodeIgniter.php(306): CodeIgniter\CodeIgniter->handleRequest(NULL, Object(Config\Cache), false)
#5 C:\xampp\htdocs\caf\public\index.php(45): CodeIgniter\CodeIgniter->run()
#6 C:\xampp\htdocs\caf\vendor\codeigniter4\framework\system\Commands\Server\rewrite.php(34): require_once('C:\\xampp\\htdocs...')
#7 {main}
CRITICAL - 2021-01-28 04:18:15 --> Undefined offset: 0
#0 C:\xampp\htdocs\caf\app\Models\Personnel_m.php(99): CodeIgniter\Debug\Exceptions->errorHandler(8, 'Undefined offse...', 'C:\\xampp\\htdocs...', 99, Array)
#1 C:\xampp\htdocs\caf\app\Controllers\Dashboard.php(76): App\Models\Personnel_m->delete_users('[]', Array)
#2 C:\xampp\htdocs\caf\vendor\codeigniter4\framework\system\CodeIgniter.php(910): App\Controllers\Dashboard->delete_users()
#3 C:\xampp\htdocs\caf\vendor\codeigniter4\framework\system\CodeIgniter.php(398): CodeIgniter\CodeIgniter->runController(Object(App\Controllers\Dashboard))
#4 C:\xampp\htdocs\caf\vendor\codeigniter4\framework\system\CodeIgniter.php(306): CodeIgniter\CodeIgniter->handleRequest(NULL, Object(Config\Cache), false)
#5 C:\xampp\htdocs\caf\public\index.php(45): CodeIgniter\CodeIgniter->run()
#6 C:\xampp\htdocs\caf\vendor\codeigniter4\framework\system\Commands\Server\rewrite.php(34): require_once('C:\\xampp\\htdocs...')
#7 {main}
CRITICAL - 2021-01-28 04:19:59 --> Undefined property: App\Controllers\Personnel::$output
#0 C:\xampp\htdocs\caf\app\Controllers\Personnel.php(66): CodeIgniter\Debug\Exceptions->errorHandler(8, 'Undefined prope...', 'C:\\xampp\\htdocs...', 66, Array)
#1 C:\xampp\htdocs\caf\vendor\codeigniter4\framework\system\CodeIgniter.php(910): App\Controllers\Personnel->login()
#2 C:\xampp\htdocs\caf\vendor\codeigniter4\framework\system\CodeIgniter.php(398): CodeIgniter\CodeIgniter->runController(Object(App\Controllers\Personnel))
#3 C:\xampp\htdocs\caf\vendor\codeigniter4\framework\system\CodeIgniter.php(306): CodeIgniter\CodeIgniter->handleRequest(NULL, Object(Config\Cache), false)
#4 C:\xampp\htdocs\caf\public\index.php(45): CodeIgniter\CodeIgniter->run()
#5 C:\xampp\htdocs\caf\vendor\codeigniter4\framework\system\Commands\Server\rewrite.php(34): require_once('C:\\xampp\\htdocs...')
#6 {main}
CRITICAL - 2021-01-28 04:20:08 --> Undefined property: App\Controllers\Personnel::$output
#0 C:\xampp\htdocs\caf\app\Controllers\Personnel.php(66): CodeIgniter\Debug\Exceptions->errorHandler(8, 'Undefined prope...', 'C:\\xampp\\htdocs...', 66, Array)
#1 C:\xampp\htdocs\caf\vendor\codeigniter4\framework\system\CodeIgniter.php(910): App\Controllers\Personnel->login()
#2 C:\xampp\htdocs\caf\vendor\codeigniter4\framework\system\CodeIgniter.php(398): CodeIgniter\CodeIgniter->runController(Object(App\Controllers\Personnel))
#3 C:\xampp\htdocs\caf\vendor\codeigniter4\framework\system\CodeIgniter.php(306): CodeIgniter\CodeIgniter->handleRequest(NULL, Object(Config\Cache), false)
#4 C:\xampp\htdocs\caf\public\index.php(45): CodeIgniter\CodeIgniter->run()
#5 C:\xampp\htdocs\caf\vendor\codeigniter4\framework\system\Commands\Server\rewrite.php(34): require_once('C:\\xampp\\htdocs...')
#6 {main}
CRITICAL - 2021-01-28 21:14:29 --> Undefined offset: 0
#0 C:\xampp\htdocs\caf\app\Models\Personnel_m.php(99): CodeIgniter\Debug\Exceptions->errorHandler(8, 'Undefined offse...', 'C:\\xampp\\htdocs...', 99, Array)
#1 C:\xampp\htdocs\caf\app\Controllers\Dashboard.php(76): App\Models\Personnel_m->delete_users('[]', Array)
#2 C:\xampp\htdocs\caf\vendor\codeigniter4\framework\system\CodeIgniter.php(910): App\Controllers\Dashboard->delete_users()
#3 C:\xampp\htdocs\caf\vendor\codeigniter4\framework\system\CodeIgniter.php(398): CodeIgniter\CodeIgniter->runController(Object(App\Controllers\Dashboard))
#4 C:\xampp\htdocs\caf\vendor\codeigniter4\framework\system\CodeIgniter.php(306): CodeIgniter\CodeIgniter->handleRequest(NULL, Object(Config\Cache), false)
#5 C:\xampp\htdocs\caf\public\index.php(45): CodeIgniter\CodeIgniter->run()
#6 C:\xampp\htdocs\caf\vendor\codeigniter4\framework\system\Commands\Server\rewrite.php(34): require_once('C:\\xampp\\htdocs...')
#7 {main}
CRITICAL - 2021-01-28 21:45:01 --> Call to undefined method CodeIgniter\Database\MySQLi\Connection::from()
#0 C:\xampp\htdocs\caf\app\Controllers\Dashboard.php(51): App\Models\Personnel_m->load_region()
#1 C:\xampp\htdocs\caf\vendor\codeigniter4\framework\system\CodeIgniter.php(910): App\Controllers\Dashboard->load_region()
#2 C:\xampp\htdocs\caf\vendor\codeigniter4\framework\system\CodeIgniter.php(398): CodeIgniter\CodeIgniter->runController(Object(App\Controllers\Dashboard))
#3 C:\xampp\htdocs\caf\vendor\codeigniter4\framework\system\CodeIgniter.php(306): CodeIgniter\CodeIgniter->handleRequest(NULL, Object(Config\Cache), false)
#4 C:\xampp\htdocs\caf\public\index.php(45): CodeIgniter\CodeIgniter->run()
#5 C:\xampp\htdocs\caf\vendor\codeigniter4\framework\system\Commands\Server\rewrite.php(34): require_once('C:\\xampp\\htdocs...')
#6 {main}
CRITICAL - 2021-01-28 21:45:39 --> Call to undefined method CodeIgniter\Database\MySQLi\Connection::where()
#0 C:\xampp\htdocs\caf\app\Controllers\Dashboard.php(51): App\Models\Personnel_m->load_region()
#1 C:\xampp\htdocs\caf\vendor\codeigniter4\framework\system\CodeIgniter.php(910): App\Controllers\Dashboard->load_region()
#2 C:\xampp\htdocs\caf\vendor\codeigniter4\framework\system\CodeIgniter.php(398): CodeIgniter\CodeIgniter->runController(Object(App\Controllers\Dashboard))
#3 C:\xampp\htdocs\caf\vendor\codeigniter4\framework\system\CodeIgniter.php(306): CodeIgniter\CodeIgniter->handleRequest(NULL, Object(Config\Cache), false)
#4 C:\xampp\htdocs\caf\public\index.php(45): CodeIgniter\CodeIgniter->run()
#5 C:\xampp\htdocs\caf\vendor\codeigniter4\framework\system\Commands\Server\rewrite.php(34): require_once('C:\\xampp\\htdocs...')
#6 {main}
CRITICAL - 2021-01-28 21:46:30 --> Call to undefined method CodeIgniter\Database\MySQLi\Builder::order_by()
#0 C:\xampp\htdocs\caf\app\Controllers\Dashboard.php(51): App\Models\Personnel_m->load_region()
#1 C:\xampp\htdocs\caf\vendor\codeigniter4\framework\system\CodeIgniter.php(910): App\Controllers\Dashboard->load_region()
#2 C:\xampp\htdocs\caf\vendor\codeigniter4\framework\system\CodeIgniter.php(398): CodeIgniter\CodeIgniter->runController(Object(App\Controllers\Dashboard))
#3 C:\xampp\htdocs\caf\vendor\codeigniter4\framework\system\CodeIgniter.php(306): CodeIgniter\CodeIgniter->handleRequest(NULL, Object(Config\Cache), false)
#4 C:\xampp\htdocs\caf\public\index.php(45): CodeIgniter\CodeIgniter->run()
#5 C:\xampp\htdocs\caf\vendor\codeigniter4\framework\system\Commands\Server\rewrite.php(34): require_once('C:\\xampp\\htdocs...')
#6 {main}
CRITICAL - 2021-01-28 21:48:05 --> Call to undefined method CodeIgniter\Database\MySQLi\Connection::get()
#0 C:\xampp\htdocs\caf\app\Controllers\Dashboard.php(51): App\Models\Personnel_m->load_region()
#1 C:\xampp\htdocs\caf\vendor\codeigniter4\framework\system\CodeIgniter.php(910): App\Controllers\Dashboard->load_region()
#2 C:\xampp\htdocs\caf\vendor\codeigniter4\framework\system\CodeIgniter.php(398): CodeIgniter\CodeIgniter->runController(Object(App\Controllers\Dashboard))
#3 C:\xampp\htdocs\caf\vendor\codeigniter4\framework\system\CodeIgniter.php(306): CodeIgniter\CodeIgniter->handleRequest(NULL, Object(Config\Cache), false)
#4 C:\xampp\htdocs\caf\public\index.php(45): CodeIgniter\CodeIgniter->run()
#5 C:\xampp\htdocs\caf\vendor\codeigniter4\framework\system\Commands\Server\rewrite.php(34): require_once('C:\\xampp\\htdocs...')
#6 {main}
CRITICAL - 2021-01-28 21:48:17 --> Undefined variable: query
#0 C:\xampp\htdocs\caf\app\Models\Personnel_m.php(47): CodeIgniter\Debug\Exceptions->errorHandler(8, 'Undefined varia...', 'C:\\xampp\\htdocs...', 47, Array)
#1 C:\xampp\htdocs\caf\app\Controllers\Dashboard.php(51): App\Models\Personnel_m->load_region()
#2 C:\xampp\htdocs\caf\vendor\codeigniter4\framework\system\CodeIgniter.php(910): App\Controllers\Dashboard->load_region()
#3 C:\xampp\htdocs\caf\vendor\codeigniter4\framework\system\CodeIgniter.php(398): CodeIgniter\CodeIgniter->runController(Object(App\Controllers\Dashboard))
#4 C:\xampp\htdocs\caf\vendor\codeigniter4\framework\system\CodeIgniter.php(306): CodeIgniter\CodeIgniter->handleRequest(NULL, Object(Config\Cache), false)
#5 C:\xampp\htdocs\caf\public\index.php(45): CodeIgniter\CodeIgniter->run()
#6 C:\xampp\htdocs\caf\vendor\codeigniter4\framework\system\Commands\Server\rewrite.php(34): require_once('C:\\xampp\\htdocs...')
#7 {main}
CRITICAL - 2021-01-28 21:49:42 --> Object of class CodeIgniter\Database\MySQLi\Builder could not be converted to string
#0 C:\xampp\htdocs\caf\app\Controllers\Dashboard.php(53): CodeIgniter\Debug\Exceptions->errorHandler(4096, 'Object of class...', 'C:\\xampp\\htdocs...', 53, Array)
#1 C:\xampp\htdocs\caf\vendor\codeigniter4\framework\system\CodeIgniter.php(910): App\Controllers\Dashboard->load_region()
#2 C:\xampp\htdocs\caf\vendor\codeigniter4\framework\system\CodeIgniter.php(398): CodeIgniter\CodeIgniter->runController(Object(App\Controllers\Dashboard))
#3 C:\xampp\htdocs\caf\vendor\codeigniter4\framework\system\CodeIgniter.php(306): CodeIgniter\CodeIgniter->handleRequest(NULL, Object(Config\Cache), false)
#4 C:\xampp\htdocs\caf\public\index.php(45): CodeIgniter\CodeIgniter->run()
#5 C:\xampp\htdocs\caf\vendor\codeigniter4\framework\system\Commands\Server\rewrite.php(34): require_once('C:\\xampp\\htdocs...')
#6 {main}
CRITICAL - 2021-01-28 21:51:50 --> Call to undefined method CodeIgniter\Database\MySQLi\Builder::getResult()
#0 C:\xampp\htdocs\caf\app\Controllers\Dashboard.php(51): App\Models\Personnel_m->load_region()
#1 C:\xampp\htdocs\caf\vendor\codeigniter4\framework\system\CodeIgniter.php(910): App\Controllers\Dashboard->load_region()
#2 C:\xampp\htdocs\caf\vendor\codeigniter4\framework\system\CodeIgniter.php(398): CodeIgniter\CodeIgniter->runController(Object(App\Controllers\Dashboard))
#3 C:\xampp\htdocs\caf\vendor\codeigniter4\framework\system\CodeIgniter.php(306): CodeIgniter\CodeIgniter->handleRequest(NULL, Object(Config\Cache), false)
#4 C:\xampp\htdocs\caf\public\index.php(45): CodeIgniter\CodeIgniter->run()
#5 C:\xampp\htdocs\caf\vendor\codeigniter4\framework\system\Commands\Server\rewrite.php(34): require_once('C:\\xampp\\htdocs...')
#6 {main}
CRITICAL - 2021-01-28 21:51:52 --> Call to undefined method CodeIgniter\Database\MySQLi\Builder::getResult()
#0 C:\xampp\htdocs\caf\app\Controllers\Dashboard.php(51): App\Models\Personnel_m->load_region()
#1 C:\xampp\htdocs\caf\vendor\codeigniter4\framework\system\CodeIgniter.php(910): App\Controllers\Dashboard->load_region()
#2 C:\xampp\htdocs\caf\vendor\codeigniter4\framework\system\CodeIgniter.php(398): CodeIgniter\CodeIgniter->runController(Object(App\Controllers\Dashboard))
#3 C:\xampp\htdocs\caf\vendor\codeigniter4\framework\system\CodeIgniter.php(306): CodeIgniter\CodeIgniter->handleRequest(NULL, Object(Config\Cache), false)
#4 C:\xampp\htdocs\caf\public\index.php(45): CodeIgniter\CodeIgniter->run()
#5 C:\xampp\htdocs\caf\vendor\codeigniter4\framework\system\Commands\Server\rewrite.php(34): require_once('C:\\xampp\\htdocs...')
#6 {main}
CRITICAL - 2021-01-28 21:53:57 --> Call to undefined method CodeIgniter\Database\MySQLi\Connection::get()
#0 C:\xampp\htdocs\caf\app\Controllers\Dashboard.php(51): App\Models\Personnel_m->load_region()
#1 C:\xampp\htdocs\caf\vendor\codeigniter4\framework\system\CodeIgniter.php(910): App\Controllers\Dashboard->load_region()
#2 C:\xampp\htdocs\caf\vendor\codeigniter4\framework\system\CodeIgniter.php(398): CodeIgniter\CodeIgniter->runController(Object(App\Controllers\Dashboard))
#3 C:\xampp\htdocs\caf\vendor\codeigniter4\framework\system\CodeIgniter.php(306): CodeIgniter\CodeIgniter->handleRequest(NULL, Object(Config\Cache), false)
#4 C:\xampp\htdocs\caf\public\index.php(45): CodeIgniter\CodeIgniter->run()
#5 C:\xampp\htdocs\caf\vendor\codeigniter4\framework\system\Commands\Server\rewrite.php(34): require_once('C:\\xampp\\htdocs...')
#6 {main}
CRITICAL - 2021-01-28 21:54:16 --> Call to undefined method CodeIgniter\Database\MySQLi\Connection::getResult()
#0 C:\xampp\htdocs\caf\app\Controllers\Dashboard.php(51): App\Models\Personnel_m->load_region()
#1 C:\xampp\htdocs\caf\vendor\codeigniter4\framework\system\CodeIgniter.php(910): App\Controllers\Dashboard->load_region()
#2 C:\xampp\htdocs\caf\vendor\codeigniter4\framework\system\CodeIgniter.php(398): CodeIgniter\CodeIgniter->runController(Object(App\Controllers\Dashboard))
#3 C:\xampp\htdocs\caf\vendor\codeigniter4\framework\system\CodeIgniter.php(306): CodeIgniter\CodeIgniter->handleRequest(NULL, Object(Config\Cache), false)
#4 C:\xampp\htdocs\caf\public\index.php(45): CodeIgniter\CodeIgniter->run()
#5 C:\xampp\htdocs\caf\vendor\codeigniter4\framework\system\Commands\Server\rewrite.php(34): require_once('C:\\xampp\\htdocs...')
#6 {main}
CRITICAL - 2021-01-28 21:54:17 --> Call to undefined method CodeIgniter\Database\MySQLi\Connection::getResult()
#0 C:\xampp\htdocs\caf\app\Controllers\Dashboard.php(51): App\Models\Personnel_m->load_region()
#1 C:\xampp\htdocs\caf\vendor\codeigniter4\framework\system\CodeIgniter.php(910): App\Controllers\Dashboard->load_region()
#2 C:\xampp\htdocs\caf\vendor\codeigniter4\framework\system\CodeIgniter.php(398): CodeIgniter\CodeIgniter->runController(Object(App\Controllers\Dashboard))
#3 C:\xampp\htdocs\caf\vendor\codeigniter4\framework\system\CodeIgniter.php(306): CodeIgniter\CodeIgniter->handleRequest(NULL, Object(Config\Cache), false)
#4 C:\xampp\htdocs\caf\public\index.php(45): CodeIgniter\CodeIgniter->run()
#5 C:\xampp\htdocs\caf\vendor\codeigniter4\framework\system\Commands\Server\rewrite.php(34): require_once('C:\\xampp\\htdocs...')
#6 {main}
CRITICAL - 2021-01-28 21:54:17 --> Call to undefined method CodeIgniter\Database\MySQLi\Connection::getResult()
#0 C:\xampp\htdocs\caf\app\Controllers\Dashboard.php(51): App\Models\Personnel_m->load_region()
#1 C:\xampp\htdocs\caf\vendor\codeigniter4\framework\system\CodeIgniter.php(910): App\Controllers\Dashboard->load_region()
#2 C:\xampp\htdocs\caf\vendor\codeigniter4\framework\system\CodeIgniter.php(398): CodeIgniter\CodeIgniter->runController(Object(App\Controllers\Dashboard))
#3 C:\xampp\htdocs\caf\vendor\codeigniter4\framework\system\CodeIgniter.php(306): CodeIgniter\CodeIgniter->handleRequest(NULL, Object(Config\Cache), false)
#4 C:\xampp\htdocs\caf\public\index.php(45): CodeIgniter\CodeIgniter->run()
#5 C:\xampp\htdocs\caf\vendor\codeigniter4\framework\system\Commands\Server\rewrite.php(34): require_once('C:\\xampp\\htdocs...')
#6 {main}
CRITICAL - 2021-01-28 21:54:25 --> Call to undefined method CodeIgniter\Database\MySQLi\Connection::get()
#0 C:\xampp\htdocs\caf\app\Controllers\Dashboard.php(51): App\Models\Personnel_m->load_region()
#1 C:\xampp\htdocs\caf\vendor\codeigniter4\framework\system\CodeIgniter.php(910): App\Controllers\Dashboard->load_region()
#2 C:\xampp\htdocs\caf\vendor\codeigniter4\framework\system\CodeIgniter.php(398): CodeIgniter\CodeIgniter->runController(Object(App\Controllers\Dashboard))
#3 C:\xampp\htdocs\caf\vendor\codeigniter4\framework\system\CodeIgniter.php(306): CodeIgniter\CodeIgniter->handleRequest(NULL, Object(Config\Cache), false)
#4 C:\xampp\htdocs\caf\public\index.php(45): CodeIgniter\CodeIgniter->run()
#5 C:\xampp\htdocs\caf\vendor\codeigniter4\framework\system\Commands\Server\rewrite.php(34): require_once('C:\\xampp\\htdocs...')
#6 {main}
CRITICAL - 2021-01-28 21:56:05 --> Call to undefined method CodeIgniter\Database\MySQLi\Connection::get()
#0 C:\xampp\htdocs\caf\app\Controllers\Dashboard.php(51): App\Models\Personnel_m->load_region()
#1 C:\xampp\htdocs\caf\vendor\codeigniter4\framework\system\CodeIgniter.php(910): App\Controllers\Dashboard->load_region()
#2 C:\xampp\htdocs\caf\vendor\codeigniter4\framework\system\CodeIgniter.php(398): CodeIgniter\CodeIgniter->runController(Object(App\Controllers\Dashboard))
#3 C:\xampp\htdocs\caf\vendor\codeigniter4\framework\system\CodeIgniter.php(306): CodeIgniter\CodeIgniter->handleRequest(NULL, Object(Config\Cache), false)
#4 C:\xampp\htdocs\caf\public\index.php(45): CodeIgniter\CodeIgniter->run()
#5 C:\xampp\htdocs\caf\vendor\codeigniter4\framework\system\Commands\Server\rewrite.php(34): require_once('C:\\xampp\\htdocs...')
#6 {main}
CRITICAL - 2021-01-28 21:56:56 --> Call to undefined method CodeIgniter\Database\MySQLi\Builder::getResult()
#0 C:\xampp\htdocs\caf\app\Controllers\Dashboard.php(51): App\Models\Personnel_m->load_region()
#1 C:\xampp\htdocs\caf\vendor\codeigniter4\framework\system\CodeIgniter.php(910): App\Controllers\Dashboard->load_region()
#2 C:\xampp\htdocs\caf\vendor\codeigniter4\framework\system\CodeIgniter.php(398): CodeIgniter\CodeIgniter->runController(Object(App\Controllers\Dashboard))
#3 C:\xampp\htdocs\caf\vendor\codeigniter4\framework\system\CodeIgniter.php(306): CodeIgniter\CodeIgniter->handleRequest(NULL, Object(Config\Cache), false)
#4 C:\xampp\htdocs\caf\public\index.php(45): CodeIgniter\CodeIgniter->run()
#5 C:\xampp\htdocs\caf\vendor\codeigniter4\framework\system\Commands\Server\rewrite.php(34): require_once('C:\\xampp\\htdocs...')
#6 {main}
CRITICAL - 2021-01-28 21:58:51 --> Call to undefined method CodeIgniter\Database\MySQLi\Builder::result()
#0 C:\xampp\htdocs\caf\app\Controllers\Dashboard.php(51): App\Models\Personnel_m->load_region()
#1 C:\xampp\htdocs\caf\vendor\codeigniter4\framework\system\CodeIgniter.php(910): App\Controllers\Dashboard->load_region()
#2 C:\xampp\htdocs\caf\vendor\codeigniter4\framework\system\CodeIgniter.php(398): CodeIgniter\CodeIgniter->runController(Object(App\Controllers\Dashboard))
#3 C:\xampp\htdocs\caf\vendor\codeigniter4\framework\system\CodeIgniter.php(306): CodeIgniter\CodeIgniter->handleRequest(NULL, Object(Config\Cache), false)
#4 C:\xampp\htdocs\caf\public\index.php(45): CodeIgniter\CodeIgniter->run()
#5 C:\xampp\htdocs\caf\vendor\codeigniter4\framework\system\Commands\Server\rewrite.php(34): require_once('C:\\xampp\\htdocs...')
#6 {main}
CRITICAL - 2021-01-28 21:58:55 --> Call to undefined method CodeIgniter\Database\MySQLi\Builder::result_array()
#0 C:\xampp\htdocs\caf\app\Controllers\Dashboard.php(51): App\Models\Personnel_m->load_region()
#1 C:\xampp\htdocs\caf\vendor\codeigniter4\framework\system\CodeIgniter.php(910): App\Controllers\Dashboard->load_region()
#2 C:\xampp\htdocs\caf\vendor\codeigniter4\framework\system\CodeIgniter.php(398): CodeIgniter\CodeIgniter->runController(Object(App\Controllers\Dashboard))
#3 C:\xampp\htdocs\caf\vendor\codeigniter4\framework\system\CodeIgniter.php(306): CodeIgniter\CodeIgniter->handleRequest(NULL, Object(Config\Cache), false)
#4 C:\xampp\htdocs\caf\public\index.php(45): CodeIgniter\CodeIgniter->run()
#5 C:\xampp\htdocs\caf\vendor\codeigniter4\framework\system\Commands\Server\rewrite.php(34): require_once('C:\\xampp\\htdocs...')
#6 {main}
CRITICAL - 2021-01-28 21:59:30 --> You have an error in your SQL syntax; check the manual that corresponds to your MariaDB server version for the right syntax to use near 'where municipal != 0' at line 1
#0 C:\xampp\htdocs\caf\vendor\codeigniter4\framework\system\Database\MySQLi\Connection.php(330): mysqli->query('select * from p...')
#1 C:\xampp\htdocs\caf\vendor\codeigniter4\framework\system\Database\BaseConnection.php(738): CodeIgniter\Database\MySQLi\Connection->execute('select * from p...')
#2 C:\xampp\htdocs\caf\vendor\codeigniter4\framework\system\Database\BaseConnection.php(666): CodeIgniter\Database\BaseConnection->simpleQuery('select * from p...')
#3 C:\xampp\htdocs\caf\app\Models\Personnel_m.php(40): CodeIgniter\Database\BaseConnection->query('select * from p...')
#4 C:\xampp\htdocs\caf\app\Controllers\Dashboard.php(51): App\Models\Personnel_m->load_region()
#5 C:\xampp\htdocs\caf\vendor\codeigniter4\framework\system\CodeIgniter.php(910): App\Controllers\Dashboard->load_region()
#6 C:\xampp\htdocs\caf\vendor\codeigniter4\framework\system\CodeIgniter.php(398): CodeIgniter\CodeIgniter->runController(Object(App\Controllers\Dashboard))
#7 C:\xampp\htdocs\caf\vendor\codeigniter4\framework\system\CodeIgniter.php(306): CodeIgniter\CodeIgniter->handleRequest(NULL, Object(Config\Cache), false)
#8 C:\xampp\htdocs\caf\public\index.php(45): CodeIgniter\CodeIgniter->run()
#9 C:\xampp\htdocs\caf\vendor\codeigniter4\framework\system\Commands\Server\rewrite.php(34): require_once('C:\\xampp\\htdocs...')
#10 {main}
CRITICAL - 2021-01-28 22:01:20 --> Unknown column 'Reg' in 'where clause'
#0 C:\xampp\htdocs\caf\vendor\codeigniter4\framework\system\Database\MySQLi\Connection.php(330): mysqli->query('select * from p...')
#1 C:\xampp\htdocs\caf\vendor\codeigniter4\framework\system\Database\BaseConnection.php(738): CodeIgniter\Database\MySQLi\Connection->execute('select * from p...')
#2 C:\xampp\htdocs\caf\vendor\codeigniter4\framework\system\Database\BaseConnection.php(666): CodeIgniter\Database\BaseConnection->simpleQuery('select * from p...')
#3 C:\xampp\htdocs\caf\app\Models\Personnel_m.php(40): CodeIgniter\Database\BaseConnection->query('select * from p...')
#4 C:\xampp\htdocs\caf\app\Controllers\Dashboard.php(51): App\Models\Personnel_m->load_region()
#5 C:\xampp\htdocs\caf\vendor\codeigniter4\framework\system\CodeIgniter.php(910): App\Controllers\Dashboard->load_region()
#6 C:\xampp\htdocs\caf\vendor\codeigniter4\framework\system\CodeIgniter.php(398): CodeIgniter\CodeIgniter->runController(Object(App\Controllers\Dashboard))
#7 C:\xampp\htdocs\caf\vendor\codeigniter4\framework\system\CodeIgniter.php(306): CodeIgniter\CodeIgniter->handleRequest(NULL, Object(Config\Cache), false)
#8 C:\xampp\htdocs\caf\public\index.php(45): CodeIgniter\CodeIgniter->run()
#9 C:\xampp\htdocs\caf\vendor\codeigniter4\framework\system\Commands\Server\rewrite.php(34): require_once('C:\\xampp\\htdocs...')
#10 {main}
CRITICAL - 2021-01-28 22:07:52 --> Array to string conversion
#0 C:\xampp\htdocs\caf\app\Controllers\Dashboard.php(53): CodeIgniter\Debug\Exceptions->errorHandler(8, 'Array to string...', 'C:\\xampp\\htdocs...', 53, Array)
#1 C:\xampp\htdocs\caf\vendor\codeigniter4\framework\system\CodeIgniter.php(910): App\Controllers\Dashboard->load_region()
#2 C:\xampp\htdocs\caf\vendor\codeigniter4\framework\system\CodeIgniter.php(398): CodeIgniter\CodeIgniter->runController(Object(App\Controllers\Dashboard))
#3 C:\xampp\htdocs\caf\vendor\codeigniter4\framework\system\CodeIgniter.php(306): CodeIgniter\CodeIgniter->handleRequest(NULL, Object(Config\Cache), false)
#4 C:\xampp\htdocs\caf\public\index.php(45): CodeIgniter\CodeIgniter->run()
#5 C:\xampp\htdocs\caf\vendor\codeigniter4\framework\system\Commands\Server\rewrite.php(34): require_once('C:\\xampp\\htdocs...')
#6 {main}
CRITICAL - 2021-01-28 22:11:06 --> syntax error, unexpected ';', expecting ',' or ')'
#0 C:\xampp\htdocs\caf\vendor\codeigniter4\framework\system\Autoloader\Autoloader.php(296): CodeIgniter\Autoloader\Autoloader->requireFile('C:\\xampp\\htdocs...')
#1 C:\xampp\htdocs\caf\vendor\codeigniter4\framework\system\Autoloader\Autoloader.php(258): CodeIgniter\Autoloader\Autoloader->loadInNamespace('App\\Models\\Pers...')
#2 [internal function]: CodeIgniter\Autoloader\Autoloader->loadClass('App\\Models\\Pers...')
#3 C:\xampp\htdocs\caf\app\Controllers\Dashboard.php(46): spl_autoload_call('App\\Models\\Pers...')
#4 C:\xampp\htdocs\caf\vendor\codeigniter4\framework\system\CodeIgniter.php(910): App\Controllers\Dashboard->load_region()
#5 C:\xampp\htdocs\caf\vendor\codeigniter4\framework\system\CodeIgniter.php(398): CodeIgniter\CodeIgniter->runController(Object(App\Controllers\Dashboard))
#6 C:\xampp\htdocs\caf\vendor\codeigniter4\framework\system\CodeIgniter.php(306): CodeIgniter\CodeIgniter->handleRequest(NULL, Object(Config\Cache), false)
#7 C:\xampp\htdocs\caf\public\index.php(45): CodeIgniter\CodeIgniter->run()
#8 C:\xampp\htdocs\caf\vendor\codeigniter4\framework\system\Commands\Server\rewrite.php(34): require_once('C:\\xampp\\htdocs...')
#9 {main}
CRITICAL - 2021-01-28 22:11:07 --> syntax error, unexpected ';', expecting ',' or ')'
#0 C:\xampp\htdocs\caf\vendor\codeigniter4\framework\system\Autoloader\Autoloader.php(296): CodeIgniter\Autoloader\Autoloader->requireFile('C:\\xampp\\htdocs...')
#1 C:\xampp\htdocs\caf\vendor\codeigniter4\framework\system\Autoloader\Autoloader.php(258): CodeIgniter\Autoloader\Autoloader->loadInNamespace('App\\Models\\Pers...')
#2 [internal function]: CodeIgniter\Autoloader\Autoloader->loadClass('App\\Models\\Pers...')
#3 C:\xampp\htdocs\caf\app\Controllers\Dashboard.php(57): spl_autoload_call('App\\Models\\Pers...')
#4 C:\xampp\htdocs\caf\vendor\codeigniter4\framework\system\CodeIgniter.php(910): App\Controllers\Dashboard->fetch_all()
#5 C:\xampp\htdocs\caf\vendor\codeigniter4\framework\system\CodeIgniter.php(398): CodeIgniter\CodeIgniter->runController(Object(App\Controllers\Dashboard))
#6 C:\xampp\htdocs\caf\vendor\codeigniter4\framework\system\CodeIgniter.php(306): CodeIgniter\CodeIgniter->handleRequest(NULL, Object(Config\Cache), false)
#7 C:\xampp\htdocs\caf\public\index.php(45): CodeIgniter\CodeIgniter->run()
#8 C:\xampp\htdocs\caf\vendor\codeigniter4\framework\system\Commands\Server\rewrite.php(34): require_once('C:\\xampp\\htdocs...')
#9 {main}
CRITICAL - 2021-01-28 22:11:46 --> Call to undefined method CodeIgniter\Database\MySQLi\Result::result()
#0 C:\xampp\htdocs\caf\app\Controllers\Dashboard.php(48): App\Models\Personnel_m->load_region()
#1 C:\xampp\htdocs\caf\vendor\codeigniter4\framework\system\CodeIgniter.php(910): App\Controllers\Dashboard->load_region()
#2 C:\xampp\htdocs\caf\vendor\codeigniter4\framework\system\CodeIgniter.php(398): CodeIgniter\CodeIgniter->runController(Object(App\Controllers\Dashboard))
#3 C:\xampp\htdocs\caf\vendor\codeigniter4\framework\system\CodeIgniter.php(306): CodeIgniter\CodeIgniter->handleRequest(NULL, Object(Config\Cache), false)
#4 C:\xampp\htdocs\caf\public\index.php(45): CodeIgniter\CodeIgniter->run()
#5 C:\xampp\htdocs\caf\vendor\codeigniter4\framework\system\Commands\Server\rewrite.php(34): require_once('C:\\xampp\\htdocs...')
#6 {main}
CRITICAL - 2021-01-28 22:38:55 --> You have an error in your SQL syntax; check the manual that corresponds to your MariaDB server version for the right syntax to use near '"getRegion":"02"}' at line 1
#0 C:\xampp\htdocs\caf\vendor\codeigniter4\framework\system\Database\MySQLi\Connection.php(330): mysqli->query('select * from p...')
#1 C:\xampp\htdocs\caf\vendor\codeigniter4\framework\system\Database\BaseConnection.php(738): CodeIgniter\Database\MySQLi\Connection->execute('select * from p...')
#2 C:\xampp\htdocs\caf\vendor\codeigniter4\framework\system\Database\BaseConnection.php(666): CodeIgniter\Database\BaseConnection->simpleQuery('select * from p...')
#3 C:\xampp\htdocs\caf\app\Models\Personnel_m.php(52): CodeIgniter\Database\BaseConnection->query('select * from p...')
#4 C:\xampp\htdocs\caf\app\Controllers\Dashboard.php(62): App\Models\Personnel_m->load_province('{"getRegion":"0...')
#5 C:\xampp\htdocs\caf\vendor\codeigniter4\framework\system\CodeIgniter.php(910): App\Controllers\Dashboard->load_province()
#6 C:\xampp\htdocs\caf\vendor\codeigniter4\framework\system\CodeIgniter.php(398): CodeIgniter\CodeIgniter->runController(Object(App\Controllers\Dashboard))
#7 C:\xampp\htdocs\caf\vendor\codeigniter4\framework\system\CodeIgniter.php(306): CodeIgniter\CodeIgniter->handleRequest(NULL, Object(Config\Cache), false)
#8 C:\xampp\htdocs\caf\public\index.php(45): CodeIgniter\CodeIgniter->run()
#9 C:\xampp\htdocs\caf\vendor\codeigniter4\framework\system\Commands\Server\rewrite.php(34): require_once('C:\\xampp\\htdocs...')
#10 {main}
CRITICAL - 2021-01-28 22:39:47 --> You have an error in your SQL syntax; check the manual that corresponds to your MariaDB server version for the right syntax to use near '"getRegion":"01"}' at line 1
#0 C:\xampp\htdocs\caf\vendor\codeigniter4\framework\system\Database\MySQLi\Connection.php(330): mysqli->query('select * from p...')
#1 C:\xampp\htdocs\caf\vendor\codeigniter4\framework\system\Database\BaseConnection.php(738): CodeIgniter\Database\MySQLi\Connection->execute('select * from p...')
#2 C:\xampp\htdocs\caf\vendor\codeigniter4\framework\system\Database\BaseConnection.php(666): CodeIgniter\Database\BaseConnection->simpleQuery('select * from p...')
#3 C:\xampp\htdocs\caf\app\Models\Personnel_m.php(52): CodeIgniter\Database\BaseConnection->query('select * from p...')
#4 C:\xampp\htdocs\caf\app\Controllers\Dashboard.php(62): App\Models\Personnel_m->load_province('{"getRegion":"0...')
#5 C:\xampp\htdocs\caf\vendor\codeigniter4\framework\system\CodeIgniter.php(910): App\Controllers\Dashboard->load_province()
#6 C:\xampp\htdocs\caf\vendor\codeigniter4\framework\system\CodeIgniter.php(398): CodeIgniter\CodeIgniter->runController(Object(App\Controllers\Dashboard))
#7 C:\xampp\htdocs\caf\vendor\codeigniter4\framework\system\CodeIgniter.php(306): CodeIgniter\CodeIgniter->handleRequest(NULL, Object(Config\Cache), false)
#8 C:\xampp\htdocs\caf\public\index.php(45): CodeIgniter\CodeIgniter->run()
#9 C:\xampp\htdocs\caf\vendor\codeigniter4\framework\system\Commands\Server\rewrite.php(34): require_once('C:\\xampp\\htdocs...')
#10 {main}
CRITICAL - 2021-01-28 23:51:11 --> You have an error in your SQL syntax; check the manual that corresponds to your MariaDB server version for the right syntax to use near '= "areaName"' at line 1
#0 C:\xampp\htdocs\caf\vendor\codeigniter4\framework\system\Database\MySQLi\Connection.php(330): mysqli->query('select * from p...')
#1 C:\xampp\htdocs\caf\vendor\codeigniter4\framework\system\Database\BaseConnection.php(738): CodeIgniter\Database\MySQLi\Connection->execute('select * from p...')
#2 C:\xampp\htdocs\caf\vendor\codeigniter4\framework\system\Database\BaseConnection.php(666): CodeIgniter\Database\BaseConnection->simpleQuery('select * from p...')
#3 C:\xampp\htdocs\caf\app\Models\Personnel_m.php(40): CodeIgniter\Database\BaseConnection->query('select * from p...')
#4 C:\xampp\htdocs\caf\app\Controllers\Dashboard.php(48): App\Models\Personnel_m->load_region()
#5 C:\xampp\htdocs\caf\vendor\codeigniter4\framework\system\CodeIgniter.php(910): App\Controllers\Dashboard->load_region()
#6 C:\xampp\htdocs\caf\vendor\codeigniter4\framework\system\CodeIgniter.php(398): CodeIgniter\CodeIgniter->runController(Object(App\Controllers\Dashboard))
#7 C:\xampp\htdocs\caf\vendor\codeigniter4\framework\system\CodeIgniter.php(306): CodeIgniter\CodeIgniter->handleRequest(NULL, Object(Config\Cache), false)
#8 C:\xampp\htdocs\caf\public\index.php(45): CodeIgniter\CodeIgniter->run()
#9 C:\xampp\htdocs\caf\vendor\codeigniter4\framework\system\Commands\Server\rewrite.php(34): require_once('C:\\xampp\\htdocs...')
#10 {main}
CRITICAL - 2021-01-28 23:51:35 --> You have an error in your SQL syntax; check the manual that corresponds to your MariaDB server version for the right syntax to use near '= areaName' at line 1
#0 C:\xampp\htdocs\caf\vendor\codeigniter4\framework\system\Database\MySQLi\Connection.php(330): mysqli->query('select * from p...')
#1 C:\xampp\htdocs\caf\vendor\codeigniter4\framework\system\Database\BaseConnection.php(738): CodeIgniter\Database\MySQLi\Connection->execute('select * from p...')
#2 C:\xampp\htdocs\caf\vendor\codeigniter4\framework\system\Database\BaseConnection.php(666): CodeIgniter\Database\BaseConnection->simpleQuery('select * from p...')
#3 C:\xampp\htdocs\caf\app\Models\Personnel_m.php(40): CodeIgniter\Database\BaseConnection->query('select * from p...')
#4 C:\xampp\htdocs\caf\app\Controllers\Dashboard.php(48): App\Models\Personnel_m->load_region()
#5 C:\xampp\htdocs\caf\vendor\codeigniter4\framework\system\CodeIgniter.php(910): App\Controllers\Dashboard->load_region()
#6 C:\xampp\htdocs\caf\vendor\codeigniter4\framework\system\CodeIgniter.php(398): CodeIgniter\CodeIgniter->runController(Object(App\Controllers\Dashboard))
#7 C:\xampp\htdocs\caf\vendor\codeigniter4\framework\system\CodeIgniter.php(306): CodeIgniter\CodeIgniter->handleRequest(NULL, Object(Config\Cache), false)
#8 C:\xampp\htdocs\caf\public\index.php(45): CodeIgniter\CodeIgniter->run()
#9 C:\xampp\htdocs\caf\vendor\codeigniter4\framework\system\Commands\Server\rewrite.php(34): require_once('C:\\xampp\\htdocs...')
#10 {main}
CRITICAL - 2021-01-28 23:51:38 --> You have an error in your SQL syntax; check the manual that corresponds to your MariaDB server version for the right syntax to use near '= areaName' at line 1
#0 C:\xampp\htdocs\caf\vendor\codeigniter4\framework\system\Database\MySQLi\Connection.php(330): mysqli->query('select * from p...')
#1 C:\xampp\htdocs\caf\vendor\codeigniter4\framework\system\Database\BaseConnection.php(738): CodeIgniter\Database\MySQLi\Connection->execute('select * from p...')
#2 C:\xampp\htdocs\caf\vendor\codeigniter4\framework\system\Database\BaseConnection.php(666): CodeIgniter\Database\BaseConnection->simpleQuery('select * from p...')
#3 C:\xampp\htdocs\caf\app\Models\Personnel_m.php(40): CodeIgniter\Database\BaseConnection->query('select * from p...')
#4 C:\xampp\htdocs\caf\app\Controllers\Dashboard.php(48): App\Models\Personnel_m->load_region()
#5 C:\xampp\htdocs\caf\vendor\codeigniter4\framework\system\CodeIgniter.php(910): App\Controllers\Dashboard->load_region()
#6 C:\xampp\htdocs\caf\vendor\codeigniter4\framework\system\CodeIgniter.php(398): CodeIgniter\CodeIgniter->runController(Object(App\Controllers\Dashboard))
#7 C:\xampp\htdocs\caf\vendor\codeigniter4\framework\system\CodeIgniter.php(306): CodeIgniter\CodeIgniter->handleRequest(NULL, Object(Config\Cache), false)
#8 C:\xampp\htdocs\caf\public\index.php(45): CodeIgniter\CodeIgniter->run()
#9 C:\xampp\htdocs\caf\vendor\codeigniter4\framework\system\Commands\Server\rewrite.php(34): require_once('C:\\xampp\\htdocs...')
#10 {main}
CRITICAL - 2021-01-28 23:52:15 --> You have an error in your SQL syntax; check the manual that corresponds to your MariaDB server version for the right syntax to use near '= areaName where level = "Reg"' at line 1
#0 C:\xampp\htdocs\caf\vendor\codeigniter4\framework\system\Database\MySQLi\Connection.php(330): mysqli->query('select * from p...')
#1 C:\xampp\htdocs\caf\vendor\codeigniter4\framework\system\Database\BaseConnection.php(738): CodeIgniter\Database\MySQLi\Connection->execute('select * from p...')
#2 C:\xampp\htdocs\caf\vendor\codeigniter4\framework\system\Database\BaseConnection.php(666): CodeIgniter\Database\BaseConnection->simpleQuery('select * from p...')
#3 C:\xampp\htdocs\caf\app\Models\Personnel_m.php(40): CodeIgniter\Database\BaseConnection->query('select * from p...')
#4 C:\xampp\htdocs\caf\app\Controllers\Dashboard.php(48): App\Models\Personnel_m->load_region()
#5 C:\xampp\htdocs\caf\vendor\codeigniter4\framework\system\CodeIgniter.php(910): App\Controllers\Dashboard->load_region()
#6 C:\xampp\htdocs\caf\vendor\codeigniter4\framework\system\CodeIgniter.php(398): CodeIgniter\CodeIgniter->runController(Object(App\Controllers\Dashboard))
#7 C:\xampp\htdocs\caf\vendor\codeigniter4\framework\system\CodeIgniter.php(306): CodeIgniter\CodeIgniter->handleRequest(NULL, Object(Config\Cache), false)
#8 C:\xampp\htdocs\caf\public\index.php(45): CodeIgniter\CodeIgniter->run()
#9 C:\xampp\htdocs\caf\vendor\codeigniter4\framework\system\Commands\Server\rewrite.php(34): require_once('C:\\xampp\\htdocs...')
#10 {main}
CRITICAL - 2021-01-28 23:52:37 --> You have an error in your SQL syntax; check the manual that corresponds to your MariaDB server version for the right syntax to use near '= "areaName" where level = "Reg"' at line 1
#0 C:\xampp\htdocs\caf\vendor\codeigniter4\framework\system\Database\MySQLi\Connection.php(330): mysqli->query('select * from p...')
#1 C:\xampp\htdocs\caf\vendor\codeigniter4\framework\system\Database\BaseConnection.php(738): CodeIgniter\Database\MySQLi\Connection->execute('select * from p...')
#2 C:\xampp\htdocs\caf\vendor\codeigniter4\framework\system\Database\BaseConnection.php(666): CodeIgniter\Database\BaseConnection->simpleQuery('select * from p...')
#3 C:\xampp\htdocs\caf\app\Models\Personnel_m.php(40): CodeIgniter\Database\BaseConnection->query('select * from p...')
#4 C:\xampp\htdocs\caf\app\Controllers\Dashboard.php(48): App\Models\Personnel_m->load_region()
#5 C:\xampp\htdocs\caf\vendor\codeigniter4\framework\system\CodeIgniter.php(910): App\Controllers\Dashboard->load_region()
#6 C:\xampp\htdocs\caf\vendor\codeigniter4\framework\system\CodeIgniter.php(398): CodeIgniter\CodeIgniter->runController(Object(App\Controllers\Dashboard))
#7 C:\xampp\htdocs\caf\vendor\codeigniter4\framework\system\CodeIgniter.php(306): CodeIgniter\CodeIgniter->handleRequest(NULL, Object(Config\Cache), false)
#8 C:\xampp\htdocs\caf\public\index.php(45): CodeIgniter\CodeIgniter->run()
#9 C:\xampp\htdocs\caf\vendor\codeigniter4\framework\system\Commands\Server\rewrite.php(34): require_once('C:\\xampp\\htdocs...')
#10 {main}
CRITICAL - 2021-01-28 23:53:40 --> You have an error in your SQL syntax; check the manual that corresponds to your MariaDB server version for the right syntax to use near 'where level = "Reg"' at line 1
#0 C:\xampp\htdocs\caf\vendor\codeigniter4\framework\system\Database\MySQLi\Connection.php(330): mysqli->query('select * from p...')
#1 C:\xampp\htdocs\caf\vendor\codeigniter4\framework\system\Database\BaseConnection.php(738): CodeIgniter\Database\MySQLi\Connection->execute('select * from p...')
#2 C:\xampp\htdocs\caf\vendor\codeigniter4\framework\system\Database\BaseConnection.php(666): CodeIgniter\Database\BaseConnection->simpleQuery('select * from p...')
#3 C:\xampp\htdocs\caf\app\Models\Personnel_m.php(40): CodeIgniter\Database\BaseConnection->query('select * from p...')
#4 C:\xampp\htdocs\caf\app\Controllers\Dashboard.php(48): App\Models\Personnel_m->load_region()
#5 C:\xampp\htdocs\caf\vendor\codeigniter4\framework\system\CodeIgniter.php(910): App\Controllers\Dashboard->load_region()
#6 C:\xampp\htdocs\caf\vendor\codeigniter4\framework\system\CodeIgniter.php(398): CodeIgniter\CodeIgniter->runController(Object(App\Controllers\Dashboard))
#7 C:\xampp\htdocs\caf\vendor\codeigniter4\framework\system\CodeIgniter.php(306): CodeIgniter\CodeIgniter->handleRequest(NULL, Object(Config\Cache), false)
#8 C:\xampp\htdocs\caf\public\index.php(45): CodeIgniter\CodeIgniter->run()
#9 C:\xampp\htdocs\caf\vendor\codeigniter4\framework\system\Commands\Server\rewrite.php(34): require_once('C:\\xampp\\htdocs...')
#10 {main}
CRITICAL - 2021-01-28 23:54:06 --> You have an error in your SQL syntax; check the manual that corresponds to your MariaDB server version for the right syntax to use near 'and where level = "Reg"' at line 1
#0 C:\xampp\htdocs\caf\vendor\codeigniter4\framework\system\Database\MySQLi\Connection.php(330): mysqli->query('select * from p...')
#1 C:\xampp\htdocs\caf\vendor\codeigniter4\framework\system\Database\BaseConnection.php(738): CodeIgniter\Database\MySQLi\Connection->execute('select * from p...')
#2 C:\xampp\htdocs\caf\vendor\codeigniter4\framework\system\Database\BaseConnection.php(666): CodeIgniter\Database\BaseConnection->simpleQuery('select * from p...')
#3 C:\xampp\htdocs\caf\app\Models\Personnel_m.php(40): CodeIgniter\Database\BaseConnection->query('select * from p...')
#4 C:\xampp\htdocs\caf\app\Controllers\Dashboard.php(48): App\Models\Personnel_m->load_region()
#5 C:\xampp\htdocs\caf\vendor\codeigniter4\framework\system\CodeIgniter.php(910): App\Controllers\Dashboard->load_region()
#6 C:\xampp\htdocs\caf\vendor\codeigniter4\framework\system\CodeIgniter.php(398): CodeIgniter\CodeIgniter->runController(Object(App\Controllers\Dashboard))
#7 C:\xampp\htdocs\caf\vendor\codeigniter4\framework\system\CodeIgniter.php(306): CodeIgniter\CodeIgniter->handleRequest(NULL, Object(Config\Cache), false)
#8 C:\xampp\htdocs\caf\public\index.php(45): CodeIgniter\CodeIgniter->run()
#9 C:\xampp\htdocs\caf\vendor\codeigniter4\framework\system\Commands\Server\rewrite.php(34): require_once('C:\\xampp\\htdocs...')
#10 {main}
CRITICAL - 2021-01-28 23:55:42 --> Call to undefined method CodeIgniter\Database\MySQLi\Result::orderBy()
#0 C:\xampp\htdocs\caf\app\Controllers\Dashboard.php(48): App\Models\Personnel_m->load_region()
#1 C:\xampp\htdocs\caf\vendor\codeigniter4\framework\system\CodeIgniter.php(910): App\Controllers\Dashboard->load_region()
#2 C:\xampp\htdocs\caf\vendor\codeigniter4\framework\system\CodeIgniter.php(398): CodeIgniter\CodeIgniter->runController(Object(App\Controllers\Dashboard))
#3 C:\xampp\htdocs\caf\vendor\codeigniter4\framework\system\CodeIgniter.php(306): CodeIgniter\CodeIgniter->handleRequest(NULL, Object(Config\Cache), false)
#4 C:\xampp\htdocs\caf\public\index.php(45): CodeIgniter\CodeIgniter->run()
#5 C:\xampp\htdocs\caf\vendor\codeigniter4\framework\system\Commands\Server\rewrite.php(34): require_once('C:\\xampp\\htdocs...')
#6 {main}
CRITICAL - 2021-01-28 23:56:20 --> Call to undefined method CodeIgniter\Database\MySQLi\Result::orderBy()
#0 C:\xampp\htdocs\caf\app\Controllers\Dashboard.php(48): App\Models\Personnel_m->load_region()
#1 C:\xampp\htdocs\caf\vendor\codeigniter4\framework\system\CodeIgniter.php(910): App\Controllers\Dashboard->load_region()
#2 C:\xampp\htdocs\caf\vendor\codeigniter4\framework\system\CodeIgniter.php(398): CodeIgniter\CodeIgniter->runController(Object(App\Controllers\Dashboard))
#3 C:\xampp\htdocs\caf\vendor\codeigniter4\framework\system\CodeIgniter.php(306): CodeIgniter\CodeIgniter->handleRequest(NULL, Object(Config\Cache), false)
#4 C:\xampp\htdocs\caf\public\index.php(45): CodeIgniter\CodeIgniter->run()
#5 C:\xampp\htdocs\caf\vendor\codeigniter4\framework\system\Commands\Server\rewrite.php(34): require_once('C:\\xampp\\htdocs...')
#6 {main}
CRITICAL - 2021-01-28 23:56:37 --> Call to undefined method CodeIgniter\Database\MySQLi\Result::order_by()
#0 C:\xampp\htdocs\caf\app\Controllers\Dashboard.php(48): App\Models\Personnel_m->load_region()
#1 C:\xampp\htdocs\caf\vendor\codeigniter4\framework\system\CodeIgniter.php(910): App\Controllers\Dashboard->load_region()
#2 C:\xampp\htdocs\caf\vendor\codeigniter4\framework\system\CodeIgniter.php(398): CodeIgniter\CodeIgniter->runController(Object(App\Controllers\Dashboard))
#3 C:\xampp\htdocs\caf\vendor\codeigniter4\framework\system\CodeIgniter.php(306): CodeIgniter\CodeIgniter->handleRequest(NULL, Object(Config\Cache), false)
#4 C:\xampp\htdocs\caf\public\index.php(45): CodeIgniter\CodeIgniter->run()
#5 C:\xampp\htdocs\caf\vendor\codeigniter4\framework\system\Commands\Server\rewrite.php(34): require_once('C:\\xampp\\htdocs...')
#6 {main}
