CRITICAL - 2021-03-03 00:43:30 --> No tables used
#0 C:\xampp\htdocs\cbms\vendor\codeigniter4\framework\system\Database\MySQLi\Connection.php(330): mysqli->query('select * where ...')
#1 C:\xampp\htdocs\cbms\vendor\codeigniter4\framework\system\Database\BaseConnection.php(738): CodeIgniter\Database\MySQLi\Connection->execute('select * where ...')
#2 C:\xampp\htdocs\cbms\vendor\codeigniter4\framework\system\Database\BaseConnection.php(666): CodeIgniter\Database\BaseConnection->simpleQuery('select * where ...')
#3 C:\xampp\htdocs\cbms\app\Models\Barangay_m.php(23): CodeIgniter\Database\BaseConnection->query('select * where ...')
#4 C:\xampp\htdocs\cbms\app\Controllers\Dashboard.php(47): App\Models\Barangay_m->load_form_1()
#5 C:\xampp\htdocs\cbms\vendor\codeigniter4\framework\system\CodeIgniter.php(910): App\Controllers\Dashboard->load_form_1()
#6 C:\xampp\htdocs\cbms\vendor\codeigniter4\framework\system\CodeIgniter.php(398): CodeIgniter\CodeIgniter->runController(Object(App\Controllers\Dashboard))
#7 C:\xampp\htdocs\cbms\vendor\codeigniter4\framework\system\CodeIgniter.php(306): CodeIgniter\CodeIgniter->handleRequest(NULL, Object(Config\Cache), false)
#8 C:\xampp\htdocs\cbms\public\index.php(45): CodeIgniter\CodeIgniter->run()
#9 C:\xampp\htdocs\cbms\vendor\codeigniter4\framework\system\Commands\Server\rewrite.php(34): require_once('C:\\xampp\\htdocs...')
#10 {main}
CRITICAL - 2021-03-03 00:43:40 --> No tables used
#0 C:\xampp\htdocs\cbms\vendor\codeigniter4\framework\system\Database\MySQLi\Connection.php(330): mysqli->query('select * where ...')
#1 C:\xampp\htdocs\cbms\vendor\codeigniter4\framework\system\Database\BaseConnection.php(738): CodeIgniter\Database\MySQLi\Connection->execute('select * where ...')
#2 C:\xampp\htdocs\cbms\vendor\codeigniter4\framework\system\Database\BaseConnection.php(666): CodeIgniter\Database\BaseConnection->simpleQuery('select * where ...')
#3 C:\xampp\htdocs\cbms\app\Models\Barangay_m.php(23): CodeIgniter\Database\BaseConnection->query('select * where ...')
#4 C:\xampp\htdocs\cbms\app\Controllers\Dashboard.php(47): App\Models\Barangay_m->load_form_1()
#5 C:\xampp\htdocs\cbms\vendor\codeigniter4\framework\system\CodeIgniter.php(910): App\Controllers\Dashboard->load_form_1()
#6 C:\xampp\htdocs\cbms\vendor\codeigniter4\framework\system\CodeIgniter.php(398): CodeIgniter\CodeIgniter->runController(Object(App\Controllers\Dashboard))
#7 C:\xampp\htdocs\cbms\vendor\codeigniter4\framework\system\CodeIgniter.php(306): CodeIgniter\CodeIgniter->handleRequest(NULL, Object(Config\Cache), false)
#8 C:\xampp\htdocs\cbms\public\index.php(45): CodeIgniter\CodeIgniter->run()
#9 C:\xampp\htdocs\cbms\vendor\codeigniter4\framework\system\Commands\Server\rewrite.php(34): require_once('C:\\xampp\\htdocs...')
#10 {main}
CRITICAL - 2021-03-03 00:45:35 --> Call to undefined method CodeIgniter\Database\MySQLi\Builder::query()
#0 C:\xampp\htdocs\cbms\app\Controllers\Dashboard.php(47): App\Models\Barangay_m->load_form_1()
#1 C:\xampp\htdocs\cbms\vendor\codeigniter4\framework\system\CodeIgniter.php(910): App\Controllers\Dashboard->load_form_1()
#2 C:\xampp\htdocs\cbms\vendor\codeigniter4\framework\system\CodeIgniter.php(398): CodeIgniter\CodeIgniter->runController(Object(App\Controllers\Dashboard))
#3 C:\xampp\htdocs\cbms\vendor\codeigniter4\framework\system\CodeIgniter.php(306): CodeIgniter\CodeIgniter->handleRequest(NULL, Object(Config\Cache), false)
#4 C:\xampp\htdocs\cbms\public\index.php(45): CodeIgniter\CodeIgniter->run()
#5 C:\xampp\htdocs\cbms\vendor\codeigniter4\framework\system\Commands\Server\rewrite.php(34): require_once('C:\\xampp\\htdocs...')
#6 {main}
CRITICAL - 2021-03-03 00:45:48 --> Call to undefined method CodeIgniter\Database\MySQLi\Builder::query()
#0 C:\xampp\htdocs\cbms\app\Controllers\Dashboard.php(47): App\Models\Barangay_m->load_form_1()
#1 C:\xampp\htdocs\cbms\vendor\codeigniter4\framework\system\CodeIgniter.php(910): App\Controllers\Dashboard->load_form_1()
#2 C:\xampp\htdocs\cbms\vendor\codeigniter4\framework\system\CodeIgniter.php(398): CodeIgniter\CodeIgniter->runController(Object(App\Controllers\Dashboard))
#3 C:\xampp\htdocs\cbms\vendor\codeigniter4\framework\system\CodeIgniter.php(306): CodeIgniter\CodeIgniter->handleRequest(NULL, Object(Config\Cache), false)
#4 C:\xampp\htdocs\cbms\public\index.php(45): CodeIgniter\CodeIgniter->run()
#5 C:\xampp\htdocs\cbms\vendor\codeigniter4\framework\system\Commands\Server\rewrite.php(34): require_once('C:\\xampp\\htdocs...')
#6 {main}
CRITICAL - 2021-03-03 00:46:54 --> No tables used
#0 C:\xampp\htdocs\cbms\vendor\codeigniter4\framework\system\Database\MySQLi\Connection.php(330): mysqli->query('select * where ...')
#1 C:\xampp\htdocs\cbms\vendor\codeigniter4\framework\system\Database\BaseConnection.php(738): CodeIgniter\Database\MySQLi\Connection->execute('select * where ...')
#2 C:\xampp\htdocs\cbms\vendor\codeigniter4\framework\system\Database\BaseConnection.php(666): CodeIgniter\Database\BaseConnection->simpleQuery('select * where ...')
#3 C:\xampp\htdocs\cbms\app\Models\Barangay_m.php(24): CodeIgniter\Database\BaseConnection->query('select * where ...')
#4 C:\xampp\htdocs\cbms\app\Controllers\Dashboard.php(47): App\Models\Barangay_m->load_form_1()
#5 C:\xampp\htdocs\cbms\vendor\codeigniter4\framework\system\CodeIgniter.php(910): App\Controllers\Dashboard->load_form_1()
#6 C:\xampp\htdocs\cbms\vendor\codeigniter4\framework\system\CodeIgniter.php(398): CodeIgniter\CodeIgniter->runController(Object(App\Controllers\Dashboard))
#7 C:\xampp\htdocs\cbms\vendor\codeigniter4\framework\system\CodeIgniter.php(306): CodeIgniter\CodeIgniter->handleRequest(NULL, Object(Config\Cache), false)
#8 C:\xampp\htdocs\cbms\public\index.php(45): CodeIgniter\CodeIgniter->run()
#9 C:\xampp\htdocs\cbms\vendor\codeigniter4\framework\system\Commands\Server\rewrite.php(34): require_once('C:\\xampp\\htdocs...')
#10 {main}
CRITICAL - 2021-03-03 00:47:14 --> Unknown column 'fe155b8d' in 'where clause'
#0 C:\xampp\htdocs\cbms\vendor\codeigniter4\framework\system\Database\MySQLi\Connection.php(330): mysqli->query('select * from b...')
#1 C:\xampp\htdocs\cbms\vendor\codeigniter4\framework\system\Database\BaseConnection.php(738): CodeIgniter\Database\MySQLi\Connection->execute('select * from b...')
#2 C:\xampp\htdocs\cbms\vendor\codeigniter4\framework\system\Database\BaseConnection.php(666): CodeIgniter\Database\BaseConnection->simpleQuery('select * from b...')
#3 C:\xampp\htdocs\cbms\app\Models\Barangay_m.php(24): CodeIgniter\Database\BaseConnection->query('select * from b...')
#4 C:\xampp\htdocs\cbms\app\Controllers\Dashboard.php(47): App\Models\Barangay_m->load_form_1()
#5 C:\xampp\htdocs\cbms\vendor\codeigniter4\framework\system\CodeIgniter.php(910): App\Controllers\Dashboard->load_form_1()
#6 C:\xampp\htdocs\cbms\vendor\codeigniter4\framework\system\CodeIgniter.php(398): CodeIgniter\CodeIgniter->runController(Object(App\Controllers\Dashboard))
#7 C:\xampp\htdocs\cbms\vendor\codeigniter4\framework\system\CodeIgniter.php(306): CodeIgniter\CodeIgniter->handleRequest(NULL, Object(Config\Cache), false)
#8 C:\xampp\htdocs\cbms\public\index.php(45): CodeIgniter\CodeIgniter->run()
#9 C:\xampp\htdocs\cbms\vendor\codeigniter4\framework\system\Commands\Server\rewrite.php(34): require_once('C:\\xampp\\htdocs...')
#10 {main}
CRITICAL - 2021-03-03 00:49:28 --> Unknown column 'fe155b8d' in 'where clause'
#0 C:\xampp\htdocs\cbms\vendor\codeigniter4\framework\system\Database\MySQLi\Connection.php(330): mysqli->query('select * FROM b...')
#1 C:\xampp\htdocs\cbms\vendor\codeigniter4\framework\system\Database\BaseConnection.php(738): CodeIgniter\Database\MySQLi\Connection->execute('select * FROM b...')
#2 C:\xampp\htdocs\cbms\vendor\codeigniter4\framework\system\Database\BaseConnection.php(666): CodeIgniter\Database\BaseConnection->simpleQuery('select * FROM b...')
#3 C:\xampp\htdocs\cbms\app\Models\Barangay_m.php(24): CodeIgniter\Database\BaseConnection->query('select * FROM b...')
#4 C:\xampp\htdocs\cbms\app\Controllers\Dashboard.php(47): App\Models\Barangay_m->load_form_1()
#5 C:\xampp\htdocs\cbms\vendor\codeigniter4\framework\system\CodeIgniter.php(910): App\Controllers\Dashboard->load_form_1()
#6 C:\xampp\htdocs\cbms\vendor\codeigniter4\framework\system\CodeIgniter.php(398): CodeIgniter\CodeIgniter->runController(Object(App\Controllers\Dashboard))
#7 C:\xampp\htdocs\cbms\vendor\codeigniter4\framework\system\CodeIgniter.php(306): CodeIgniter\CodeIgniter->handleRequest(NULL, Object(Config\Cache), false)
#8 C:\xampp\htdocs\cbms\public\index.php(45): CodeIgniter\CodeIgniter->run()
#9 C:\xampp\htdocs\cbms\vendor\codeigniter4\framework\system\Commands\Server\rewrite.php(34): require_once('C:\\xampp\\htdocs...')
#10 {main}
CRITICAL - 2021-03-03 00:50:35 --> Unknown column 'fe155b8d' in 'where clause'
#0 C:\xampp\htdocs\cbms\vendor\codeigniter4\framework\system\Database\MySQLi\Connection.php(330): mysqli->query('select * FROM b...')
#1 C:\xampp\htdocs\cbms\vendor\codeigniter4\framework\system\Database\BaseConnection.php(738): CodeIgniter\Database\MySQLi\Connection->execute('select * FROM b...')
#2 C:\xampp\htdocs\cbms\vendor\codeigniter4\framework\system\Database\BaseConnection.php(666): CodeIgniter\Database\BaseConnection->simpleQuery('select * FROM b...')
#3 C:\xampp\htdocs\cbms\app\Models\Barangay_m.php(24): CodeIgniter\Database\BaseConnection->query('select * FROM b...')
#4 C:\xampp\htdocs\cbms\app\Controllers\Dashboard.php(47): App\Models\Barangay_m->load_form_1()
#5 C:\xampp\htdocs\cbms\vendor\codeigniter4\framework\system\CodeIgniter.php(910): App\Controllers\Dashboard->load_form_1()
#6 C:\xampp\htdocs\cbms\vendor\codeigniter4\framework\system\CodeIgniter.php(398): CodeIgniter\CodeIgniter->runController(Object(App\Controllers\Dashboard))
#7 C:\xampp\htdocs\cbms\vendor\codeigniter4\framework\system\CodeIgniter.php(306): CodeIgniter\CodeIgniter->handleRequest(NULL, Object(Config\Cache), false)
#8 C:\xampp\htdocs\cbms\public\index.php(45): CodeIgniter\CodeIgniter->run()
#9 C:\xampp\htdocs\cbms\vendor\codeigniter4\framework\system\Commands\Server\rewrite.php(34): require_once('C:\\xampp\\htdocs...')
#10 {main}
CRITICAL - 2021-03-03 00:51:27 --> Call to undefined method CodeIgniter\Database\MySQLi\Result::where()
#0 C:\xampp\htdocs\cbms\app\Controllers\Dashboard.php(47): App\Models\Barangay_m->load_form_1()
#1 C:\xampp\htdocs\cbms\vendor\codeigniter4\framework\system\CodeIgniter.php(910): App\Controllers\Dashboard->load_form_1()
#2 C:\xampp\htdocs\cbms\vendor\codeigniter4\framework\system\CodeIgniter.php(398): CodeIgniter\CodeIgniter->runController(Object(App\Controllers\Dashboard))
#3 C:\xampp\htdocs\cbms\vendor\codeigniter4\framework\system\CodeIgniter.php(306): CodeIgniter\CodeIgniter->handleRequest(NULL, Object(Config\Cache), false)
#4 C:\xampp\htdocs\cbms\public\index.php(45): CodeIgniter\CodeIgniter->run()
#5 C:\xampp\htdocs\cbms\vendor\codeigniter4\framework\system\Commands\Server\rewrite.php(34): require_once('C:\\xampp\\htdocs...')
#6 {main}
CRITICAL - 2021-03-03 00:52:13 --> Call to undefined method CodeIgniter\Database\MySQLi\Result::where()
#0 C:\xampp\htdocs\cbms\app\Controllers\Dashboard.php(47): App\Models\Barangay_m->load_form_1()
#1 C:\xampp\htdocs\cbms\vendor\codeigniter4\framework\system\CodeIgniter.php(910): App\Controllers\Dashboard->load_form_1()
#2 C:\xampp\htdocs\cbms\vendor\codeigniter4\framework\system\CodeIgniter.php(398): CodeIgniter\CodeIgniter->runController(Object(App\Controllers\Dashboard))
#3 C:\xampp\htdocs\cbms\vendor\codeigniter4\framework\system\CodeIgniter.php(306): CodeIgniter\CodeIgniter->handleRequest(NULL, Object(Config\Cache), false)
#4 C:\xampp\htdocs\cbms\public\index.php(45): CodeIgniter\CodeIgniter->run()
#5 C:\xampp\htdocs\cbms\vendor\codeigniter4\framework\system\Commands\Server\rewrite.php(34): require_once('C:\\xampp\\htdocs...')
#6 {main}
CRITICAL - 2021-03-03 00:55:28 --> Call to undefined method CodeIgniter\Database\MySQLi\Result::where()
#0 C:\xampp\htdocs\cbms\app\Controllers\Dashboard.php(47): App\Models\Barangay_m->load_form_1()
#1 C:\xampp\htdocs\cbms\vendor\codeigniter4\framework\system\CodeIgniter.php(910): App\Controllers\Dashboard->load_form_1()
#2 C:\xampp\htdocs\cbms\vendor\codeigniter4\framework\system\CodeIgniter.php(398): CodeIgniter\CodeIgniter->runController(Object(App\Controllers\Dashboard))
#3 C:\xampp\htdocs\cbms\vendor\codeigniter4\framework\system\CodeIgniter.php(306): CodeIgniter\CodeIgniter->handleRequest(NULL, Object(Config\Cache), false)
#4 C:\xampp\htdocs\cbms\public\index.php(45): CodeIgniter\CodeIgniter->run()
#5 C:\xampp\htdocs\cbms\vendor\codeigniter4\framework\system\Commands\Server\rewrite.php(34): require_once('C:\\xampp\\htdocs...')
#6 {main}
CRITICAL - 2021-03-03 01:00:12 --> Unknown column 'fe155b8d' in 'where clause'
#0 C:\xampp\htdocs\cbms\vendor\codeigniter4\framework\system\Database\MySQLi\Connection.php(330): mysqli->query('select * FROM b...')
#1 C:\xampp\htdocs\cbms\vendor\codeigniter4\framework\system\Database\BaseConnection.php(738): CodeIgniter\Database\MySQLi\Connection->execute('select * FROM b...')
#2 C:\xampp\htdocs\cbms\vendor\codeigniter4\framework\system\Database\BaseConnection.php(666): CodeIgniter\Database\BaseConnection->simpleQuery('select * FROM b...')
#3 C:\xampp\htdocs\cbms\app\Models\Barangay_m.php(25): CodeIgniter\Database\BaseConnection->query('select * FROM b...')
#4 C:\xampp\htdocs\cbms\app\Controllers\Dashboard.php(47): App\Models\Barangay_m->load_form_1()
#5 C:\xampp\htdocs\cbms\vendor\codeigniter4\framework\system\CodeIgniter.php(910): App\Controllers\Dashboard->load_form_1()
#6 C:\xampp\htdocs\cbms\vendor\codeigniter4\framework\system\CodeIgniter.php(398): CodeIgniter\CodeIgniter->runController(Object(App\Controllers\Dashboard))
#7 C:\xampp\htdocs\cbms\vendor\codeigniter4\framework\system\CodeIgniter.php(306): CodeIgniter\CodeIgniter->handleRequest(NULL, Object(Config\Cache), false)
#8 C:\xampp\htdocs\cbms\public\index.php(45): CodeIgniter\CodeIgniter->run()
#9 C:\xampp\htdocs\cbms\vendor\codeigniter4\framework\system\Commands\Server\rewrite.php(34): require_once('C:\\xampp\\htdocs...')
#10 {main}
CRITICAL - 2021-03-03 01:01:25 --> You have an error in your SQL syntax; check the manual that corresponds to your MariaDB server version for the right syntax to use near '"' at line 1
#0 C:\xampp\htdocs\cbms\vendor\codeigniter4\framework\system\Database\MySQLi\Connection.php(330): mysqli->query('select * FROM b...')
#1 C:\xampp\htdocs\cbms\vendor\codeigniter4\framework\system\Database\BaseConnection.php(738): CodeIgniter\Database\MySQLi\Connection->execute('select * FROM b...')
#2 C:\xampp\htdocs\cbms\vendor\codeigniter4\framework\system\Database\BaseConnection.php(666): CodeIgniter\Database\BaseConnection->simpleQuery('select * FROM b...')
#3 C:\xampp\htdocs\cbms\app\Models\Barangay_m.php(25): CodeIgniter\Database\BaseConnection->query('select * FROM b...')
#4 C:\xampp\htdocs\cbms\app\Controllers\Dashboard.php(47): App\Models\Barangay_m->load_form_1()
#5 C:\xampp\htdocs\cbms\vendor\codeigniter4\framework\system\CodeIgniter.php(910): App\Controllers\Dashboard->load_form_1()
#6 C:\xampp\htdocs\cbms\vendor\codeigniter4\framework\system\CodeIgniter.php(398): CodeIgniter\CodeIgniter->runController(Object(App\Controllers\Dashboard))
#7 C:\xampp\htdocs\cbms\vendor\codeigniter4\framework\system\CodeIgniter.php(306): CodeIgniter\CodeIgniter->handleRequest(NULL, Object(Config\Cache), false)
#8 C:\xampp\htdocs\cbms\public\index.php(45): CodeIgniter\CodeIgniter->run()
#9 C:\xampp\htdocs\cbms\vendor\codeigniter4\framework\system\Commands\Server\rewrite.php(34): require_once('C:\\xampp\\htdocs...')
#10 {main}
CRITICAL - 2021-03-03 01:01:43 --> Unknown column 'fe155b8d' in 'where clause'
#0 C:\xampp\htdocs\cbms\vendor\codeigniter4\framework\system\Database\MySQLi\Connection.php(330): mysqli->query('select * FROM b...')
#1 C:\xampp\htdocs\cbms\vendor\codeigniter4\framework\system\Database\BaseConnection.php(738): CodeIgniter\Database\MySQLi\Connection->execute('select * FROM b...')
#2 C:\xampp\htdocs\cbms\vendor\codeigniter4\framework\system\Database\BaseConnection.php(666): CodeIgniter\Database\BaseConnection->simpleQuery('select * FROM b...')
#3 C:\xampp\htdocs\cbms\app\Models\Barangay_m.php(25): CodeIgniter\Database\BaseConnection->query('select * FROM b...')
#4 C:\xampp\htdocs\cbms\app\Controllers\Dashboard.php(47): App\Models\Barangay_m->load_form_1()
#5 C:\xampp\htdocs\cbms\vendor\codeigniter4\framework\system\CodeIgniter.php(910): App\Controllers\Dashboard->load_form_1()
#6 C:\xampp\htdocs\cbms\vendor\codeigniter4\framework\system\CodeIgniter.php(398): CodeIgniter\CodeIgniter->runController(Object(App\Controllers\Dashboard))
#7 C:\xampp\htdocs\cbms\vendor\codeigniter4\framework\system\CodeIgniter.php(306): CodeIgniter\CodeIgniter->handleRequest(NULL, Object(Config\Cache), false)
#8 C:\xampp\htdocs\cbms\public\index.php(45): CodeIgniter\CodeIgniter->run()
#9 C:\xampp\htdocs\cbms\vendor\codeigniter4\framework\system\Commands\Server\rewrite.php(34): require_once('C:\\xampp\\htdocs...')
#10 {main}
CRITICAL - 2021-03-03 01:02:12 --> You have an error in your SQL syntax; check the manual that corresponds to your MariaDB server version for the right syntax to use near '"' at line 1
#0 C:\xampp\htdocs\cbms\vendor\codeigniter4\framework\system\Database\MySQLi\Connection.php(330): mysqli->query('select * FROM b...')
#1 C:\xampp\htdocs\cbms\vendor\codeigniter4\framework\system\Database\BaseConnection.php(738): CodeIgniter\Database\MySQLi\Connection->execute('select * FROM b...')
#2 C:\xampp\htdocs\cbms\vendor\codeigniter4\framework\system\Database\BaseConnection.php(666): CodeIgniter\Database\BaseConnection->simpleQuery('select * FROM b...')
#3 C:\xampp\htdocs\cbms\app\Models\Barangay_m.php(25): CodeIgniter\Database\BaseConnection->query('select * FROM b...')
#4 C:\xampp\htdocs\cbms\app\Controllers\Dashboard.php(47): App\Models\Barangay_m->load_form_1()
#5 C:\xampp\htdocs\cbms\vendor\codeigniter4\framework\system\CodeIgniter.php(910): App\Controllers\Dashboard->load_form_1()
#6 C:\xampp\htdocs\cbms\vendor\codeigniter4\framework\system\CodeIgniter.php(398): CodeIgniter\CodeIgniter->runController(Object(App\Controllers\Dashboard))
#7 C:\xampp\htdocs\cbms\vendor\codeigniter4\framework\system\CodeIgniter.php(306): CodeIgniter\CodeIgniter->handleRequest(NULL, Object(Config\Cache), false)
#8 C:\xampp\htdocs\cbms\public\index.php(45): CodeIgniter\CodeIgniter->run()
#9 C:\xampp\htdocs\cbms\vendor\codeigniter4\framework\system\Commands\Server\rewrite.php(34): require_once('C:\\xampp\\htdocs...')
#10 {main}
CRITICAL - 2021-03-03 01:02:40 --> Unknown column 'fe155b8d' in 'where clause'
#0 C:\xampp\htdocs\cbms\vendor\codeigniter4\framework\system\Database\MySQLi\Connection.php(330): mysqli->query('select * FROM b...')
#1 C:\xampp\htdocs\cbms\vendor\codeigniter4\framework\system\Database\BaseConnection.php(738): CodeIgniter\Database\MySQLi\Connection->execute('select * FROM b...')
#2 C:\xampp\htdocs\cbms\vendor\codeigniter4\framework\system\Database\BaseConnection.php(666): CodeIgniter\Database\BaseConnection->simpleQuery('select * FROM b...')
#3 C:\xampp\htdocs\cbms\app\Models\Barangay_m.php(25): CodeIgniter\Database\BaseConnection->query('select * FROM b...')
#4 C:\xampp\htdocs\cbms\app\Controllers\Dashboard.php(47): App\Models\Barangay_m->load_form_1()
#5 C:\xampp\htdocs\cbms\vendor\codeigniter4\framework\system\CodeIgniter.php(910): App\Controllers\Dashboard->load_form_1()
#6 C:\xampp\htdocs\cbms\vendor\codeigniter4\framework\system\CodeIgniter.php(398): CodeIgniter\CodeIgniter->runController(Object(App\Controllers\Dashboard))
#7 C:\xampp\htdocs\cbms\vendor\codeigniter4\framework\system\CodeIgniter.php(306): CodeIgniter\CodeIgniter->handleRequest(NULL, Object(Config\Cache), false)
#8 C:\xampp\htdocs\cbms\public\index.php(45): CodeIgniter\CodeIgniter->run()
#9 C:\xampp\htdocs\cbms\vendor\codeigniter4\framework\system\Commands\Server\rewrite.php(34): require_once('C:\\xampp\\htdocs...')
#10 {main}
CRITICAL - 2021-03-03 01:03:13 --> You have an error in your SQL syntax; check the manual that corresponds to your MariaDB server version for the right syntax to use near '"fe155b8d-4ffd-410f-8a3a-e2910b7d9b97'' at line 1
#0 C:\xampp\htdocs\cbms\vendor\codeigniter4\framework\system\Database\MySQLi\Connection.php(330): mysqli->query('select * FROM b...')
#1 C:\xampp\htdocs\cbms\vendor\codeigniter4\framework\system\Database\BaseConnection.php(738): CodeIgniter\Database\MySQLi\Connection->execute('select * FROM b...')
#2 C:\xampp\htdocs\cbms\vendor\codeigniter4\framework\system\Database\BaseConnection.php(666): CodeIgniter\Database\BaseConnection->simpleQuery('select * FROM b...')
#3 C:\xampp\htdocs\cbms\app\Models\Barangay_m.php(25): CodeIgniter\Database\BaseConnection->query('select * FROM b...')
#4 C:\xampp\htdocs\cbms\app\Controllers\Dashboard.php(47): App\Models\Barangay_m->load_form_1()
#5 C:\xampp\htdocs\cbms\vendor\codeigniter4\framework\system\CodeIgniter.php(910): App\Controllers\Dashboard->load_form_1()
#6 C:\xampp\htdocs\cbms\vendor\codeigniter4\framework\system\CodeIgniter.php(398): CodeIgniter\CodeIgniter->runController(Object(App\Controllers\Dashboard))
#7 C:\xampp\htdocs\cbms\vendor\codeigniter4\framework\system\CodeIgniter.php(306): CodeIgniter\CodeIgniter->handleRequest(NULL, Object(Config\Cache), false)
#8 C:\xampp\htdocs\cbms\public\index.php(45): CodeIgniter\CodeIgniter->run()
#9 C:\xampp\htdocs\cbms\vendor\codeigniter4\framework\system\Commands\Server\rewrite.php(34): require_once('C:\\xampp\\htdocs...')
#10 {main}
CRITICAL - 2021-03-03 01:04:22 --> A non-numeric value encountered
#0 C:\xampp\htdocs\cbms\app\Models\Barangay_m.php(24): CodeIgniter\Debug\Exceptions->errorHandler(2, 'A non-numeric v...', 'C:\\xampp\\htdocs...', 24, Array)
#1 C:\xampp\htdocs\cbms\app\Controllers\Dashboard.php(47): App\Models\Barangay_m->load_form_1()
#2 C:\xampp\htdocs\cbms\vendor\codeigniter4\framework\system\CodeIgniter.php(910): App\Controllers\Dashboard->load_form_1()
#3 C:\xampp\htdocs\cbms\vendor\codeigniter4\framework\system\CodeIgniter.php(398): CodeIgniter\CodeIgniter->runController(Object(App\Controllers\Dashboard))
#4 C:\xampp\htdocs\cbms\vendor\codeigniter4\framework\system\CodeIgniter.php(306): CodeIgniter\CodeIgniter->handleRequest(NULL, Object(Config\Cache), false)
#5 C:\xampp\htdocs\cbms\public\index.php(45): CodeIgniter\CodeIgniter->run()
#6 C:\xampp\htdocs\cbms\vendor\codeigniter4\framework\system\Commands\Server\rewrite.php(34): require_once('C:\\xampp\\htdocs...')
#7 {main}
CRITICAL - 2021-03-03 01:05:29 --> Unknown column 'fe155b8d' in 'where clause'
#0 C:\xampp\htdocs\cbms\vendor\codeigniter4\framework\system\Database\MySQLi\Connection.php(330): mysqli->query('select * FROM b...')
#1 C:\xampp\htdocs\cbms\vendor\codeigniter4\framework\system\Database\BaseConnection.php(738): CodeIgniter\Database\MySQLi\Connection->execute('select * FROM b...')
#2 C:\xampp\htdocs\cbms\vendor\codeigniter4\framework\system\Database\BaseConnection.php(666): CodeIgniter\Database\BaseConnection->simpleQuery('select * FROM b...')
#3 C:\xampp\htdocs\cbms\app\Models\Barangay_m.php(27): CodeIgniter\Database\BaseConnection->query('select * FROM b...')
#4 C:\xampp\htdocs\cbms\app\Controllers\Dashboard.php(47): App\Models\Barangay_m->load_form_1()
#5 C:\xampp\htdocs\cbms\vendor\codeigniter4\framework\system\CodeIgniter.php(910): App\Controllers\Dashboard->load_form_1()
#6 C:\xampp\htdocs\cbms\vendor\codeigniter4\framework\system\CodeIgniter.php(398): CodeIgniter\CodeIgniter->runController(Object(App\Controllers\Dashboard))
#7 C:\xampp\htdocs\cbms\vendor\codeigniter4\framework\system\CodeIgniter.php(306): CodeIgniter\CodeIgniter->handleRequest(NULL, Object(Config\Cache), false)
#8 C:\xampp\htdocs\cbms\public\index.php(45): CodeIgniter\CodeIgniter->run()
#9 C:\xampp\htdocs\cbms\vendor\codeigniter4\framework\system\Commands\Server\rewrite.php(34): require_once('C:\\xampp\\htdocs...')
#10 {main}
CRITICAL - 2021-03-03 01:05:38 --> Unknown column 'fe155b8d' in 'where clause'
#0 C:\xampp\htdocs\cbms\vendor\codeigniter4\framework\system\Database\MySQLi\Connection.php(330): mysqli->query('select * FROM b...')
#1 C:\xampp\htdocs\cbms\vendor\codeigniter4\framework\system\Database\BaseConnection.php(738): CodeIgniter\Database\MySQLi\Connection->execute('select * FROM b...')
#2 C:\xampp\htdocs\cbms\vendor\codeigniter4\framework\system\Database\BaseConnection.php(666): CodeIgniter\Database\BaseConnection->simpleQuery('select * FROM b...')
#3 C:\xampp\htdocs\cbms\app\Models\Barangay_m.php(27): CodeIgniter\Database\BaseConnection->query('select * FROM b...')
#4 C:\xampp\htdocs\cbms\app\Controllers\Dashboard.php(47): App\Models\Barangay_m->load_form_1()
#5 C:\xampp\htdocs\cbms\vendor\codeigniter4\framework\system\CodeIgniter.php(910): App\Controllers\Dashboard->load_form_1()
#6 C:\xampp\htdocs\cbms\vendor\codeigniter4\framework\system\CodeIgniter.php(398): CodeIgniter\CodeIgniter->runController(Object(App\Controllers\Dashboard))
#7 C:\xampp\htdocs\cbms\vendor\codeigniter4\framework\system\CodeIgniter.php(306): CodeIgniter\CodeIgniter->handleRequest(NULL, Object(Config\Cache), false)
#8 C:\xampp\htdocs\cbms\public\index.php(45): CodeIgniter\CodeIgniter->run()
#9 C:\xampp\htdocs\cbms\vendor\codeigniter4\framework\system\Commands\Server\rewrite.php(34): require_once('C:\\xampp\\htdocs...')
#10 {main}
CRITICAL - 2021-03-03 01:06:34 --> You have an error in your SQL syntax; check the manual that corresponds to your MariaDB server version for the right syntax to use near '"' at line 1
#0 C:\xampp\htdocs\cbms\vendor\codeigniter4\framework\system\Database\MySQLi\Connection.php(330): mysqli->query('select * FROM b...')
#1 C:\xampp\htdocs\cbms\vendor\codeigniter4\framework\system\Database\BaseConnection.php(738): CodeIgniter\Database\MySQLi\Connection->execute('select * FROM b...')
#2 C:\xampp\htdocs\cbms\vendor\codeigniter4\framework\system\Database\BaseConnection.php(666): CodeIgniter\Database\BaseConnection->simpleQuery('select * FROM b...')
#3 C:\xampp\htdocs\cbms\app\Models\Barangay_m.php(27): CodeIgniter\Database\BaseConnection->query('select * FROM b...')
#4 C:\xampp\htdocs\cbms\app\Controllers\Dashboard.php(47): App\Models\Barangay_m->load_form_1()
#5 C:\xampp\htdocs\cbms\vendor\codeigniter4\framework\system\CodeIgniter.php(910): App\Controllers\Dashboard->load_form_1()
#6 C:\xampp\htdocs\cbms\vendor\codeigniter4\framework\system\CodeIgniter.php(398): CodeIgniter\CodeIgniter->runController(Object(App\Controllers\Dashboard))
#7 C:\xampp\htdocs\cbms\vendor\codeigniter4\framework\system\CodeIgniter.php(306): CodeIgniter\CodeIgniter->handleRequest(NULL, Object(Config\Cache), false)
#8 C:\xampp\htdocs\cbms\public\index.php(45): CodeIgniter\CodeIgniter->run()
#9 C:\xampp\htdocs\cbms\vendor\codeigniter4\framework\system\Commands\Server\rewrite.php(34): require_once('C:\\xampp\\htdocs...')
#10 {main}
CRITICAL - 2021-03-03 01:06:43 --> Unknown column 'fe155b8d' in 'where clause'
#0 C:\xampp\htdocs\cbms\vendor\codeigniter4\framework\system\Database\MySQLi\Connection.php(330): mysqli->query('select * FROM b...')
#1 C:\xampp\htdocs\cbms\vendor\codeigniter4\framework\system\Database\BaseConnection.php(738): CodeIgniter\Database\MySQLi\Connection->execute('select * FROM b...')
#2 C:\xampp\htdocs\cbms\vendor\codeigniter4\framework\system\Database\BaseConnection.php(666): CodeIgniter\Database\BaseConnection->simpleQuery('select * FROM b...')
#3 C:\xampp\htdocs\cbms\app\Models\Barangay_m.php(27): CodeIgniter\Database\BaseConnection->query('select * FROM b...')
#4 C:\xampp\htdocs\cbms\app\Controllers\Dashboard.php(47): App\Models\Barangay_m->load_form_1()
#5 C:\xampp\htdocs\cbms\vendor\codeigniter4\framework\system\CodeIgniter.php(910): App\Controllers\Dashboard->load_form_1()
#6 C:\xampp\htdocs\cbms\vendor\codeigniter4\framework\system\CodeIgniter.php(398): CodeIgniter\CodeIgniter->runController(Object(App\Controllers\Dashboard))
#7 C:\xampp\htdocs\cbms\vendor\codeigniter4\framework\system\CodeIgniter.php(306): CodeIgniter\CodeIgniter->handleRequest(NULL, Object(Config\Cache), false)
#8 C:\xampp\htdocs\cbms\public\index.php(45): CodeIgniter\CodeIgniter->run()
#9 C:\xampp\htdocs\cbms\vendor\codeigniter4\framework\system\Commands\Server\rewrite.php(34): require_once('C:\\xampp\\htdocs...')
#10 {main}
CRITICAL - 2021-03-03 01:07:09 --> Unknown column 'fe155b8d' in 'where clause'
#0 C:\xampp\htdocs\cbms\vendor\codeigniter4\framework\system\Database\MySQLi\Connection.php(330): mysqli->query('select * FROM b...')
#1 C:\xampp\htdocs\cbms\vendor\codeigniter4\framework\system\Database\BaseConnection.php(738): CodeIgniter\Database\MySQLi\Connection->execute('select * FROM b...')
#2 C:\xampp\htdocs\cbms\vendor\codeigniter4\framework\system\Database\BaseConnection.php(666): CodeIgniter\Database\BaseConnection->simpleQuery('select * FROM b...')
#3 C:\xampp\htdocs\cbms\app\Models\Barangay_m.php(27): CodeIgniter\Database\BaseConnection->query('select * FROM b...')
#4 C:\xampp\htdocs\cbms\app\Controllers\Dashboard.php(47): App\Models\Barangay_m->load_form_1()
#5 C:\xampp\htdocs\cbms\vendor\codeigniter4\framework\system\CodeIgniter.php(910): App\Controllers\Dashboard->load_form_1()
#6 C:\xampp\htdocs\cbms\vendor\codeigniter4\framework\system\CodeIgniter.php(398): CodeIgniter\CodeIgniter->runController(Object(App\Controllers\Dashboard))
#7 C:\xampp\htdocs\cbms\vendor\codeigniter4\framework\system\CodeIgniter.php(306): CodeIgniter\CodeIgniter->handleRequest(NULL, Object(Config\Cache), false)
#8 C:\xampp\htdocs\cbms\public\index.php(45): CodeIgniter\CodeIgniter->run()
#9 C:\xampp\htdocs\cbms\vendor\codeigniter4\framework\system\Commands\Server\rewrite.php(34): require_once('C:\\xampp\\htdocs...')
#10 {main}
CRITICAL - 2021-03-03 01:07:28 --> syntax error, unexpected '"', expecting ',' or ')'
#0 C:\xampp\htdocs\cbms\vendor\codeigniter4\framework\system\Autoloader\Autoloader.php(296): CodeIgniter\Autoloader\Autoloader->requireFile('C:\\xampp\\htdocs...')
#1 C:\xampp\htdocs\cbms\vendor\codeigniter4\framework\system\Autoloader\Autoloader.php(258): CodeIgniter\Autoloader\Autoloader->loadInNamespace('App\\Models\\Bara...')
#2 [internal function]: CodeIgniter\Autoloader\Autoloader->loadClass('App\\Models\\Bara...')
#3 C:\xampp\htdocs\cbms\app\Controllers\Dashboard.php(45): spl_autoload_call('App\\Models\\Bara...')
#4 C:\xampp\htdocs\cbms\vendor\codeigniter4\framework\system\CodeIgniter.php(910): App\Controllers\Dashboard->load_form_1()
#5 C:\xampp\htdocs\cbms\vendor\codeigniter4\framework\system\CodeIgniter.php(398): CodeIgniter\CodeIgniter->runController(Object(App\Controllers\Dashboard))
#6 C:\xampp\htdocs\cbms\vendor\codeigniter4\framework\system\CodeIgniter.php(306): CodeIgniter\CodeIgniter->handleRequest(NULL, Object(Config\Cache), false)
#7 C:\xampp\htdocs\cbms\public\index.php(45): CodeIgniter\CodeIgniter->run()
#8 C:\xampp\htdocs\cbms\vendor\codeigniter4\framework\system\Commands\Server\rewrite.php(34): require_once('C:\\xampp\\htdocs...')
#9 {main}
CRITICAL - 2021-03-03 01:08:16 --> Unknown column 'fe155b8d' in 'where clause'
#0 C:\xampp\htdocs\cbms\vendor\codeigniter4\framework\system\Database\MySQLi\Connection.php(330): mysqli->query('select * FROM b...')
#1 C:\xampp\htdocs\cbms\vendor\codeigniter4\framework\system\Database\BaseConnection.php(738): CodeIgniter\Database\MySQLi\Connection->execute('select * FROM b...')
#2 C:\xampp\htdocs\cbms\vendor\codeigniter4\framework\system\Database\BaseConnection.php(666): CodeIgniter\Database\BaseConnection->simpleQuery('select * FROM b...')
#3 C:\xampp\htdocs\cbms\app\Models\Barangay_m.php(27): CodeIgniter\Database\BaseConnection->query('select * FROM b...')
#4 C:\xampp\htdocs\cbms\app\Controllers\Dashboard.php(47): App\Models\Barangay_m->load_form_1()
#5 C:\xampp\htdocs\cbms\vendor\codeigniter4\framework\system\CodeIgniter.php(910): App\Controllers\Dashboard->load_form_1()
#6 C:\xampp\htdocs\cbms\vendor\codeigniter4\framework\system\CodeIgniter.php(398): CodeIgniter\CodeIgniter->runController(Object(App\Controllers\Dashboard))
#7 C:\xampp\htdocs\cbms\vendor\codeigniter4\framework\system\CodeIgniter.php(306): CodeIgniter\CodeIgniter->handleRequest(NULL, Object(Config\Cache), false)
#8 C:\xampp\htdocs\cbms\public\index.php(45): CodeIgniter\CodeIgniter->run()
#9 C:\xampp\htdocs\cbms\vendor\codeigniter4\framework\system\Commands\Server\rewrite.php(34): require_once('C:\\xampp\\htdocs...')
#10 {main}
CRITICAL - 2021-03-03 01:12:11 --> You have an error in your SQL syntax; check the manual that corresponds to your MariaDB server version for the right syntax to use near '"fe155b8d-4ffd-410f-8a3a-e2910b7d9b97' at line 1
#0 C:\xampp\htdocs\cbms\vendor\codeigniter4\framework\system\Database\MySQLi\Connection.php(330): mysqli->query('select * FROM b...')
#1 C:\xampp\htdocs\cbms\vendor\codeigniter4\framework\system\Database\BaseConnection.php(738): CodeIgniter\Database\MySQLi\Connection->execute('select * FROM b...')
#2 C:\xampp\htdocs\cbms\vendor\codeigniter4\framework\system\Database\BaseConnection.php(666): CodeIgniter\Database\BaseConnection->simpleQuery('select * FROM b...')
#3 C:\xampp\htdocs\cbms\app\Models\Barangay_m.php(27): CodeIgniter\Database\BaseConnection->query('select * FROM b...')
#4 C:\xampp\htdocs\cbms\app\Controllers\Dashboard.php(47): App\Models\Barangay_m->load_form_1()
#5 C:\xampp\htdocs\cbms\vendor\codeigniter4\framework\system\CodeIgniter.php(910): App\Controllers\Dashboard->load_form_1()
#6 C:\xampp\htdocs\cbms\vendor\codeigniter4\framework\system\CodeIgniter.php(398): CodeIgniter\CodeIgniter->runController(Object(App\Controllers\Dashboard))
#7 C:\xampp\htdocs\cbms\vendor\codeigniter4\framework\system\CodeIgniter.php(306): CodeIgniter\CodeIgniter->handleRequest(NULL, Object(Config\Cache), false)
#8 C:\xampp\htdocs\cbms\public\index.php(45): CodeIgniter\CodeIgniter->run()
#9 C:\xampp\htdocs\cbms\vendor\codeigniter4\framework\system\Commands\Server\rewrite.php(34): require_once('C:\\xampp\\htdocs...')
#10 {main}
CRITICAL - 2021-03-03 01:12:18 --> You have an error in your SQL syntax; check the manual that corresponds to your MariaDB server version for the right syntax to use near '" fe155b8d-4ffd-410f-8a3a-e2910b7d9b97' at line 1
#0 C:\xampp\htdocs\cbms\vendor\codeigniter4\framework\system\Database\MySQLi\Connection.php(330): mysqli->query('select * FROM b...')
#1 C:\xampp\htdocs\cbms\vendor\codeigniter4\framework\system\Database\BaseConnection.php(738): CodeIgniter\Database\MySQLi\Connection->execute('select * FROM b...')
#2 C:\xampp\htdocs\cbms\vendor\codeigniter4\framework\system\Database\BaseConnection.php(666): CodeIgniter\Database\BaseConnection->simpleQuery('select * FROM b...')
#3 C:\xampp\htdocs\cbms\app\Models\Barangay_m.php(27): CodeIgniter\Database\BaseConnection->query('select * FROM b...')
#4 C:\xampp\htdocs\cbms\app\Controllers\Dashboard.php(47): App\Models\Barangay_m->load_form_1()
#5 C:\xampp\htdocs\cbms\vendor\codeigniter4\framework\system\CodeIgniter.php(910): App\Controllers\Dashboard->load_form_1()
#6 C:\xampp\htdocs\cbms\vendor\codeigniter4\framework\system\CodeIgniter.php(398): CodeIgniter\CodeIgniter->runController(Object(App\Controllers\Dashboard))
#7 C:\xampp\htdocs\cbms\vendor\codeigniter4\framework\system\CodeIgniter.php(306): CodeIgniter\CodeIgniter->handleRequest(NULL, Object(Config\Cache), false)
#8 C:\xampp\htdocs\cbms\public\index.php(45): CodeIgniter\CodeIgniter->run()
#9 C:\xampp\htdocs\cbms\vendor\codeigniter4\framework\system\Commands\Server\rewrite.php(34): require_once('C:\\xampp\\htdocs...')
#10 {main}
CRITICAL - 2021-03-03 01:13:05 --> syntax error, unexpected '$id_string' (T_VARIABLE), expecting ',' or ')'
#0 C:\xampp\htdocs\cbms\vendor\codeigniter4\framework\system\Autoloader\Autoloader.php(296): CodeIgniter\Autoloader\Autoloader->requireFile('C:\\xampp\\htdocs...')
#1 C:\xampp\htdocs\cbms\vendor\codeigniter4\framework\system\Autoloader\Autoloader.php(258): CodeIgniter\Autoloader\Autoloader->loadInNamespace('App\\Models\\Bara...')
#2 [internal function]: CodeIgniter\Autoloader\Autoloader->loadClass('App\\Models\\Bara...')
#3 C:\xampp\htdocs\cbms\app\Controllers\Dashboard.php(45): spl_autoload_call('App\\Models\\Bara...')
#4 C:\xampp\htdocs\cbms\vendor\codeigniter4\framework\system\CodeIgniter.php(910): App\Controllers\Dashboard->load_form_1()
#5 C:\xampp\htdocs\cbms\vendor\codeigniter4\framework\system\CodeIgniter.php(398): CodeIgniter\CodeIgniter->runController(Object(App\Controllers\Dashboard))
#6 C:\xampp\htdocs\cbms\vendor\codeigniter4\framework\system\CodeIgniter.php(306): CodeIgniter\CodeIgniter->handleRequest(NULL, Object(Config\Cache), false)
#7 C:\xampp\htdocs\cbms\public\index.php(45): CodeIgniter\CodeIgniter->run()
#8 C:\xampp\htdocs\cbms\vendor\codeigniter4\framework\system\Commands\Server\rewrite.php(34): require_once('C:\\xampp\\htdocs...')
#9 {main}
CRITICAL - 2021-03-03 01:13:37 --> syntax error, unexpected '$id_string' (T_VARIABLE), expecting ',' or ')'
#0 C:\xampp\htdocs\cbms\vendor\codeigniter4\framework\system\Autoloader\Autoloader.php(296): CodeIgniter\Autoloader\Autoloader->requireFile('C:\\xampp\\htdocs...')
#1 C:\xampp\htdocs\cbms\vendor\codeigniter4\framework\system\Autoloader\Autoloader.php(258): CodeIgniter\Autoloader\Autoloader->loadInNamespace('App\\Models\\Bara...')
#2 [internal function]: CodeIgniter\Autoloader\Autoloader->loadClass('App\\Models\\Bara...')
#3 C:\xampp\htdocs\cbms\app\Controllers\Dashboard.php(45): spl_autoload_call('App\\Models\\Bara...')
#4 C:\xampp\htdocs\cbms\vendor\codeigniter4\framework\system\CodeIgniter.php(910): App\Controllers\Dashboard->load_form_1()
#5 C:\xampp\htdocs\cbms\vendor\codeigniter4\framework\system\CodeIgniter.php(398): CodeIgniter\CodeIgniter->runController(Object(App\Controllers\Dashboard))
#6 C:\xampp\htdocs\cbms\vendor\codeigniter4\framework\system\CodeIgniter.php(306): CodeIgniter\CodeIgniter->handleRequest(NULL, Object(Config\Cache), false)
#7 C:\xampp\htdocs\cbms\public\index.php(45): CodeIgniter\CodeIgniter->run()
#8 C:\xampp\htdocs\cbms\vendor\codeigniter4\framework\system\Commands\Server\rewrite.php(34): require_once('C:\\xampp\\htdocs...')
#9 {main}
CRITICAL - 2021-03-03 01:14:18 --> syntax error, unexpected 'strval' (T_STRING), expecting ',' or ')'
#0 C:\xampp\htdocs\cbms\vendor\codeigniter4\framework\system\Autoloader\Autoloader.php(296): CodeIgniter\Autoloader\Autoloader->requireFile('C:\\xampp\\htdocs...')
#1 C:\xampp\htdocs\cbms\vendor\codeigniter4\framework\system\Autoloader\Autoloader.php(258): CodeIgniter\Autoloader\Autoloader->loadInNamespace('App\\Models\\Bara...')
#2 [internal function]: CodeIgniter\Autoloader\Autoloader->loadClass('App\\Models\\Bara...')
#3 C:\xampp\htdocs\cbms\app\Controllers\Dashboard.php(45): spl_autoload_call('App\\Models\\Bara...')
#4 C:\xampp\htdocs\cbms\vendor\codeigniter4\framework\system\CodeIgniter.php(910): App\Controllers\Dashboard->load_form_1()
#5 C:\xampp\htdocs\cbms\vendor\codeigniter4\framework\system\CodeIgniter.php(398): CodeIgniter\CodeIgniter->runController(Object(App\Controllers\Dashboard))
#6 C:\xampp\htdocs\cbms\vendor\codeigniter4\framework\system\CodeIgniter.php(306): CodeIgniter\CodeIgniter->handleRequest(NULL, Object(Config\Cache), false)
#7 C:\xampp\htdocs\cbms\public\index.php(45): CodeIgniter\CodeIgniter->run()
#8 C:\xampp\htdocs\cbms\vendor\codeigniter4\framework\system\Commands\Server\rewrite.php(34): require_once('C:\\xampp\\htdocs...')
#9 {main}
CRITICAL - 2021-03-03 01:14:27 --> Unknown column 'fe155b8d' in 'where clause'
#0 C:\xampp\htdocs\cbms\vendor\codeigniter4\framework\system\Database\MySQLi\Connection.php(330): mysqli->query('select * FROM b...')
#1 C:\xampp\htdocs\cbms\vendor\codeigniter4\framework\system\Database\BaseConnection.php(738): CodeIgniter\Database\MySQLi\Connection->execute('select * FROM b...')
#2 C:\xampp\htdocs\cbms\vendor\codeigniter4\framework\system\Database\BaseConnection.php(666): CodeIgniter\Database\BaseConnection->simpleQuery('select * FROM b...')
#3 C:\xampp\htdocs\cbms\app\Models\Barangay_m.php(27): CodeIgniter\Database\BaseConnection->query('select * FROM b...')
#4 C:\xampp\htdocs\cbms\app\Controllers\Dashboard.php(47): App\Models\Barangay_m->load_form_1()
#5 C:\xampp\htdocs\cbms\vendor\codeigniter4\framework\system\CodeIgniter.php(910): App\Controllers\Dashboard->load_form_1()
#6 C:\xampp\htdocs\cbms\vendor\codeigniter4\framework\system\CodeIgniter.php(398): CodeIgniter\CodeIgniter->runController(Object(App\Controllers\Dashboard))
#7 C:\xampp\htdocs\cbms\vendor\codeigniter4\framework\system\CodeIgniter.php(306): CodeIgniter\CodeIgniter->handleRequest(NULL, Object(Config\Cache), false)
#8 C:\xampp\htdocs\cbms\public\index.php(45): CodeIgniter\CodeIgniter->run()
#9 C:\xampp\htdocs\cbms\vendor\codeigniter4\framework\system\Commands\Server\rewrite.php(34): require_once('C:\\xampp\\htdocs...')
#10 {main}
CRITICAL - 2021-03-03 01:14:39 --> You have an error in your SQL syntax; check the manual that corresponds to your MariaDB server version for the right syntax to use near '"fe155b8d-4ffd-410f-8a3a-e2910b7d9b97' at line 1
#0 C:\xampp\htdocs\cbms\vendor\codeigniter4\framework\system\Database\MySQLi\Connection.php(330): mysqli->query('select * FROM b...')
#1 C:\xampp\htdocs\cbms\vendor\codeigniter4\framework\system\Database\BaseConnection.php(738): CodeIgniter\Database\MySQLi\Connection->execute('select * FROM b...')
#2 C:\xampp\htdocs\cbms\vendor\codeigniter4\framework\system\Database\BaseConnection.php(666): CodeIgniter\Database\BaseConnection->simpleQuery('select * FROM b...')
#3 C:\xampp\htdocs\cbms\app\Models\Barangay_m.php(27): CodeIgniter\Database\BaseConnection->query('select * FROM b...')
#4 C:\xampp\htdocs\cbms\app\Controllers\Dashboard.php(47): App\Models\Barangay_m->load_form_1()
#5 C:\xampp\htdocs\cbms\vendor\codeigniter4\framework\system\CodeIgniter.php(910): App\Controllers\Dashboard->load_form_1()
#6 C:\xampp\htdocs\cbms\vendor\codeigniter4\framework\system\CodeIgniter.php(398): CodeIgniter\CodeIgniter->runController(Object(App\Controllers\Dashboard))
#7 C:\xampp\htdocs\cbms\vendor\codeigniter4\framework\system\CodeIgniter.php(306): CodeIgniter\CodeIgniter->handleRequest(NULL, Object(Config\Cache), false)
#8 C:\xampp\htdocs\cbms\public\index.php(45): CodeIgniter\CodeIgniter->run()
#9 C:\xampp\htdocs\cbms\vendor\codeigniter4\framework\system\Commands\Server\rewrite.php(34): require_once('C:\\xampp\\htdocs...')
#10 {main}
CRITICAL - 2021-03-03 01:15:06 --> You have an error in your SQL syntax; check the manual that corresponds to your MariaDB server version for the right syntax to use near '' at line 1
#0 C:\xampp\htdocs\cbms\vendor\codeigniter4\framework\system\Database\MySQLi\Connection.php(330): mysqli->query('select * FROM b...')
#1 C:\xampp\htdocs\cbms\vendor\codeigniter4\framework\system\Database\BaseConnection.php(738): CodeIgniter\Database\MySQLi\Connection->execute('select * FROM b...')
#2 C:\xampp\htdocs\cbms\vendor\codeigniter4\framework\system\Database\BaseConnection.php(666): CodeIgniter\Database\BaseConnection->simpleQuery('select * FROM b...')
#3 C:\xampp\htdocs\cbms\app\Models\Barangay_m.php(27): CodeIgniter\Database\BaseConnection->query('select * FROM b...')
#4 C:\xampp\htdocs\cbms\app\Controllers\Dashboard.php(47): App\Models\Barangay_m->load_form_1()
#5 C:\xampp\htdocs\cbms\vendor\codeigniter4\framework\system\CodeIgniter.php(910): App\Controllers\Dashboard->load_form_1()
#6 C:\xampp\htdocs\cbms\vendor\codeigniter4\framework\system\CodeIgniter.php(398): CodeIgniter\CodeIgniter->runController(Object(App\Controllers\Dashboard))
#7 C:\xampp\htdocs\cbms\vendor\codeigniter4\framework\system\CodeIgniter.php(306): CodeIgniter\CodeIgniter->handleRequest(NULL, Object(Config\Cache), false)
#8 C:\xampp\htdocs\cbms\public\index.php(45): CodeIgniter\CodeIgniter->run()
#9 C:\xampp\htdocs\cbms\vendor\codeigniter4\framework\system\Commands\Server\rewrite.php(34): require_once('C:\\xampp\\htdocs...')
#10 {main}
CRITICAL - 2021-03-03 01:16:47 --> syntax error, unexpected 'echo' (T_ECHO)
#0 C:\xampp\htdocs\cbms\vendor\codeigniter4\framework\system\Autoloader\Autoloader.php(296): CodeIgniter\Autoloader\Autoloader->requireFile('C:\\xampp\\htdocs...')
#1 C:\xampp\htdocs\cbms\vendor\codeigniter4\framework\system\Autoloader\Autoloader.php(258): CodeIgniter\Autoloader\Autoloader->loadInNamespace('App\\Models\\Bara...')
#2 [internal function]: CodeIgniter\Autoloader\Autoloader->loadClass('App\\Models\\Bara...')
#3 C:\xampp\htdocs\cbms\app\Controllers\Dashboard.php(45): spl_autoload_call('App\\Models\\Bara...')
#4 C:\xampp\htdocs\cbms\vendor\codeigniter4\framework\system\CodeIgniter.php(910): App\Controllers\Dashboard->load_form_1()
#5 C:\xampp\htdocs\cbms\vendor\codeigniter4\framework\system\CodeIgniter.php(398): CodeIgniter\CodeIgniter->runController(Object(App\Controllers\Dashboard))
#6 C:\xampp\htdocs\cbms\vendor\codeigniter4\framework\system\CodeIgniter.php(306): CodeIgniter\CodeIgniter->handleRequest(NULL, Object(Config\Cache), false)
#7 C:\xampp\htdocs\cbms\public\index.php(45): CodeIgniter\CodeIgniter->run()
#8 C:\xampp\htdocs\cbms\vendor\codeigniter4\framework\system\Commands\Server\rewrite.php(34): require_once('C:\\xampp\\htdocs...')
#9 {main}
CRITICAL - 2021-03-03 01:16:54 --> Unknown column 'fe155b8d' in 'where clause'
#0 C:\xampp\htdocs\cbms\vendor\codeigniter4\framework\system\Database\MySQLi\Connection.php(330): mysqli->query('select * FROM b...')
#1 C:\xampp\htdocs\cbms\vendor\codeigniter4\framework\system\Database\BaseConnection.php(738): CodeIgniter\Database\MySQLi\Connection->execute('select * FROM b...')
#2 C:\xampp\htdocs\cbms\vendor\codeigniter4\framework\system\Database\BaseConnection.php(666): CodeIgniter\Database\BaseConnection->simpleQuery('select * FROM b...')
#3 C:\xampp\htdocs\cbms\app\Models\Barangay_m.php(27): CodeIgniter\Database\BaseConnection->query('select * FROM b...')
#4 C:\xampp\htdocs\cbms\app\Controllers\Dashboard.php(47): App\Models\Barangay_m->load_form_1()
#5 C:\xampp\htdocs\cbms\vendor\codeigniter4\framework\system\CodeIgniter.php(910): App\Controllers\Dashboard->load_form_1()
#6 C:\xampp\htdocs\cbms\vendor\codeigniter4\framework\system\CodeIgniter.php(398): CodeIgniter\CodeIgniter->runController(Object(App\Controllers\Dashboard))
#7 C:\xampp\htdocs\cbms\vendor\codeigniter4\framework\system\CodeIgniter.php(306): CodeIgniter\CodeIgniter->handleRequest(NULL, Object(Config\Cache), false)
#8 C:\xampp\htdocs\cbms\public\index.php(45): CodeIgniter\CodeIgniter->run()
#9 C:\xampp\htdocs\cbms\vendor\codeigniter4\framework\system\Commands\Server\rewrite.php(34): require_once('C:\\xampp\\htdocs...')
#10 {main}
CRITICAL - 2021-03-03 01:17:36 --> Unknown column 'fe155b8d' in 'where clause'
#0 C:\xampp\htdocs\cbms\vendor\codeigniter4\framework\system\Database\MySQLi\Connection.php(330): mysqli->query('select * FROM b...')
#1 C:\xampp\htdocs\cbms\vendor\codeigniter4\framework\system\Database\BaseConnection.php(738): CodeIgniter\Database\MySQLi\Connection->execute('select * FROM b...')
#2 C:\xampp\htdocs\cbms\vendor\codeigniter4\framework\system\Database\BaseConnection.php(666): CodeIgniter\Database\BaseConnection->simpleQuery('select * FROM b...')
#3 C:\xampp\htdocs\cbms\app\Models\Barangay_m.php(27): CodeIgniter\Database\BaseConnection->query('select * FROM b...')
#4 C:\xampp\htdocs\cbms\app\Controllers\Dashboard.php(47): App\Models\Barangay_m->load_form_1()
#5 C:\xampp\htdocs\cbms\vendor\codeigniter4\framework\system\CodeIgniter.php(910): App\Controllers\Dashboard->load_form_1()
#6 C:\xampp\htdocs\cbms\vendor\codeigniter4\framework\system\CodeIgniter.php(398): CodeIgniter\CodeIgniter->runController(Object(App\Controllers\Dashboard))
#7 C:\xampp\htdocs\cbms\vendor\codeigniter4\framework\system\CodeIgniter.php(306): CodeIgniter\CodeIgniter->handleRequest(NULL, Object(Config\Cache), false)
#8 C:\xampp\htdocs\cbms\public\index.php(45): CodeIgniter\CodeIgniter->run()
#9 C:\xampp\htdocs\cbms\vendor\codeigniter4\framework\system\Commands\Server\rewrite.php(34): require_once('C:\\xampp\\htdocs...')
#10 {main}
CRITICAL - 2021-03-03 01:18:04 --> Unknown column 'fe155b8d' in 'where clause'
#0 C:\xampp\htdocs\cbms\vendor\codeigniter4\framework\system\Database\MySQLi\Connection.php(330): mysqli->query('select * FROM b...')
#1 C:\xampp\htdocs\cbms\vendor\codeigniter4\framework\system\Database\BaseConnection.php(738): CodeIgniter\Database\MySQLi\Connection->execute('select * FROM b...')
#2 C:\xampp\htdocs\cbms\vendor\codeigniter4\framework\system\Database\BaseConnection.php(666): CodeIgniter\Database\BaseConnection->simpleQuery('select * FROM b...')
#3 C:\xampp\htdocs\cbms\app\Models\Barangay_m.php(27): CodeIgniter\Database\BaseConnection->query('select * FROM b...')
#4 C:\xampp\htdocs\cbms\app\Controllers\Dashboard.php(47): App\Models\Barangay_m->load_form_1()
#5 C:\xampp\htdocs\cbms\vendor\codeigniter4\framework\system\CodeIgniter.php(910): App\Controllers\Dashboard->load_form_1()
#6 C:\xampp\htdocs\cbms\vendor\codeigniter4\framework\system\CodeIgniter.php(398): CodeIgniter\CodeIgniter->runController(Object(App\Controllers\Dashboard))
#7 C:\xampp\htdocs\cbms\vendor\codeigniter4\framework\system\CodeIgniter.php(306): CodeIgniter\CodeIgniter->handleRequest(NULL, Object(Config\Cache), false)
#8 C:\xampp\htdocs\cbms\public\index.php(45): CodeIgniter\CodeIgniter->run()
#9 C:\xampp\htdocs\cbms\vendor\codeigniter4\framework\system\Commands\Server\rewrite.php(34): require_once('C:\\xampp\\htdocs...')
#10 {main}
CRITICAL - 2021-03-03 01:18:56 --> Unknown column 'fe155b8d' in 'where clause'
#0 C:\xampp\htdocs\cbms\vendor\codeigniter4\framework\system\Database\MySQLi\Connection.php(330): mysqli->query('select * FROM b...')
#1 C:\xampp\htdocs\cbms\vendor\codeigniter4\framework\system\Database\BaseConnection.php(738): CodeIgniter\Database\MySQLi\Connection->execute('select * FROM b...')
#2 C:\xampp\htdocs\cbms\vendor\codeigniter4\framework\system\Database\BaseConnection.php(666): CodeIgniter\Database\BaseConnection->simpleQuery('select * FROM b...')
#3 C:\xampp\htdocs\cbms\app\Models\Barangay_m.php(27): CodeIgniter\Database\BaseConnection->query('select * FROM b...')
#4 C:\xampp\htdocs\cbms\app\Controllers\Dashboard.php(47): App\Models\Barangay_m->load_form_1()
#5 C:\xampp\htdocs\cbms\vendor\codeigniter4\framework\system\CodeIgniter.php(910): App\Controllers\Dashboard->load_form_1()
#6 C:\xampp\htdocs\cbms\vendor\codeigniter4\framework\system\CodeIgniter.php(398): CodeIgniter\CodeIgniter->runController(Object(App\Controllers\Dashboard))
#7 C:\xampp\htdocs\cbms\vendor\codeigniter4\framework\system\CodeIgniter.php(306): CodeIgniter\CodeIgniter->handleRequest(NULL, Object(Config\Cache), false)
#8 C:\xampp\htdocs\cbms\public\index.php(45): CodeIgniter\CodeIgniter->run()
#9 C:\xampp\htdocs\cbms\vendor\codeigniter4\framework\system\Commands\Server\rewrite.php(34): require_once('C:\\xampp\\htdocs...')
#10 {main}
CRITICAL - 2021-03-03 01:19:16 --> Unknown column 'fe155b8d' in 'where clause'
#0 C:\xampp\htdocs\cbms\vendor\codeigniter4\framework\system\Database\MySQLi\Connection.php(330): mysqli->query('select * FROM b...')
#1 C:\xampp\htdocs\cbms\vendor\codeigniter4\framework\system\Database\BaseConnection.php(738): CodeIgniter\Database\MySQLi\Connection->execute('select * FROM b...')
#2 C:\xampp\htdocs\cbms\vendor\codeigniter4\framework\system\Database\BaseConnection.php(666): CodeIgniter\Database\BaseConnection->simpleQuery('select * FROM b...')
#3 C:\xampp\htdocs\cbms\app\Models\Barangay_m.php(27): CodeIgniter\Database\BaseConnection->query('select * FROM b...')
#4 C:\xampp\htdocs\cbms\app\Controllers\Dashboard.php(47): App\Models\Barangay_m->load_form_1()
#5 C:\xampp\htdocs\cbms\vendor\codeigniter4\framework\system\CodeIgniter.php(910): App\Controllers\Dashboard->load_form_1()
#6 C:\xampp\htdocs\cbms\vendor\codeigniter4\framework\system\CodeIgniter.php(398): CodeIgniter\CodeIgniter->runController(Object(App\Controllers\Dashboard))
#7 C:\xampp\htdocs\cbms\vendor\codeigniter4\framework\system\CodeIgniter.php(306): CodeIgniter\CodeIgniter->handleRequest(NULL, Object(Config\Cache), false)
#8 C:\xampp\htdocs\cbms\public\index.php(45): CodeIgniter\CodeIgniter->run()
#9 C:\xampp\htdocs\cbms\vendor\codeigniter4\framework\system\Commands\Server\rewrite.php(34): require_once('C:\\xampp\\htdocs...')
#10 {main}
CRITICAL - 2021-03-03 01:19:47 --> Unknown column 'fe155b8d' in 'where clause'
#0 C:\xampp\htdocs\cbms\vendor\codeigniter4\framework\system\Database\MySQLi\Connection.php(330): mysqli->query('select * FROM b...')
#1 C:\xampp\htdocs\cbms\vendor\codeigniter4\framework\system\Database\BaseConnection.php(738): CodeIgniter\Database\MySQLi\Connection->execute('select * FROM b...')
#2 C:\xampp\htdocs\cbms\vendor\codeigniter4\framework\system\Database\BaseConnection.php(666): CodeIgniter\Database\BaseConnection->simpleQuery('select * FROM b...')
#3 C:\xampp\htdocs\cbms\app\Models\Barangay_m.php(27): CodeIgniter\Database\BaseConnection->query('select * FROM b...')
#4 C:\xampp\htdocs\cbms\app\Controllers\Dashboard.php(47): App\Models\Barangay_m->load_form_1()
#5 C:\xampp\htdocs\cbms\vendor\codeigniter4\framework\system\CodeIgniter.php(910): App\Controllers\Dashboard->load_form_1()
#6 C:\xampp\htdocs\cbms\vendor\codeigniter4\framework\system\CodeIgniter.php(398): CodeIgniter\CodeIgniter->runController(Object(App\Controllers\Dashboard))
#7 C:\xampp\htdocs\cbms\vendor\codeigniter4\framework\system\CodeIgniter.php(306): CodeIgniter\CodeIgniter->handleRequest(NULL, Object(Config\Cache), false)
#8 C:\xampp\htdocs\cbms\public\index.php(45): CodeIgniter\CodeIgniter->run()
#9 C:\xampp\htdocs\cbms\vendor\codeigniter4\framework\system\Commands\Server\rewrite.php(34): require_once('C:\\xampp\\htdocs...')
#10 {main}
CRITICAL - 2021-03-03 03:46:25 --> Undefined index: getRegion
#0 C:\xampp\htdocs\cbms\app\Controllers\Dashboard.php(69): CodeIgniter\Debug\Exceptions->errorHandler(8, 'Undefined index...', 'C:\\xampp\\htdocs...', 69, Array)
#1 C:\xampp\htdocs\cbms\vendor\codeigniter4\framework\system\CodeIgniter.php(910): App\Controllers\Dashboard->load_province()
#2 C:\xampp\htdocs\cbms\vendor\codeigniter4\framework\system\CodeIgniter.php(398): CodeIgniter\CodeIgniter->runController(Object(App\Controllers\Dashboard))
#3 C:\xampp\htdocs\cbms\vendor\codeigniter4\framework\system\CodeIgniter.php(306): CodeIgniter\CodeIgniter->handleRequest(NULL, Object(Config\Cache), false)
#4 C:\xampp\htdocs\cbms\public\index.php(45): CodeIgniter\CodeIgniter->run()
#5 C:\xampp\htdocs\cbms\vendor\codeigniter4\framework\system\Commands\Server\rewrite.php(34): require_once('C:\\xampp\\htdocs...')
#6 {main}
CRITICAL - 2021-03-03 03:46:25 --> Undefined index: getRegion
#0 C:\xampp\htdocs\cbms\app\Controllers\Dashboard.php(69): CodeIgniter\Debug\Exceptions->errorHandler(8, 'Undefined index...', 'C:\\xampp\\htdocs...', 69, Array)
#1 C:\xampp\htdocs\cbms\vendor\codeigniter4\framework\system\CodeIgniter.php(910): App\Controllers\Dashboard->load_province()
#2 C:\xampp\htdocs\cbms\vendor\codeigniter4\framework\system\CodeIgniter.php(398): CodeIgniter\CodeIgniter->runController(Object(App\Controllers\Dashboard))
#3 C:\xampp\htdocs\cbms\vendor\codeigniter4\framework\system\CodeIgniter.php(306): CodeIgniter\CodeIgniter->handleRequest(NULL, Object(Config\Cache), false)
#4 C:\xampp\htdocs\cbms\public\index.php(45): CodeIgniter\CodeIgniter->run()
#5 C:\xampp\htdocs\cbms\vendor\codeigniter4\framework\system\Commands\Server\rewrite.php(34): require_once('C:\\xampp\\htdocs...')
#6 {main}
CRITICAL - 2021-03-03 04:19:32 --> Undefined index: getRegion
#0 C:\xampp\htdocs\cbms\app\Controllers\Dashboard.php(69): CodeIgniter\Debug\Exceptions->errorHandler(8, 'Undefined index...', 'C:\\xampp\\htdocs...', 69, Array)
#1 C:\xampp\htdocs\cbms\vendor\codeigniter4\framework\system\CodeIgniter.php(910): App\Controllers\Dashboard->load_province()
#2 C:\xampp\htdocs\cbms\vendor\codeigniter4\framework\system\CodeIgniter.php(398): CodeIgniter\CodeIgniter->runController(Object(App\Controllers\Dashboard))
#3 C:\xampp\htdocs\cbms\vendor\codeigniter4\framework\system\CodeIgniter.php(306): CodeIgniter\CodeIgniter->handleRequest(NULL, Object(Config\Cache), false)
#4 C:\xampp\htdocs\cbms\public\index.php(45): CodeIgniter\CodeIgniter->run()
#5 C:\xampp\htdocs\cbms\vendor\codeigniter4\framework\system\Commands\Server\rewrite.php(34): require_once('C:\\xampp\\htdocs...')
#6 {main}
CRITICAL - 2021-03-03 04:27:23 --> Undefined index: getRegion
#0 C:\xampp\htdocs\cbms\app\Controllers\Dashboard.php(69): CodeIgniter\Debug\Exceptions->errorHandler(8, 'Undefined index...', 'C:\\xampp\\htdocs...', 69, Array)
#1 C:\xampp\htdocs\cbms\vendor\codeigniter4\framework\system\CodeIgniter.php(910): App\Controllers\Dashboard->load_province()
#2 C:\xampp\htdocs\cbms\vendor\codeigniter4\framework\system\CodeIgniter.php(398): CodeIgniter\CodeIgniter->runController(Object(App\Controllers\Dashboard))
#3 C:\xampp\htdocs\cbms\vendor\codeigniter4\framework\system\CodeIgniter.php(306): CodeIgniter\CodeIgniter->handleRequest(NULL, Object(Config\Cache), false)
#4 C:\xampp\htdocs\cbms\public\index.php(45): CodeIgniter\CodeIgniter->run()
#5 C:\xampp\htdocs\cbms\vendor\codeigniter4\framework\system\Commands\Server\rewrite.php(34): require_once('C:\\xampp\\htdocs...')
#6 {main}
CRITICAL - 2021-03-03 04:27:55 --> Undefined index: getRegion
#0 C:\xampp\htdocs\cbms\app\Controllers\Dashboard.php(69): CodeIgniter\Debug\Exceptions->errorHandler(8, 'Undefined index...', 'C:\\xampp\\htdocs...', 69, Array)
#1 C:\xampp\htdocs\cbms\vendor\codeigniter4\framework\system\CodeIgniter.php(910): App\Controllers\Dashboard->load_province()
#2 C:\xampp\htdocs\cbms\vendor\codeigniter4\framework\system\CodeIgniter.php(398): CodeIgniter\CodeIgniter->runController(Object(App\Controllers\Dashboard))
#3 C:\xampp\htdocs\cbms\vendor\codeigniter4\framework\system\CodeIgniter.php(306): CodeIgniter\CodeIgniter->handleRequest(NULL, Object(Config\Cache), false)
#4 C:\xampp\htdocs\cbms\public\index.php(45): CodeIgniter\CodeIgniter->run()
#5 C:\xampp\htdocs\cbms\vendor\codeigniter4\framework\system\Commands\Server\rewrite.php(34): require_once('C:\\xampp\\htdocs...')
#6 {main}
CRITICAL - 2021-03-03 04:28:01 --> Undefined index: getRegion
#0 C:\xampp\htdocs\cbms\app\Controllers\Dashboard.php(69): CodeIgniter\Debug\Exceptions->errorHandler(8, 'Undefined index...', 'C:\\xampp\\htdocs...', 69, Array)
#1 C:\xampp\htdocs\cbms\vendor\codeigniter4\framework\system\CodeIgniter.php(910): App\Controllers\Dashboard->load_province()
#2 C:\xampp\htdocs\cbms\vendor\codeigniter4\framework\system\CodeIgniter.php(398): CodeIgniter\CodeIgniter->runController(Object(App\Controllers\Dashboard))
#3 C:\xampp\htdocs\cbms\vendor\codeigniter4\framework\system\CodeIgniter.php(306): CodeIgniter\CodeIgniter->handleRequest(NULL, Object(Config\Cache), false)
#4 C:\xampp\htdocs\cbms\public\index.php(45): CodeIgniter\CodeIgniter->run()
#5 C:\xampp\htdocs\cbms\vendor\codeigniter4\framework\system\Commands\Server\rewrite.php(34): require_once('C:\\xampp\\htdocs...')
#6 {main}
CRITICAL - 2021-03-03 04:28:16 --> Undefined index: getRegion
#0 C:\xampp\htdocs\cbms\app\Controllers\Dashboard.php(69): CodeIgniter\Debug\Exceptions->errorHandler(8, 'Undefined index...', 'C:\\xampp\\htdocs...', 69, Array)
#1 C:\xampp\htdocs\cbms\vendor\codeigniter4\framework\system\CodeIgniter.php(910): App\Controllers\Dashboard->load_province()
#2 C:\xampp\htdocs\cbms\vendor\codeigniter4\framework\system\CodeIgniter.php(398): CodeIgniter\CodeIgniter->runController(Object(App\Controllers\Dashboard))
#3 C:\xampp\htdocs\cbms\vendor\codeigniter4\framework\system\CodeIgniter.php(306): CodeIgniter\CodeIgniter->handleRequest(NULL, Object(Config\Cache), false)
#4 C:\xampp\htdocs\cbms\public\index.php(45): CodeIgniter\CodeIgniter->run()
#5 C:\xampp\htdocs\cbms\vendor\codeigniter4\framework\system\Commands\Server\rewrite.php(34): require_once('C:\\xampp\\htdocs...')
#6 {main}
CRITICAL - 2021-03-03 04:28:17 --> Undefined index: getRegion
#0 C:\xampp\htdocs\cbms\app\Controllers\Dashboard.php(69): CodeIgniter\Debug\Exceptions->errorHandler(8, 'Undefined index...', 'C:\\xampp\\htdocs...', 69, Array)
#1 C:\xampp\htdocs\cbms\vendor\codeigniter4\framework\system\CodeIgniter.php(910): App\Controllers\Dashboard->load_province()
#2 C:\xampp\htdocs\cbms\vendor\codeigniter4\framework\system\CodeIgniter.php(398): CodeIgniter\CodeIgniter->runController(Object(App\Controllers\Dashboard))
#3 C:\xampp\htdocs\cbms\vendor\codeigniter4\framework\system\CodeIgniter.php(306): CodeIgniter\CodeIgniter->handleRequest(NULL, Object(Config\Cache), false)
#4 C:\xampp\htdocs\cbms\public\index.php(45): CodeIgniter\CodeIgniter->run()
#5 C:\xampp\htdocs\cbms\vendor\codeigniter4\framework\system\Commands\Server\rewrite.php(34): require_once('C:\\xampp\\htdocs...')
#6 {main}
CRITICAL - 2021-03-03 04:32:13 --> Undefined index: getRegion
#0 C:\xampp\htdocs\cbms\app\Controllers\Dashboard.php(69): CodeIgniter\Debug\Exceptions->errorHandler(8, 'Undefined index...', 'C:\\xampp\\htdocs...', 69, Array)
#1 C:\xampp\htdocs\cbms\vendor\codeigniter4\framework\system\CodeIgniter.php(910): App\Controllers\Dashboard->load_province()
#2 C:\xampp\htdocs\cbms\vendor\codeigniter4\framework\system\CodeIgniter.php(398): CodeIgniter\CodeIgniter->runController(Object(App\Controllers\Dashboard))
#3 C:\xampp\htdocs\cbms\vendor\codeigniter4\framework\system\CodeIgniter.php(306): CodeIgniter\CodeIgniter->handleRequest(NULL, Object(Config\Cache), false)
#4 C:\xampp\htdocs\cbms\public\index.php(45): CodeIgniter\CodeIgniter->run()
#5 C:\xampp\htdocs\cbms\vendor\codeigniter4\framework\system\Commands\Server\rewrite.php(34): require_once('C:\\xampp\\htdocs...')
#6 {main}
CRITICAL - 2021-03-03 04:32:45 --> Undefined index: getRegion
#0 C:\xampp\htdocs\cbms\app\Controllers\Dashboard.php(69): CodeIgniter\Debug\Exceptions->errorHandler(8, 'Undefined index...', 'C:\\xampp\\htdocs...', 69, Array)
#1 C:\xampp\htdocs\cbms\vendor\codeigniter4\framework\system\CodeIgniter.php(910): App\Controllers\Dashboard->load_province()
#2 C:\xampp\htdocs\cbms\vendor\codeigniter4\framework\system\CodeIgniter.php(398): CodeIgniter\CodeIgniter->runController(Object(App\Controllers\Dashboard))
#3 C:\xampp\htdocs\cbms\vendor\codeigniter4\framework\system\CodeIgniter.php(306): CodeIgniter\CodeIgniter->handleRequest(NULL, Object(Config\Cache), false)
#4 C:\xampp\htdocs\cbms\public\index.php(45): CodeIgniter\CodeIgniter->run()
#5 C:\xampp\htdocs\cbms\vendor\codeigniter4\framework\system\Commands\Server\rewrite.php(34): require_once('C:\\xampp\\htdocs...')
#6 {main}
CRITICAL - 2021-03-03 04:33:41 --> Undefined index: getRegion
#0 C:\xampp\htdocs\cbms\app\Controllers\Dashboard.php(69): CodeIgniter\Debug\Exceptions->errorHandler(8, 'Undefined index...', 'C:\\xampp\\htdocs...', 69, Array)
#1 C:\xampp\htdocs\cbms\vendor\codeigniter4\framework\system\CodeIgniter.php(910): App\Controllers\Dashboard->load_province()
#2 C:\xampp\htdocs\cbms\vendor\codeigniter4\framework\system\CodeIgniter.php(398): CodeIgniter\CodeIgniter->runController(Object(App\Controllers\Dashboard))
#3 C:\xampp\htdocs\cbms\vendor\codeigniter4\framework\system\CodeIgniter.php(306): CodeIgniter\CodeIgniter->handleRequest(NULL, Object(Config\Cache), false)
#4 C:\xampp\htdocs\cbms\public\index.php(45): CodeIgniter\CodeIgniter->run()
#5 C:\xampp\htdocs\cbms\vendor\codeigniter4\framework\system\Commands\Server\rewrite.php(34): require_once('C:\\xampp\\htdocs...')
#6 {main}
CRITICAL - 2021-03-03 04:33:55 --> Undefined index: getRegion
#0 C:\xampp\htdocs\cbms\app\Controllers\Dashboard.php(69): CodeIgniter\Debug\Exceptions->errorHandler(8, 'Undefined index...', 'C:\\xampp\\htdocs...', 69, Array)
#1 C:\xampp\htdocs\cbms\vendor\codeigniter4\framework\system\CodeIgniter.php(910): App\Controllers\Dashboard->load_province()
#2 C:\xampp\htdocs\cbms\vendor\codeigniter4\framework\system\CodeIgniter.php(398): CodeIgniter\CodeIgniter->runController(Object(App\Controllers\Dashboard))
#3 C:\xampp\htdocs\cbms\vendor\codeigniter4\framework\system\CodeIgniter.php(306): CodeIgniter\CodeIgniter->handleRequest(NULL, Object(Config\Cache), false)
#4 C:\xampp\htdocs\cbms\public\index.php(45): CodeIgniter\CodeIgniter->run()
#5 C:\xampp\htdocs\cbms\vendor\codeigniter4\framework\system\Commands\Server\rewrite.php(34): require_once('C:\\xampp\\htdocs...')
#6 {main}
CRITICAL - 2021-03-03 04:34:40 --> Undefined index: getRegion
#0 C:\xampp\htdocs\cbms\app\Controllers\Dashboard.php(69): CodeIgniter\Debug\Exceptions->errorHandler(8, 'Undefined index...', 'C:\\xampp\\htdocs...', 69, Array)
#1 C:\xampp\htdocs\cbms\vendor\codeigniter4\framework\system\CodeIgniter.php(910): App\Controllers\Dashboard->load_province()
#2 C:\xampp\htdocs\cbms\vendor\codeigniter4\framework\system\CodeIgniter.php(398): CodeIgniter\CodeIgniter->runController(Object(App\Controllers\Dashboard))
#3 C:\xampp\htdocs\cbms\vendor\codeigniter4\framework\system\CodeIgniter.php(306): CodeIgniter\CodeIgniter->handleRequest(NULL, Object(Config\Cache), false)
#4 C:\xampp\htdocs\cbms\public\index.php(45): CodeIgniter\CodeIgniter->run()
#5 C:\xampp\htdocs\cbms\vendor\codeigniter4\framework\system\Commands\Server\rewrite.php(34): require_once('C:\\xampp\\htdocs...')
#6 {main}
CRITICAL - 2021-03-03 04:34:57 --> Undefined index: getRegion
#0 C:\xampp\htdocs\cbms\app\Controllers\Dashboard.php(69): CodeIgniter\Debug\Exceptions->errorHandler(8, 'Undefined index...', 'C:\\xampp\\htdocs...', 69, Array)
#1 C:\xampp\htdocs\cbms\vendor\codeigniter4\framework\system\CodeIgniter.php(910): App\Controllers\Dashboard->load_province()
#2 C:\xampp\htdocs\cbms\vendor\codeigniter4\framework\system\CodeIgniter.php(398): CodeIgniter\CodeIgniter->runController(Object(App\Controllers\Dashboard))
#3 C:\xampp\htdocs\cbms\vendor\codeigniter4\framework\system\CodeIgniter.php(306): CodeIgniter\CodeIgniter->handleRequest(NULL, Object(Config\Cache), false)
#4 C:\xampp\htdocs\cbms\public\index.php(45): CodeIgniter\CodeIgniter->run()
#5 C:\xampp\htdocs\cbms\vendor\codeigniter4\framework\system\Commands\Server\rewrite.php(34): require_once('C:\\xampp\\htdocs...')
#6 {main}
CRITICAL - 2021-03-03 04:35:09 --> Undefined index: getRegion
#0 C:\xampp\htdocs\cbms\app\Controllers\Dashboard.php(69): CodeIgniter\Debug\Exceptions->errorHandler(8, 'Undefined index...', 'C:\\xampp\\htdocs...', 69, Array)
#1 C:\xampp\htdocs\cbms\vendor\codeigniter4\framework\system\CodeIgniter.php(910): App\Controllers\Dashboard->load_province()
#2 C:\xampp\htdocs\cbms\vendor\codeigniter4\framework\system\CodeIgniter.php(398): CodeIgniter\CodeIgniter->runController(Object(App\Controllers\Dashboard))
#3 C:\xampp\htdocs\cbms\vendor\codeigniter4\framework\system\CodeIgniter.php(306): CodeIgniter\CodeIgniter->handleRequest(NULL, Object(Config\Cache), false)
#4 C:\xampp\htdocs\cbms\public\index.php(45): CodeIgniter\CodeIgniter->run()
#5 C:\xampp\htdocs\cbms\vendor\codeigniter4\framework\system\Commands\Server\rewrite.php(34): require_once('C:\\xampp\\htdocs...')
#6 {main}
CRITICAL - 2021-03-03 04:35:15 --> Undefined index: getRegion
#0 C:\xampp\htdocs\cbms\app\Controllers\Dashboard.php(69): CodeIgniter\Debug\Exceptions->errorHandler(8, 'Undefined index...', 'C:\\xampp\\htdocs...', 69, Array)
#1 C:\xampp\htdocs\cbms\vendor\codeigniter4\framework\system\CodeIgniter.php(910): App\Controllers\Dashboard->load_province()
#2 C:\xampp\htdocs\cbms\vendor\codeigniter4\framework\system\CodeIgniter.php(398): CodeIgniter\CodeIgniter->runController(Object(App\Controllers\Dashboard))
#3 C:\xampp\htdocs\cbms\vendor\codeigniter4\framework\system\CodeIgniter.php(306): CodeIgniter\CodeIgniter->handleRequest(NULL, Object(Config\Cache), false)
#4 C:\xampp\htdocs\cbms\public\index.php(45): CodeIgniter\CodeIgniter->run()
#5 C:\xampp\htdocs\cbms\vendor\codeigniter4\framework\system\Commands\Server\rewrite.php(34): require_once('C:\\xampp\\htdocs...')
#6 {main}
CRITICAL - 2021-03-03 04:35:51 --> Undefined index: getRegion
#0 C:\xampp\htdocs\cbms\app\Controllers\Dashboard.php(69): CodeIgniter\Debug\Exceptions->errorHandler(8, 'Undefined index...', 'C:\\xampp\\htdocs...', 69, Array)
#1 C:\xampp\htdocs\cbms\vendor\codeigniter4\framework\system\CodeIgniter.php(910): App\Controllers\Dashboard->load_province()
#2 C:\xampp\htdocs\cbms\vendor\codeigniter4\framework\system\CodeIgniter.php(398): CodeIgniter\CodeIgniter->runController(Object(App\Controllers\Dashboard))
#3 C:\xampp\htdocs\cbms\vendor\codeigniter4\framework\system\CodeIgniter.php(306): CodeIgniter\CodeIgniter->handleRequest(NULL, Object(Config\Cache), false)
#4 C:\xampp\htdocs\cbms\public\index.php(45): CodeIgniter\CodeIgniter->run()
#5 C:\xampp\htdocs\cbms\vendor\codeigniter4\framework\system\Commands\Server\rewrite.php(34): require_once('C:\\xampp\\htdocs...')
#6 {main}
CRITICAL - 2021-03-03 04:37:20 --> Undefined index: getRegion
#0 C:\xampp\htdocs\cbms\app\Controllers\Dashboard.php(69): CodeIgniter\Debug\Exceptions->errorHandler(8, 'Undefined index...', 'C:\\xampp\\htdocs...', 69, Array)
#1 C:\xampp\htdocs\cbms\vendor\codeigniter4\framework\system\CodeIgniter.php(910): App\Controllers\Dashboard->load_province()
#2 C:\xampp\htdocs\cbms\vendor\codeigniter4\framework\system\CodeIgniter.php(398): CodeIgniter\CodeIgniter->runController(Object(App\Controllers\Dashboard))
#3 C:\xampp\htdocs\cbms\vendor\codeigniter4\framework\system\CodeIgniter.php(306): CodeIgniter\CodeIgniter->handleRequest(NULL, Object(Config\Cache), false)
#4 C:\xampp\htdocs\cbms\public\index.php(45): CodeIgniter\CodeIgniter->run()
#5 C:\xampp\htdocs\cbms\vendor\codeigniter4\framework\system\Commands\Server\rewrite.php(34): require_once('C:\\xampp\\htdocs...')
#6 {main}
CRITICAL - 2021-03-03 04:37:52 --> Undefined index: getRegion
#0 C:\xampp\htdocs\cbms\app\Controllers\Dashboard.php(69): CodeIgniter\Debug\Exceptions->errorHandler(8, 'Undefined index...', 'C:\\xampp\\htdocs...', 69, Array)
#1 C:\xampp\htdocs\cbms\vendor\codeigniter4\framework\system\CodeIgniter.php(910): App\Controllers\Dashboard->load_province()
#2 C:\xampp\htdocs\cbms\vendor\codeigniter4\framework\system\CodeIgniter.php(398): CodeIgniter\CodeIgniter->runController(Object(App\Controllers\Dashboard))
#3 C:\xampp\htdocs\cbms\vendor\codeigniter4\framework\system\CodeIgniter.php(306): CodeIgniter\CodeIgniter->handleRequest(NULL, Object(Config\Cache), false)
#4 C:\xampp\htdocs\cbms\public\index.php(45): CodeIgniter\CodeIgniter->run()
#5 C:\xampp\htdocs\cbms\vendor\codeigniter4\framework\system\Commands\Server\rewrite.php(34): require_once('C:\\xampp\\htdocs...')
#6 {main}
CRITICAL - 2021-03-03 04:37:55 --> Undefined index: getRegion
#0 C:\xampp\htdocs\cbms\app\Controllers\Dashboard.php(69): CodeIgniter\Debug\Exceptions->errorHandler(8, 'Undefined index...', 'C:\\xampp\\htdocs...', 69, Array)
#1 C:\xampp\htdocs\cbms\vendor\codeigniter4\framework\system\CodeIgniter.php(910): App\Controllers\Dashboard->load_province()
#2 C:\xampp\htdocs\cbms\vendor\codeigniter4\framework\system\CodeIgniter.php(398): CodeIgniter\CodeIgniter->runController(Object(App\Controllers\Dashboard))
#3 C:\xampp\htdocs\cbms\vendor\codeigniter4\framework\system\CodeIgniter.php(306): CodeIgniter\CodeIgniter->handleRequest(NULL, Object(Config\Cache), false)
#4 C:\xampp\htdocs\cbms\public\index.php(45): CodeIgniter\CodeIgniter->run()
#5 C:\xampp\htdocs\cbms\vendor\codeigniter4\framework\system\Commands\Server\rewrite.php(34): require_once('C:\\xampp\\htdocs...')
#6 {main}
CRITICAL - 2021-03-03 04:37:57 --> Undefined index: getRegion
#0 C:\xampp\htdocs\cbms\app\Controllers\Dashboard.php(69): CodeIgniter\Debug\Exceptions->errorHandler(8, 'Undefined index...', 'C:\\xampp\\htdocs...', 69, Array)
#1 C:\xampp\htdocs\cbms\vendor\codeigniter4\framework\system\CodeIgniter.php(910): App\Controllers\Dashboard->load_province()
#2 C:\xampp\htdocs\cbms\vendor\codeigniter4\framework\system\CodeIgniter.php(398): CodeIgniter\CodeIgniter->runController(Object(App\Controllers\Dashboard))
#3 C:\xampp\htdocs\cbms\vendor\codeigniter4\framework\system\CodeIgniter.php(306): CodeIgniter\CodeIgniter->handleRequest(NULL, Object(Config\Cache), false)
#4 C:\xampp\htdocs\cbms\public\index.php(45): CodeIgniter\CodeIgniter->run()
#5 C:\xampp\htdocs\cbms\vendor\codeigniter4\framework\system\Commands\Server\rewrite.php(34): require_once('C:\\xampp\\htdocs...')
#6 {main}
CRITICAL - 2021-03-03 23:30:32 --> Unknown column 'mytext' in 'field list'
#0 C:\xampp\htdocs\cbms\vendor\codeigniter4\framework\system\Database\MySQLi\Connection.php(330): mysqli->query('UPDATE `bpq_dat...')
#1 C:\xampp\htdocs\cbms\vendor\codeigniter4\framework\system\Database\BaseConnection.php(738): CodeIgniter\Database\MySQLi\Connection->execute('UPDATE `bpq_dat...')
#2 C:\xampp\htdocs\cbms\vendor\codeigniter4\framework\system\Database\BaseConnection.php(666): CodeIgniter\Database\BaseConnection->simpleQuery('UPDATE `bpq_dat...')
#3 C:\xampp\htdocs\cbms\vendor\codeigniter4\framework\system\Database\BaseBuilder.php(2410): CodeIgniter\Database\BaseConnection->query('UPDATE `bpq_dat...', Array, false)
#4 C:\xampp\htdocs\cbms\app\Controllers\Personnel.php(50): CodeIgniter\Database\BaseBuilder->update(Array)
#5 C:\xampp\htdocs\cbms\vendor\codeigniter4\framework\system\CodeIgniter.php(910): App\Controllers\Personnel->save_questionnaire()
#6 C:\xampp\htdocs\cbms\vendor\codeigniter4\framework\system\CodeIgniter.php(398): CodeIgniter\CodeIgniter->runController(Object(App\Controllers\Personnel))
#7 C:\xampp\htdocs\cbms\vendor\codeigniter4\framework\system\CodeIgniter.php(306): CodeIgniter\CodeIgniter->handleRequest(NULL, Object(Config\Cache), false)
#8 C:\xampp\htdocs\cbms\public\index.php(45): CodeIgniter\CodeIgniter->run()
#9 C:\xampp\htdocs\cbms\vendor\codeigniter4\framework\system\Commands\Server\rewrite.php(34): require_once('C:\\xampp\\htdocs...')
#10 {main}
CRITICAL - 2021-03-03 23:31:49 --> Unknown column 'mytext' in 'field list'
#0 C:\xampp\htdocs\cbms\vendor\codeigniter4\framework\system\Database\MySQLi\Connection.php(330): mysqli->query('UPDATE `bpq_dat...')
#1 C:\xampp\htdocs\cbms\vendor\codeigniter4\framework\system\Database\BaseConnection.php(738): CodeIgniter\Database\MySQLi\Connection->execute('UPDATE `bpq_dat...')
#2 C:\xampp\htdocs\cbms\vendor\codeigniter4\framework\system\Database\BaseConnection.php(666): CodeIgniter\Database\BaseConnection->simpleQuery('UPDATE `bpq_dat...')
#3 C:\xampp\htdocs\cbms\vendor\codeigniter4\framework\system\Database\BaseBuilder.php(2410): CodeIgniter\Database\BaseConnection->query('UPDATE `bpq_dat...', Array, false)
#4 C:\xampp\htdocs\cbms\app\Controllers\Personnel.php(50): CodeIgniter\Database\BaseBuilder->update(Array)
#5 C:\xampp\htdocs\cbms\vendor\codeigniter4\framework\system\CodeIgniter.php(910): App\Controllers\Personnel->save_questionnaire()
#6 C:\xampp\htdocs\cbms\vendor\codeigniter4\framework\system\CodeIgniter.php(398): CodeIgniter\CodeIgniter->runController(Object(App\Controllers\Personnel))
#7 C:\xampp\htdocs\cbms\vendor\codeigniter4\framework\system\CodeIgniter.php(306): CodeIgniter\CodeIgniter->handleRequest(NULL, Object(Config\Cache), false)
#8 C:\xampp\htdocs\cbms\public\index.php(45): CodeIgniter\CodeIgniter->run()
#9 C:\xampp\htdocs\cbms\vendor\codeigniter4\framework\system\Commands\Server\rewrite.php(34): require_once('C:\\xampp\\htdocs...')
#10 {main}
