CRITICAL - 2021-02-01 18:50:07 --> Undefined offset: 0
#0 C:\xampp\htdocs\caf\app\Controllers\Dashboard.php(185): CodeIgniter\Debug\Exceptions->errorHandler(8, 'Undefined offse...', 'C:\\xampp\\htdocs...', 185, Array)
#1 C:\xampp\htdocs\caf\vendor\codeigniter4\framework\system\CodeIgniter.php(910): App\Controllers\Dashboard->sendMail()
#2 C:\xampp\htdocs\caf\vendor\codeigniter4\framework\system\CodeIgniter.php(398): CodeIgniter\CodeIgniter->runController(Object(App\Controllers\Dashboard))
#3 C:\xampp\htdocs\caf\vendor\codeigniter4\framework\system\CodeIgniter.php(306): CodeIgniter\CodeIgniter->handleRequest(NULL, Object(Config\Cache), false)
#4 C:\xampp\htdocs\caf\public\index.php(45): CodeIgniter\CodeIgniter->run()
#5 C:\xampp\htdocs\caf\vendor\codeigniter4\framework\system\Commands\Server\rewrite.php(34): require_once('C:\\xampp\\htdocs...')
#6 {main}
CRITICAL - 2021-02-01 18:50:24 --> Undefined offset: 0
#0 C:\xampp\htdocs\caf\app\Models\Personnel_m.php(149): CodeIgniter\Debug\Exceptions->errorHandler(8, 'Undefined offse...', 'C:\\xampp\\htdocs...', 149, Array)
#1 C:\xampp\htdocs\caf\app\Controllers\Dashboard.php(136): App\Models\Personnel_m->delete_users('[]', Array)
#2 C:\xampp\htdocs\caf\vendor\codeigniter4\framework\system\CodeIgniter.php(910): App\Controllers\Dashboard->delete_users()
#3 C:\xampp\htdocs\caf\vendor\codeigniter4\framework\system\CodeIgniter.php(398): CodeIgniter\CodeIgniter->runController(Object(App\Controllers\Dashboard))
#4 C:\xampp\htdocs\caf\vendor\codeigniter4\framework\system\CodeIgniter.php(306): CodeIgniter\CodeIgniter->handleRequest(NULL, Object(Config\Cache), false)
#5 C:\xampp\htdocs\caf\public\index.php(45): CodeIgniter\CodeIgniter->run()
#6 C:\xampp\htdocs\caf\vendor\codeigniter4\framework\system\Commands\Server\rewrite.php(34): require_once('C:\\xampp\\htdocs...')
#7 {main}
CRITICAL - 2021-02-01 20:03:42 --> sizeof(): Parameter must be an array or an object that implements Countable
#0 [internal function]: CodeIgniter\Debug\Exceptions->errorHandler(2, 'sizeof(): Param...', 'C:\\xampp\\htdocs...', 191, Array)
#1 C:\xampp\htdocs\caf\app\Controllers\Dashboard.php(191): sizeof('christopherbasi...')
#2 C:\xampp\htdocs\caf\vendor\codeigniter4\framework\system\CodeIgniter.php(910): App\Controllers\Dashboard->sendMail()
#3 C:\xampp\htdocs\caf\vendor\codeigniter4\framework\system\CodeIgniter.php(398): CodeIgniter\CodeIgniter->runController(Object(App\Controllers\Dashboard))
#4 C:\xampp\htdocs\caf\vendor\codeigniter4\framework\system\CodeIgniter.php(306): CodeIgniter\CodeIgniter->handleRequest(NULL, Object(Config\Cache), false)
#5 C:\xampp\htdocs\caf\public\index.php(45): CodeIgniter\CodeIgniter->run()
#6 C:\xampp\htdocs\caf\vendor\codeigniter4\framework\system\Commands\Server\rewrite.php(34): require_once('C:\\xampp\\htdocs...')
#7 {main}
CRITICAL - 2021-02-01 20:32:37 --> Call to undefined function App\Controllers\update_email_status()
#0 C:\xampp\htdocs\caf\vendor\codeigniter4\framework\system\CodeIgniter.php(910): App\Controllers\Dashboard->sendMail()
#1 C:\xampp\htdocs\caf\vendor\codeigniter4\framework\system\CodeIgniter.php(398): CodeIgniter\CodeIgniter->runController(Object(App\Controllers\Dashboard))
#2 C:\xampp\htdocs\caf\vendor\codeigniter4\framework\system\CodeIgniter.php(306): CodeIgniter\CodeIgniter->handleRequest(NULL, Object(Config\Cache), false)
#3 C:\xampp\htdocs\caf\public\index.php(45): CodeIgniter\CodeIgniter->run()
#4 C:\xampp\htdocs\caf\vendor\codeigniter4\framework\system\Commands\Server\rewrite.php(34): require_once('C:\\xampp\\htdocs...')
#5 {main}
CRITICAL - 2021-02-01 20:38:13 --> Undefined offset: 0
#0 C:\xampp\htdocs\caf\app\Controllers\Dashboard.php(187): CodeIgniter\Debug\Exceptions->errorHandler(8, 'Undefined offse...', 'C:\\xampp\\htdocs...', 187, Array)
#1 C:\xampp\htdocs\caf\vendor\codeigniter4\framework\system\CodeIgniter.php(910): App\Controllers\Dashboard->sendMail()
#2 C:\xampp\htdocs\caf\vendor\codeigniter4\framework\system\CodeIgniter.php(398): CodeIgniter\CodeIgniter->runController(Object(App\Controllers\Dashboard))
#3 C:\xampp\htdocs\caf\vendor\codeigniter4\framework\system\CodeIgniter.php(306): CodeIgniter\CodeIgniter->handleRequest(NULL, Object(Config\Cache), false)
#4 C:\xampp\htdocs\caf\public\index.php(45): CodeIgniter\CodeIgniter->run()
#5 C:\xampp\htdocs\caf\vendor\codeigniter4\framework\system\Commands\Server\rewrite.php(34): require_once('C:\\xampp\\htdocs...')
#6 {main}
CRITICAL - 2021-02-01 20:38:34 --> Undefined offset: 0
#0 C:\xampp\htdocs\caf\app\Controllers\Dashboard.php(187): CodeIgniter\Debug\Exceptions->errorHandler(8, 'Undefined offse...', 'C:\\xampp\\htdocs...', 187, Array)
#1 C:\xampp\htdocs\caf\vendor\codeigniter4\framework\system\CodeIgniter.php(910): App\Controllers\Dashboard->sendMail()
#2 C:\xampp\htdocs\caf\vendor\codeigniter4\framework\system\CodeIgniter.php(398): CodeIgniter\CodeIgniter->runController(Object(App\Controllers\Dashboard))
#3 C:\xampp\htdocs\caf\vendor\codeigniter4\framework\system\CodeIgniter.php(306): CodeIgniter\CodeIgniter->handleRequest(NULL, Object(Config\Cache), false)
#4 C:\xampp\htdocs\caf\public\index.php(45): CodeIgniter\CodeIgniter->run()
#5 C:\xampp\htdocs\caf\vendor\codeigniter4\framework\system\Commands\Server\rewrite.php(34): require_once('C:\\xampp\\htdocs...')
#6 {main}
CRITICAL - 2021-02-01 20:38:59 --> Undefined offset: 0
#0 C:\xampp\htdocs\caf\app\Models\Personnel_m.php(149): CodeIgniter\Debug\Exceptions->errorHandler(8, 'Undefined offse...', 'C:\\xampp\\htdocs...', 149, Array)
#1 C:\xampp\htdocs\caf\app\Controllers\Dashboard.php(136): App\Models\Personnel_m->delete_users('[]', Array)
#2 C:\xampp\htdocs\caf\vendor\codeigniter4\framework\system\CodeIgniter.php(910): App\Controllers\Dashboard->delete_users()
#3 C:\xampp\htdocs\caf\vendor\codeigniter4\framework\system\CodeIgniter.php(398): CodeIgniter\CodeIgniter->runController(Object(App\Controllers\Dashboard))
#4 C:\xampp\htdocs\caf\vendor\codeigniter4\framework\system\CodeIgniter.php(306): CodeIgniter\CodeIgniter->handleRequest(NULL, Object(Config\Cache), false)
#5 C:\xampp\htdocs\caf\public\index.php(45): CodeIgniter\CodeIgniter->run()
#6 C:\xampp\htdocs\caf\vendor\codeigniter4\framework\system\Commands\Server\rewrite.php(34): require_once('C:\\xampp\\htdocs...')
#7 {main}
CRITICAL - 2021-02-01 20:39:09 --> Undefined offset: 0
#0 C:\xampp\htdocs\caf\app\Controllers\Dashboard.php(187): CodeIgniter\Debug\Exceptions->errorHandler(8, 'Undefined offse...', 'C:\\xampp\\htdocs...', 187, Array)
#1 C:\xampp\htdocs\caf\vendor\codeigniter4\framework\system\CodeIgniter.php(910): App\Controllers\Dashboard->sendMail()
#2 C:\xampp\htdocs\caf\vendor\codeigniter4\framework\system\CodeIgniter.php(398): CodeIgniter\CodeIgniter->runController(Object(App\Controllers\Dashboard))
#3 C:\xampp\htdocs\caf\vendor\codeigniter4\framework\system\CodeIgniter.php(306): CodeIgniter\CodeIgniter->handleRequest(NULL, Object(Config\Cache), false)
#4 C:\xampp\htdocs\caf\public\index.php(45): CodeIgniter\CodeIgniter->run()
#5 C:\xampp\htdocs\caf\vendor\codeigniter4\framework\system\Commands\Server\rewrite.php(34): require_once('C:\\xampp\\htdocs...')
#6 {main}
CRITICAL - 2021-02-01 20:49:33 --> Undefined offset: 0
#0 C:\xampp\htdocs\caf\app\Controllers\Dashboard.php(310): CodeIgniter\Debug\Exceptions->errorHandler(8, 'Undefined offse...', 'C:\\xampp\\htdocs...', 310, Array)
#1 C:\xampp\htdocs\caf\vendor\codeigniter4\framework\system\CodeIgniter.php(910): App\Controllers\Dashboard->sendMail_follow_up()
#2 C:\xampp\htdocs\caf\vendor\codeigniter4\framework\system\CodeIgniter.php(398): CodeIgniter\CodeIgniter->runController(Object(App\Controllers\Dashboard))
#3 C:\xampp\htdocs\caf\vendor\codeigniter4\framework\system\CodeIgniter.php(306): CodeIgniter\CodeIgniter->handleRequest(NULL, Object(Config\Cache), false)
#4 C:\xampp\htdocs\caf\public\index.php(45): CodeIgniter\CodeIgniter->run()
#5 C:\xampp\htdocs\caf\vendor\codeigniter4\framework\system\Commands\Server\rewrite.php(34): require_once('C:\\xampp\\htdocs...')
#6 {main}
CRITICAL - 2021-02-01 20:50:40 --> Undefined offset: 0
#0 C:\xampp\htdocs\caf\app\Controllers\Dashboard.php(187): CodeIgniter\Debug\Exceptions->errorHandler(8, 'Undefined offse...', 'C:\\xampp\\htdocs...', 187, Array)
#1 C:\xampp\htdocs\caf\vendor\codeigniter4\framework\system\CodeIgniter.php(910): App\Controllers\Dashboard->sendMail()
#2 C:\xampp\htdocs\caf\vendor\codeigniter4\framework\system\CodeIgniter.php(398): CodeIgniter\CodeIgniter->runController(Object(App\Controllers\Dashboard))
#3 C:\xampp\htdocs\caf\vendor\codeigniter4\framework\system\CodeIgniter.php(306): CodeIgniter\CodeIgniter->handleRequest(NULL, Object(Config\Cache), false)
#4 C:\xampp\htdocs\caf\public\index.php(45): CodeIgniter\CodeIgniter->run()
#5 C:\xampp\htdocs\caf\vendor\codeigniter4\framework\system\Commands\Server\rewrite.php(34): require_once('C:\\xampp\\htdocs...')
#6 {main}
CRITICAL - 2021-02-01 20:50:45 --> Undefined offset: 0
#0 C:\xampp\htdocs\caf\app\Controllers\Dashboard.php(310): CodeIgniter\Debug\Exceptions->errorHandler(8, 'Undefined offse...', 'C:\\xampp\\htdocs...', 310, Array)
#1 C:\xampp\htdocs\caf\vendor\codeigniter4\framework\system\CodeIgniter.php(910): App\Controllers\Dashboard->sendMail_follow_up()
#2 C:\xampp\htdocs\caf\vendor\codeigniter4\framework\system\CodeIgniter.php(398): CodeIgniter\CodeIgniter->runController(Object(App\Controllers\Dashboard))
#3 C:\xampp\htdocs\caf\vendor\codeigniter4\framework\system\CodeIgniter.php(306): CodeIgniter\CodeIgniter->handleRequest(NULL, Object(Config\Cache), false)
#4 C:\xampp\htdocs\caf\public\index.php(45): CodeIgniter\CodeIgniter->run()
#5 C:\xampp\htdocs\caf\vendor\codeigniter4\framework\system\Commands\Server\rewrite.php(34): require_once('C:\\xampp\\htdocs...')
#6 {main}
CRITICAL - 2021-02-01 20:50:55 --> Undefined offset: 0
#0 C:\xampp\htdocs\caf\app\Models\Personnel_m.php(149): CodeIgniter\Debug\Exceptions->errorHandler(8, 'Undefined offse...', 'C:\\xampp\\htdocs...', 149, Array)
#1 C:\xampp\htdocs\caf\app\Controllers\Dashboard.php(136): App\Models\Personnel_m->delete_users('[]', Array)
#2 C:\xampp\htdocs\caf\vendor\codeigniter4\framework\system\CodeIgniter.php(910): App\Controllers\Dashboard->delete_users()
#3 C:\xampp\htdocs\caf\vendor\codeigniter4\framework\system\CodeIgniter.php(398): CodeIgniter\CodeIgniter->runController(Object(App\Controllers\Dashboard))
#4 C:\xampp\htdocs\caf\vendor\codeigniter4\framework\system\CodeIgniter.php(306): CodeIgniter\CodeIgniter->handleRequest(NULL, Object(Config\Cache), false)
#5 C:\xampp\htdocs\caf\public\index.php(45): CodeIgniter\CodeIgniter->run()
#6 C:\xampp\htdocs\caf\vendor\codeigniter4\framework\system\Commands\Server\rewrite.php(34): require_once('C:\\xampp\\htdocs...')
#7 {main}
CRITICAL - 2021-02-01 20:54:23 --> Undefined offset: 0
#0 C:\xampp\htdocs\caf\app\Controllers\Dashboard.php(187): CodeIgniter\Debug\Exceptions->errorHandler(8, 'Undefined offse...', 'C:\\xampp\\htdocs...', 187, Array)
#1 C:\xampp\htdocs\caf\vendor\codeigniter4\framework\system\CodeIgniter.php(910): App\Controllers\Dashboard->sendMail()
#2 C:\xampp\htdocs\caf\vendor\codeigniter4\framework\system\CodeIgniter.php(398): CodeIgniter\CodeIgniter->runController(Object(App\Controllers\Dashboard))
#3 C:\xampp\htdocs\caf\vendor\codeigniter4\framework\system\CodeIgniter.php(306): CodeIgniter\CodeIgniter->handleRequest(NULL, Object(Config\Cache), false)
#4 C:\xampp\htdocs\caf\public\index.php(45): CodeIgniter\CodeIgniter->run()
#5 C:\xampp\htdocs\caf\vendor\codeigniter4\framework\system\Commands\Server\rewrite.php(34): require_once('C:\\xampp\\htdocs...')
#6 {main}
CRITICAL - 2021-02-01 20:54:28 --> Undefined offset: 0
#0 C:\xampp\htdocs\caf\app\Controllers\Dashboard.php(310): CodeIgniter\Debug\Exceptions->errorHandler(8, 'Undefined offse...', 'C:\\xampp\\htdocs...', 310, Array)
#1 C:\xampp\htdocs\caf\vendor\codeigniter4\framework\system\CodeIgniter.php(910): App\Controllers\Dashboard->sendMail_follow_up()
#2 C:\xampp\htdocs\caf\vendor\codeigniter4\framework\system\CodeIgniter.php(398): CodeIgniter\CodeIgniter->runController(Object(App\Controllers\Dashboard))
#3 C:\xampp\htdocs\caf\vendor\codeigniter4\framework\system\CodeIgniter.php(306): CodeIgniter\CodeIgniter->handleRequest(NULL, Object(Config\Cache), false)
#4 C:\xampp\htdocs\caf\public\index.php(45): CodeIgniter\CodeIgniter->run()
#5 C:\xampp\htdocs\caf\vendor\codeigniter4\framework\system\Commands\Server\rewrite.php(34): require_once('C:\\xampp\\htdocs...')
#6 {main}
CRITICAL - 2021-02-01 20:54:36 --> Undefined offset: 0
#0 C:\xampp\htdocs\caf\app\Models\Personnel_m.php(149): CodeIgniter\Debug\Exceptions->errorHandler(8, 'Undefined offse...', 'C:\\xampp\\htdocs...', 149, Array)
#1 C:\xampp\htdocs\caf\app\Controllers\Dashboard.php(136): App\Models\Personnel_m->delete_users('[]', Array)
#2 C:\xampp\htdocs\caf\vendor\codeigniter4\framework\system\CodeIgniter.php(910): App\Controllers\Dashboard->delete_users()
#3 C:\xampp\htdocs\caf\vendor\codeigniter4\framework\system\CodeIgniter.php(398): CodeIgniter\CodeIgniter->runController(Object(App\Controllers\Dashboard))
#4 C:\xampp\htdocs\caf\vendor\codeigniter4\framework\system\CodeIgniter.php(306): CodeIgniter\CodeIgniter->handleRequest(NULL, Object(Config\Cache), false)
#5 C:\xampp\htdocs\caf\public\index.php(45): CodeIgniter\CodeIgniter->run()
#6 C:\xampp\htdocs\caf\vendor\codeigniter4\framework\system\Commands\Server\rewrite.php(34): require_once('C:\\xampp\\htdocs...')
#7 {main}
CRITICAL - 2021-02-01 20:58:58 --> Undefined offset: 0
#0 C:\xampp\htdocs\caf\app\Controllers\Dashboard.php(187): CodeIgniter\Debug\Exceptions->errorHandler(8, 'Undefined offse...', 'C:\\xampp\\htdocs...', 187, Array)
#1 C:\xampp\htdocs\caf\vendor\codeigniter4\framework\system\CodeIgniter.php(910): App\Controllers\Dashboard->sendMail()
#2 C:\xampp\htdocs\caf\vendor\codeigniter4\framework\system\CodeIgniter.php(398): CodeIgniter\CodeIgniter->runController(Object(App\Controllers\Dashboard))
#3 C:\xampp\htdocs\caf\vendor\codeigniter4\framework\system\CodeIgniter.php(306): CodeIgniter\CodeIgniter->handleRequest(NULL, Object(Config\Cache), false)
#4 C:\xampp\htdocs\caf\public\index.php(45): CodeIgniter\CodeIgniter->run()
#5 C:\xampp\htdocs\caf\vendor\codeigniter4\framework\system\Commands\Server\rewrite.php(34): require_once('C:\\xampp\\htdocs...')
#6 {main}
CRITICAL - 2021-02-01 20:59:00 --> Undefined offset: 0
#0 C:\xampp\htdocs\caf\app\Controllers\Dashboard.php(310): CodeIgniter\Debug\Exceptions->errorHandler(8, 'Undefined offse...', 'C:\\xampp\\htdocs...', 310, Array)
#1 C:\xampp\htdocs\caf\vendor\codeigniter4\framework\system\CodeIgniter.php(910): App\Controllers\Dashboard->sendMail_follow_up()
#2 C:\xampp\htdocs\caf\vendor\codeigniter4\framework\system\CodeIgniter.php(398): CodeIgniter\CodeIgniter->runController(Object(App\Controllers\Dashboard))
#3 C:\xampp\htdocs\caf\vendor\codeigniter4\framework\system\CodeIgniter.php(306): CodeIgniter\CodeIgniter->handleRequest(NULL, Object(Config\Cache), false)
#4 C:\xampp\htdocs\caf\public\index.php(45): CodeIgniter\CodeIgniter->run()
#5 C:\xampp\htdocs\caf\vendor\codeigniter4\framework\system\Commands\Server\rewrite.php(34): require_once('C:\\xampp\\htdocs...')
#6 {main}
CRITICAL - 2021-02-01 20:59:48 --> Undefined offset: 0
#0 C:\xampp\htdocs\caf\app\Models\Personnel_m.php(149): CodeIgniter\Debug\Exceptions->errorHandler(8, 'Undefined offse...', 'C:\\xampp\\htdocs...', 149, Array)
#1 C:\xampp\htdocs\caf\app\Controllers\Dashboard.php(136): App\Models\Personnel_m->delete_users('[]', Array)
#2 C:\xampp\htdocs\caf\vendor\codeigniter4\framework\system\CodeIgniter.php(910): App\Controllers\Dashboard->delete_users()
#3 C:\xampp\htdocs\caf\vendor\codeigniter4\framework\system\CodeIgniter.php(398): CodeIgniter\CodeIgniter->runController(Object(App\Controllers\Dashboard))
#4 C:\xampp\htdocs\caf\vendor\codeigniter4\framework\system\CodeIgniter.php(306): CodeIgniter\CodeIgniter->handleRequest(NULL, Object(Config\Cache), false)
#5 C:\xampp\htdocs\caf\public\index.php(45): CodeIgniter\CodeIgniter->run()
#6 C:\xampp\htdocs\caf\vendor\codeigniter4\framework\system\Commands\Server\rewrite.php(34): require_once('C:\\xampp\\htdocs...')
#7 {main}
CRITICAL - 2021-02-01 21:14:18 --> Undefined offset: 5
#0 C:\xampp\htdocs\caf\vendor\monken\tablesigniter\src\TablesIgniter.php(154): CodeIgniter\Debug\Exceptions->errorHandler(8, 'Undefined offse...', 'C:\\xampp\\htdocs...', 154, Array)
#1 C:\xampp\htdocs\caf\vendor\monken\tablesigniter\src\TablesIgniter.php(112): monken\TablesIgniter->extraConfig(Object(CodeIgniter\Database\MySQLi\Builder))
#2 C:\xampp\htdocs\caf\vendor\monken\tablesigniter\src\TablesIgniter.php(184): monken\TablesIgniter->getQuery()
#3 C:\xampp\htdocs\caf\app\Controllers\Dashboard.php(115): monken\TablesIgniter->getDatatable()
#4 C:\xampp\htdocs\caf\vendor\codeigniter4\framework\system\CodeIgniter.php(910): App\Controllers\Dashboard->fetch_all()
#5 C:\xampp\htdocs\caf\vendor\codeigniter4\framework\system\CodeIgniter.php(398): CodeIgniter\CodeIgniter->runController(Object(App\Controllers\Dashboard))
#6 C:\xampp\htdocs\caf\vendor\codeigniter4\framework\system\CodeIgniter.php(306): CodeIgniter\CodeIgniter->handleRequest(NULL, Object(Config\Cache), false)
#7 C:\xampp\htdocs\caf\public\index.php(45): CodeIgniter\CodeIgniter->run()
#8 C:\xampp\htdocs\caf\vendor\codeigniter4\framework\system\Commands\Server\rewrite.php(34): require_once('C:\\xampp\\htdocs...')
#9 {main}
CRITICAL - 2021-02-01 21:40:32 --> Undefined offset: 0
#0 C:\xampp\htdocs\caf\app\Controllers\Dashboard.php(187): CodeIgniter\Debug\Exceptions->errorHandler(8, 'Undefined offse...', 'C:\\xampp\\htdocs...', 187, Array)
#1 C:\xampp\htdocs\caf\vendor\codeigniter4\framework\system\CodeIgniter.php(910): App\Controllers\Dashboard->sendMail()
#2 C:\xampp\htdocs\caf\vendor\codeigniter4\framework\system\CodeIgniter.php(398): CodeIgniter\CodeIgniter->runController(Object(App\Controllers\Dashboard))
#3 C:\xampp\htdocs\caf\vendor\codeigniter4\framework\system\CodeIgniter.php(306): CodeIgniter\CodeIgniter->handleRequest(NULL, Object(Config\Cache), false)
#4 C:\xampp\htdocs\caf\public\index.php(45): CodeIgniter\CodeIgniter->run()
#5 C:\xampp\htdocs\caf\vendor\codeigniter4\framework\system\Commands\Server\rewrite.php(34): require_once('C:\\xampp\\htdocs...')
#6 {main}
CRITICAL - 2021-02-01 21:40:35 --> Undefined offset: 0
#0 C:\xampp\htdocs\caf\app\Controllers\Dashboard.php(310): CodeIgniter\Debug\Exceptions->errorHandler(8, 'Undefined offse...', 'C:\\xampp\\htdocs...', 310, Array)
#1 C:\xampp\htdocs\caf\vendor\codeigniter4\framework\system\CodeIgniter.php(910): App\Controllers\Dashboard->sendMail_follow_up()
#2 C:\xampp\htdocs\caf\vendor\codeigniter4\framework\system\CodeIgniter.php(398): CodeIgniter\CodeIgniter->runController(Object(App\Controllers\Dashboard))
#3 C:\xampp\htdocs\caf\vendor\codeigniter4\framework\system\CodeIgniter.php(306): CodeIgniter\CodeIgniter->handleRequest(NULL, Object(Config\Cache), false)
#4 C:\xampp\htdocs\caf\public\index.php(45): CodeIgniter\CodeIgniter->run()
#5 C:\xampp\htdocs\caf\vendor\codeigniter4\framework\system\Commands\Server\rewrite.php(34): require_once('C:\\xampp\\htdocs...')
#6 {main}
