CRITICAL - 2021-02-05 00:07:44 --> Undefined offset: 8
#0 C:\xampp\htdocs\caf\vendor\monken\tablesigniter\src\TablesIgniter.php(154): CodeIgniter\Debug\Exceptions->errorHandler(8, 'Undefined offse...', 'C:\\xampp\\htdocs...', 154, Array)
#1 C:\xampp\htdocs\caf\vendor\monken\tablesigniter\src\TablesIgniter.php(112): monken\TablesIgniter->extraConfig(Object(CodeIgniter\Database\MySQLi\Builder))
#2 C:\xampp\htdocs\caf\vendor\monken\tablesigniter\src\TablesIgniter.php(184): monken\TablesIgniter->getQuery()
#3 C:\xampp\htdocs\caf\app\Controllers\Dashboard.php(133): monken\TablesIgniter->getDatatable()
#4 C:\xampp\htdocs\caf\vendor\codeigniter4\framework\system\CodeIgniter.php(910): App\Controllers\Dashboard->fetch_all()
#5 C:\xampp\htdocs\caf\vendor\codeigniter4\framework\system\CodeIgniter.php(398): CodeIgniter\CodeIgniter->runController(Object(App\Controllers\Dashboard))
#6 C:\xampp\htdocs\caf\vendor\codeigniter4\framework\system\CodeIgniter.php(306): CodeIgniter\CodeIgniter->handleRequest(NULL, Object(Config\Cache), false)
#7 C:\xampp\htdocs\caf\public\index.php(45): CodeIgniter\CodeIgniter->run()
#8 C:\xampp\htdocs\caf\vendor\codeigniter4\framework\system\Commands\Server\rewrite.php(34): require_once('C:\\xampp\\htdocs...')
#9 {main}
CRITICAL - 2021-02-05 00:13:23 --> Undefined offset: 4
#0 C:\xampp\htdocs\caf\vendor\monken\tablesigniter\src\TablesIgniter.php(154): CodeIgniter\Debug\Exceptions->errorHandler(8, 'Undefined offse...', 'C:\\xampp\\htdocs...', 154, Array)
#1 C:\xampp\htdocs\caf\vendor\monken\tablesigniter\src\TablesIgniter.php(112): monken\TablesIgniter->extraConfig(Object(CodeIgniter\Database\MySQLi\Builder))
#2 C:\xampp\htdocs\caf\vendor\monken\tablesigniter\src\TablesIgniter.php(184): monken\TablesIgniter->getQuery()
#3 C:\xampp\htdocs\caf\app\Controllers\Dashboard.php(133): monken\TablesIgniter->getDatatable()
#4 C:\xampp\htdocs\caf\vendor\codeigniter4\framework\system\CodeIgniter.php(910): App\Controllers\Dashboard->fetch_all()
#5 C:\xampp\htdocs\caf\vendor\codeigniter4\framework\system\CodeIgniter.php(398): CodeIgniter\CodeIgniter->runController(Object(App\Controllers\Dashboard))
#6 C:\xampp\htdocs\caf\vendor\codeigniter4\framework\system\CodeIgniter.php(306): CodeIgniter\CodeIgniter->handleRequest(NULL, Object(Config\Cache), false)
#7 C:\xampp\htdocs\caf\public\index.php(45): CodeIgniter\CodeIgniter->run()
#8 C:\xampp\htdocs\caf\vendor\codeigniter4\framework\system\Commands\Server\rewrite.php(34): require_once('C:\\xampp\\htdocs...')
#9 {main}
CRITICAL - 2021-02-05 00:13:27 --> Undefined offset: 4
#0 C:\xampp\htdocs\caf\vendor\monken\tablesigniter\src\TablesIgniter.php(154): CodeIgniter\Debug\Exceptions->errorHandler(8, 'Undefined offse...', 'C:\\xampp\\htdocs...', 154, Array)
#1 C:\xampp\htdocs\caf\vendor\monken\tablesigniter\src\TablesIgniter.php(112): monken\TablesIgniter->extraConfig(Object(CodeIgniter\Database\MySQLi\Builder))
#2 C:\xampp\htdocs\caf\vendor\monken\tablesigniter\src\TablesIgniter.php(184): monken\TablesIgniter->getQuery()
#3 C:\xampp\htdocs\caf\app\Controllers\Dashboard.php(133): monken\TablesIgniter->getDatatable()
#4 C:\xampp\htdocs\caf\vendor\codeigniter4\framework\system\CodeIgniter.php(910): App\Controllers\Dashboard->fetch_all()
#5 C:\xampp\htdocs\caf\vendor\codeigniter4\framework\system\CodeIgniter.php(398): CodeIgniter\CodeIgniter->runController(Object(App\Controllers\Dashboard))
#6 C:\xampp\htdocs\caf\vendor\codeigniter4\framework\system\CodeIgniter.php(306): CodeIgniter\CodeIgniter->handleRequest(NULL, Object(Config\Cache), false)
#7 C:\xampp\htdocs\caf\public\index.php(45): CodeIgniter\CodeIgniter->run()
#8 C:\xampp\htdocs\caf\vendor\codeigniter4\framework\system\Commands\Server\rewrite.php(34): require_once('C:\\xampp\\htdocs...')
#9 {main}
CRITICAL - 2021-02-05 00:13:30 --> Undefined offset: 5
#0 C:\xampp\htdocs\caf\vendor\monken\tablesigniter\src\TablesIgniter.php(154): CodeIgniter\Debug\Exceptions->errorHandler(8, 'Undefined offse...', 'C:\\xampp\\htdocs...', 154, Array)
#1 C:\xampp\htdocs\caf\vendor\monken\tablesigniter\src\TablesIgniter.php(112): monken\TablesIgniter->extraConfig(Object(CodeIgniter\Database\MySQLi\Builder))
#2 C:\xampp\htdocs\caf\vendor\monken\tablesigniter\src\TablesIgniter.php(184): monken\TablesIgniter->getQuery()
#3 C:\xampp\htdocs\caf\app\Controllers\Dashboard.php(133): monken\TablesIgniter->getDatatable()
#4 C:\xampp\htdocs\caf\vendor\codeigniter4\framework\system\CodeIgniter.php(910): App\Controllers\Dashboard->fetch_all()
#5 C:\xampp\htdocs\caf\vendor\codeigniter4\framework\system\CodeIgniter.php(398): CodeIgniter\CodeIgniter->runController(Object(App\Controllers\Dashboard))
#6 C:\xampp\htdocs\caf\vendor\codeigniter4\framework\system\CodeIgniter.php(306): CodeIgniter\CodeIgniter->handleRequest(NULL, Object(Config\Cache), false)
#7 C:\xampp\htdocs\caf\public\index.php(45): CodeIgniter\CodeIgniter->run()
#8 C:\xampp\htdocs\caf\vendor\codeigniter4\framework\system\Commands\Server\rewrite.php(34): require_once('C:\\xampp\\htdocs...')
#9 {main}
CRITICAL - 2021-02-05 00:13:31 --> Undefined offset: 5
#0 C:\xampp\htdocs\caf\vendor\monken\tablesigniter\src\TablesIgniter.php(154): CodeIgniter\Debug\Exceptions->errorHandler(8, 'Undefined offse...', 'C:\\xampp\\htdocs...', 154, Array)
#1 C:\xampp\htdocs\caf\vendor\monken\tablesigniter\src\TablesIgniter.php(112): monken\TablesIgniter->extraConfig(Object(CodeIgniter\Database\MySQLi\Builder))
#2 C:\xampp\htdocs\caf\vendor\monken\tablesigniter\src\TablesIgniter.php(184): monken\TablesIgniter->getQuery()
#3 C:\xampp\htdocs\caf\app\Controllers\Dashboard.php(133): monken\TablesIgniter->getDatatable()
#4 C:\xampp\htdocs\caf\vendor\codeigniter4\framework\system\CodeIgniter.php(910): App\Controllers\Dashboard->fetch_all()
#5 C:\xampp\htdocs\caf\vendor\codeigniter4\framework\system\CodeIgniter.php(398): CodeIgniter\CodeIgniter->runController(Object(App\Controllers\Dashboard))
#6 C:\xampp\htdocs\caf\vendor\codeigniter4\framework\system\CodeIgniter.php(306): CodeIgniter\CodeIgniter->handleRequest(NULL, Object(Config\Cache), false)
#7 C:\xampp\htdocs\caf\public\index.php(45): CodeIgniter\CodeIgniter->run()
#8 C:\xampp\htdocs\caf\vendor\codeigniter4\framework\system\Commands\Server\rewrite.php(34): require_once('C:\\xampp\\htdocs...')
#9 {main}
CRITICAL - 2021-02-05 00:13:33 --> Undefined offset: 6
#0 C:\xampp\htdocs\caf\vendor\monken\tablesigniter\src\TablesIgniter.php(154): CodeIgniter\Debug\Exceptions->errorHandler(8, 'Undefined offse...', 'C:\\xampp\\htdocs...', 154, Array)
#1 C:\xampp\htdocs\caf\vendor\monken\tablesigniter\src\TablesIgniter.php(112): monken\TablesIgniter->extraConfig(Object(CodeIgniter\Database\MySQLi\Builder))
#2 C:\xampp\htdocs\caf\vendor\monken\tablesigniter\src\TablesIgniter.php(184): monken\TablesIgniter->getQuery()
#3 C:\xampp\htdocs\caf\app\Controllers\Dashboard.php(133): monken\TablesIgniter->getDatatable()
#4 C:\xampp\htdocs\caf\vendor\codeigniter4\framework\system\CodeIgniter.php(910): App\Controllers\Dashboard->fetch_all()
#5 C:\xampp\htdocs\caf\vendor\codeigniter4\framework\system\CodeIgniter.php(398): CodeIgniter\CodeIgniter->runController(Object(App\Controllers\Dashboard))
#6 C:\xampp\htdocs\caf\vendor\codeigniter4\framework\system\CodeIgniter.php(306): CodeIgniter\CodeIgniter->handleRequest(NULL, Object(Config\Cache), false)
#7 C:\xampp\htdocs\caf\public\index.php(45): CodeIgniter\CodeIgniter->run()
#8 C:\xampp\htdocs\caf\vendor\codeigniter4\framework\system\Commands\Server\rewrite.php(34): require_once('C:\\xampp\\htdocs...')
#9 {main}
CRITICAL - 2021-02-05 00:21:45 --> Undefined offset: 0
#0 C:\xampp\htdocs\caf\app\Controllers\Dashboard.php(215): CodeIgniter\Debug\Exceptions->errorHandler(8, 'Undefined offse...', 'C:\\xampp\\htdocs...', 215, Array)
#1 C:\xampp\htdocs\caf\vendor\codeigniter4\framework\system\CodeIgniter.php(910): App\Controllers\Dashboard->sendMail()
#2 C:\xampp\htdocs\caf\vendor\codeigniter4\framework\system\CodeIgniter.php(398): CodeIgniter\CodeIgniter->runController(Object(App\Controllers\Dashboard))
#3 C:\xampp\htdocs\caf\vendor\codeigniter4\framework\system\CodeIgniter.php(306): CodeIgniter\CodeIgniter->handleRequest(NULL, Object(Config\Cache), false)
#4 C:\xampp\htdocs\caf\public\index.php(45): CodeIgniter\CodeIgniter->run()
#5 C:\xampp\htdocs\caf\vendor\codeigniter4\framework\system\Commands\Server\rewrite.php(34): require_once('C:\\xampp\\htdocs...')
#6 {main}
CRITICAL - 2021-02-05 00:21:46 --> Undefined offset: 0
#0 C:\xampp\htdocs\caf\app\Controllers\Dashboard.php(351): CodeIgniter\Debug\Exceptions->errorHandler(8, 'Undefined offse...', 'C:\\xampp\\htdocs...', 351, Array)
#1 C:\xampp\htdocs\caf\vendor\codeigniter4\framework\system\CodeIgniter.php(910): App\Controllers\Dashboard->sendMail_follow_up()
#2 C:\xampp\htdocs\caf\vendor\codeigniter4\framework\system\CodeIgniter.php(398): CodeIgniter\CodeIgniter->runController(Object(App\Controllers\Dashboard))
#3 C:\xampp\htdocs\caf\vendor\codeigniter4\framework\system\CodeIgniter.php(306): CodeIgniter\CodeIgniter->handleRequest(NULL, Object(Config\Cache), false)
#4 C:\xampp\htdocs\caf\public\index.php(45): CodeIgniter\CodeIgniter->run()
#5 C:\xampp\htdocs\caf\vendor\codeigniter4\framework\system\Commands\Server\rewrite.php(34): require_once('C:\\xampp\\htdocs...')
#6 {main}
CRITICAL - 2021-02-05 00:22:41 --> Undefined offset: 0
#0 C:\xampp\htdocs\caf\app\Models\Personnel_m.php(175): CodeIgniter\Debug\Exceptions->errorHandler(8, 'Undefined offse...', 'C:\\xampp\\htdocs...', 175, Array)
#1 C:\xampp\htdocs\caf\app\Controllers\Dashboard.php(154): App\Models\Personnel_m->delete_users('[]', Array)
#2 C:\xampp\htdocs\caf\vendor\codeigniter4\framework\system\CodeIgniter.php(910): App\Controllers\Dashboard->delete_users()
#3 C:\xampp\htdocs\caf\vendor\codeigniter4\framework\system\CodeIgniter.php(398): CodeIgniter\CodeIgniter->runController(Object(App\Controllers\Dashboard))
#4 C:\xampp\htdocs\caf\vendor\codeigniter4\framework\system\CodeIgniter.php(306): CodeIgniter\CodeIgniter->handleRequest(NULL, Object(Config\Cache), false)
#5 C:\xampp\htdocs\caf\public\index.php(45): CodeIgniter\CodeIgniter->run()
#6 C:\xampp\htdocs\caf\vendor\codeigniter4\framework\system\Commands\Server\rewrite.php(34): require_once('C:\\xampp\\htdocs...')
#7 {main}
CRITICAL - 2021-02-05 00:33:10 --> Undefined offset: 0
#0 C:\xampp\htdocs\caf\app\Controllers\Dashboard.php(215): CodeIgniter\Debug\Exceptions->errorHandler(8, 'Undefined offse...', 'C:\\xampp\\htdocs...', 215, Array)
#1 C:\xampp\htdocs\caf\vendor\codeigniter4\framework\system\CodeIgniter.php(910): App\Controllers\Dashboard->sendMail()
#2 C:\xampp\htdocs\caf\vendor\codeigniter4\framework\system\CodeIgniter.php(398): CodeIgniter\CodeIgniter->runController(Object(App\Controllers\Dashboard))
#3 C:\xampp\htdocs\caf\vendor\codeigniter4\framework\system\CodeIgniter.php(306): CodeIgniter\CodeIgniter->handleRequest(NULL, Object(Config\Cache), false)
#4 C:\xampp\htdocs\caf\public\index.php(45): CodeIgniter\CodeIgniter->run()
#5 C:\xampp\htdocs\caf\vendor\codeigniter4\framework\system\Commands\Server\rewrite.php(34): require_once('C:\\xampp\\htdocs...')
#6 {main}
CRITICAL - 2021-02-05 00:33:12 --> Undefined offset: 0
#0 C:\xampp\htdocs\caf\app\Controllers\Dashboard.php(351): CodeIgniter\Debug\Exceptions->errorHandler(8, 'Undefined offse...', 'C:\\xampp\\htdocs...', 351, Array)
#1 C:\xampp\htdocs\caf\vendor\codeigniter4\framework\system\CodeIgniter.php(910): App\Controllers\Dashboard->sendMail_follow_up()
#2 C:\xampp\htdocs\caf\vendor\codeigniter4\framework\system\CodeIgniter.php(398): CodeIgniter\CodeIgniter->runController(Object(App\Controllers\Dashboard))
#3 C:\xampp\htdocs\caf\vendor\codeigniter4\framework\system\CodeIgniter.php(306): CodeIgniter\CodeIgniter->handleRequest(NULL, Object(Config\Cache), false)
#4 C:\xampp\htdocs\caf\public\index.php(45): CodeIgniter\CodeIgniter->run()
#5 C:\xampp\htdocs\caf\vendor\codeigniter4\framework\system\Commands\Server\rewrite.php(34): require_once('C:\\xampp\\htdocs...')
#6 {main}
CRITICAL - 2021-02-05 00:33:13 --> Undefined offset: 0
#0 C:\xampp\htdocs\caf\app\Models\Personnel_m.php(175): CodeIgniter\Debug\Exceptions->errorHandler(8, 'Undefined offse...', 'C:\\xampp\\htdocs...', 175, Array)
#1 C:\xampp\htdocs\caf\app\Controllers\Dashboard.php(154): App\Models\Personnel_m->delete_users('[]', Array)
#2 C:\xampp\htdocs\caf\vendor\codeigniter4\framework\system\CodeIgniter.php(910): App\Controllers\Dashboard->delete_users()
#3 C:\xampp\htdocs\caf\vendor\codeigniter4\framework\system\CodeIgniter.php(398): CodeIgniter\CodeIgniter->runController(Object(App\Controllers\Dashboard))
#4 C:\xampp\htdocs\caf\vendor\codeigniter4\framework\system\CodeIgniter.php(306): CodeIgniter\CodeIgniter->handleRequest(NULL, Object(Config\Cache), false)
#5 C:\xampp\htdocs\caf\public\index.php(45): CodeIgniter\CodeIgniter->run()
#6 C:\xampp\htdocs\caf\vendor\codeigniter4\framework\system\Commands\Server\rewrite.php(34): require_once('C:\\xampp\\htdocs...')
#7 {main}
CRITICAL - 2021-02-05 01:06:38 --> Undefined property: App\Controllers\Personnel::$output
#0 C:\xampp\htdocs\caf\app\Controllers\Personnel.php(69): CodeIgniter\Debug\Exceptions->errorHandler(8, 'Undefined prope...', 'C:\\xampp\\htdocs...', 69, Array)
#1 C:\xampp\htdocs\caf\vendor\codeigniter4\framework\system\CodeIgniter.php(910): App\Controllers\Personnel->login()
#2 C:\xampp\htdocs\caf\vendor\codeigniter4\framework\system\CodeIgniter.php(398): CodeIgniter\CodeIgniter->runController(Object(App\Controllers\Personnel))
#3 C:\xampp\htdocs\caf\vendor\codeigniter4\framework\system\CodeIgniter.php(306): CodeIgniter\CodeIgniter->handleRequest(NULL, Object(Config\Cache), false)
#4 C:\xampp\htdocs\caf\public\index.php(45): CodeIgniter\CodeIgniter->run()
#5 C:\xampp\htdocs\caf\vendor\codeigniter4\framework\system\Commands\Server\rewrite.php(34): require_once('C:\\xampp\\htdocs...')
#6 {main}
CRITICAL - 2021-02-05 01:46:18 --> Undefined index: email
#0 C:\xampp\htdocs\caf\app\Controllers\Personnel.php(58): CodeIgniter\Debug\Exceptions->errorHandler(8, 'Undefined index...', 'C:\\xampp\\htdocs...', 58, Array)
#1 C:\xampp\htdocs\caf\vendor\codeigniter4\framework\system\CodeIgniter.php(910): App\Controllers\Personnel->login()
#2 C:\xampp\htdocs\caf\vendor\codeigniter4\framework\system\CodeIgniter.php(398): CodeIgniter\CodeIgniter->runController(Object(App\Controllers\Personnel))
#3 C:\xampp\htdocs\caf\vendor\codeigniter4\framework\system\CodeIgniter.php(306): CodeIgniter\CodeIgniter->handleRequest(NULL, Object(Config\Cache), false)
#4 C:\xampp\htdocs\caf\public\index.php(45): CodeIgniter\CodeIgniter->run()
#5 C:\xampp\htdocs\caf\vendor\codeigniter4\framework\system\Commands\Server\rewrite.php(34): require_once('C:\\xampp\\htdocs...')
#6 {main}
CRITICAL - 2021-02-05 01:46:49 --> Undefined index: email
#0 C:\xampp\htdocs\caf\app\Controllers\Personnel.php(58): CodeIgniter\Debug\Exceptions->errorHandler(8, 'Undefined index...', 'C:\\xampp\\htdocs...', 58, Array)
#1 C:\xampp\htdocs\caf\vendor\codeigniter4\framework\system\CodeIgniter.php(910): App\Controllers\Personnel->login()
#2 C:\xampp\htdocs\caf\vendor\codeigniter4\framework\system\CodeIgniter.php(398): CodeIgniter\CodeIgniter->runController(Object(App\Controllers\Personnel))
#3 C:\xampp\htdocs\caf\vendor\codeigniter4\framework\system\CodeIgniter.php(306): CodeIgniter\CodeIgniter->handleRequest(NULL, Object(Config\Cache), false)
#4 C:\xampp\htdocs\caf\public\index.php(45): CodeIgniter\CodeIgniter->run()
#5 C:\xampp\htdocs\caf\vendor\codeigniter4\framework\system\Commands\Server\rewrite.php(34): require_once('C:\\xampp\\htdocs...')
#6 {main}
CRITICAL - 2021-02-05 01:47:05 --> Undefined index: email
#0 C:\xampp\htdocs\caf\app\Controllers\Personnel.php(58): CodeIgniter\Debug\Exceptions->errorHandler(8, 'Undefined index...', 'C:\\xampp\\htdocs...', 58, Array)
#1 C:\xampp\htdocs\caf\vendor\codeigniter4\framework\system\CodeIgniter.php(910): App\Controllers\Personnel->login()
#2 C:\xampp\htdocs\caf\vendor\codeigniter4\framework\system\CodeIgniter.php(398): CodeIgniter\CodeIgniter->runController(Object(App\Controllers\Personnel))
#3 C:\xampp\htdocs\caf\vendor\codeigniter4\framework\system\CodeIgniter.php(306): CodeIgniter\CodeIgniter->handleRequest(NULL, Object(Config\Cache), false)
#4 C:\xampp\htdocs\caf\public\index.php(45): CodeIgniter\CodeIgniter->run()
#5 C:\xampp\htdocs\caf\vendor\codeigniter4\framework\system\Commands\Server\rewrite.php(34): require_once('C:\\xampp\\htdocs...')
#6 {main}
CRITICAL - 2021-02-05 02:11:10 --> Undefined offset: 0
#0 C:\xampp\htdocs\caf\app\Controllers\Dashboard.php(351): CodeIgniter\Debug\Exceptions->errorHandler(8, 'Undefined offse...', 'C:\\xampp\\htdocs...', 351, Array)
#1 C:\xampp\htdocs\caf\vendor\codeigniter4\framework\system\CodeIgniter.php(910): App\Controllers\Dashboard->sendMail_follow_up()
#2 C:\xampp\htdocs\caf\vendor\codeigniter4\framework\system\CodeIgniter.php(398): CodeIgniter\CodeIgniter->runController(Object(App\Controllers\Dashboard))
#3 C:\xampp\htdocs\caf\vendor\codeigniter4\framework\system\CodeIgniter.php(306): CodeIgniter\CodeIgniter->handleRequest(NULL, Object(Config\Cache), false)
#4 C:\xampp\htdocs\caf\public\index.php(45): CodeIgniter\CodeIgniter->run()
#5 C:\xampp\htdocs\caf\vendor\codeigniter4\framework\system\Commands\Server\rewrite.php(34): require_once('C:\\xampp\\htdocs...')
#6 {main}
